4042
0 0 8 0
0 1 1 5
0 6 5 7
0 8 10 8
0 9 3 11
0 12 0 23
0 24 0 35
0 36 0 44
0 45 0 56
0 57 0 67
0 68 0 78
0 79 0 87
0 88 0 98
0 99 0 110
0 111 0 119
0 120 0 131
0 132 0 142
0 143 0 150
0 151 0 161
0 162 0 171
0 172 0 183
0 185 0 196
0 197 0 208
0 209 0 218
0 219 0 230
0 231 0 240
0 241 0 249
1 12 1 21
1 22 1 29
1 30 1 40
1 41 1 49
1 50 1 61
1 62 1 71
1 72 1 83
1 84 1 94
1 95 1 106
1 107 1 117
1 118 1 129
1 130 1 141
1 142 1 153
1 154 1 164
1 165 1 176
1 177 1 188
1 198 1 209
1 210 1 221
1 222 1 233
1 234 1 244
1 245 4 247
1 248 4 249
2 1 7 2
2 3 13 3
2 4 6 5
2 12 2 19
2 20 2 29
2 30 2 40
2 41 2 50
2 51 4 54
2 55 4 58
2 59 3 64
2 66 2 77
2 78 2 88
2 89 2 96
2 97 2 105
2 106 2 117
2 118 2 129
2 130 2 141
2 142 3 147
2 148 3 152
2 153 2 162
2 163 2 173
2 174 2 184
2 185 2 196
2 197 2 205
2 206 2 215
2 216 2 225
2 226 3 231
2 232 4 235
2 236 3 241
3 12 3 22
3 23 3 33
3 34 6 36
3 37 4 42
3 43 4 48
3 65 3 75
3 76 3 86
3 87 4 92
3 93 3 104
3 105 3 115
3 116 3 125
3 126 3 137
3 153 3 164
3 165 4 170
3 171 4 174
3 175 3 186
3 187 3 196
3 197 3 208
3 213 3 224
4 9 7 11
4 12 4 21
4 22 6 25
4 26 7 28
4 29 7 31
4 32 7 33
4 59 4 67
4 68 4 79
4 93 4 104
4 105 4 116
4 118 5 123
4 124 5 129
4 130 4 139
4 140 4 149
4 150 4 161
4 175 4 186
4 187 4 196
4 197 4 206
4 207 4 218
4 219 4 230
5 12 6 17
5 37 6 41
5 42 6 47
5 48 5 59
5 60 5 71
5 72 6 77
5 78 5 85
5 86 5 96
5 97 5 107
5 108 5 117
5 130 5 140
5 141 5 149
5 150 5 161
5 162 6 167
5 168 5 178
5 179 5 190
5 191 5 202
5 203 6 208
5 209 5 220
5 221 6 226
5 227 6 232
5 233 6 238
5 239 6 243
5 244 6 249
6 6 11 7
6 48 6 57
6 58 6 69
6 78 6 89
6 90 8 93
6 94 7 98
6 99 9 101
6 102 9 104
6 105 6 116
6 117 6 127
6 128 6 139
6 142 6 153
6 154 6 161
6 168 6 179
6 180 6 190
6 191 6 202
7 4 11 5
7 12 7 23
7 34 7 45
7 46 7 57
7 58 7 69
7 70 7 81
7 84 9 87
7 105 7 116
7 117 8 122
7 123 7 133
7 134 7 143
7 144 7 153
7 154 7 163
7 164 7 174
7 175 7 185
7 186 7 195
7 196 7 206
7 207 7 214
7 215 7 223
7 224 7 233
7 234 7 243
7 244 10 246
7 247 12 248
8 1 13 2
8 10 8 21
8 22 10 25
8 26 8 35
8 36 8 47
8 48 8 56
8 57 8 68
8 69 9 73
8 74 9 77
8 78 9 83
8 105 9 109
8 123 8 133
8 134 8 142
8 143 8 152
8 153 8 161
8 162 8 173
8 174 8 183
8 184 8 193
8 194 8 204
8 205 9 210
8 211 8 222
8 223 13 224
8 225 13 226
8 227 13 228
8 232 8 243
9 0 20 0
9 9 10 12
9 13 10 18
9 26 9 36
9 37 9 48
9 49 9 60
9 63 10 68
9 88 9 98
9 110 9 117
9 118 9 128
9 129 9 140
9 144 9 155
9 156 9 167
9 168 9 179
9 180 10 185
9 186 9 197
9 198 14 199
9 200 13 201
9 202 12 204
9 211 12 213
9 214 10 219
9 220 12 222
9 229 9 240
10 26 10 37
10 38 10 49
10 50 10 61
10 69 10 78
10 79 10 90
10 91 10 102
10 103 10 113
10 114 10 125
10 129 10 140
10 143 10 154
10 155 10 166
10 167 10 178
10 186 10 195
10 196 15 197
10 205 13 207
10 208 13 210
10 229 10 240
10 241 13 243
11 8 11 17
11 18 11 29
11 30 11 39
11 40 11 51
11 52 16 53
11 54 12 59
11 60 11 70
11 71 12 74
11 75 11 85
11 86 11 97
11 98 11 108
11 109 12 113
11 114 11 125
11 126 13 129
11 130 11 137
11 138 11 149
11 157 11 168
11 169 11 179
11 180 12 184
11 185 11 195
11 214 12 219
11 229 13 232
11 233 13 236
11 237 13 240
12 4 13 9
12 10 13 15
12 19 12 30
12 31 13 36
12 39 13 44
12 60 12 70
12 76 12 87
12 88 12 99
12 114 12 125
12 130 13 135
12 137 13 142
12 143 12 152
12 153 12 163
12 164 12 175
12 185 13 189
12 190 13 195
13 16 13 27
13 48 15 51
13 54 16 56
13 57 13 64
13 65 13 76
13 77 13 87
13 88 14 93
13 98 14 103
13 104 13 113
13 114 14 118
13 119 15 121
13 122 15 125
13 155 13 166
13 167 14 171
13 172 13 183
13 211 13 222
13 245 16 247
13 248 23 248
14 1 25 1
14 2 25 2
14 3 17 4
14 5 18 6
14 9 14 20
14 21 14 30
14 31 14 39
14 40 14 47
14 57 16 60
14 61 15 66
14 67 14 75
14 76 14 87
14 104 14 113
14 126 14 137
14 140 16 143
14 144 15 149
14 150 14 161
14 172 14 182
14 183 15 188
14 189 15 194
14 200 14 211
14 212 14 223
14 225 19 226
14 228 14 239
14 240 23 240
14 241 16 244
14 249 25 249
15 7 17 10
15 12 25 12
15 13 16 18
15 19 23 19
15 20 22 20
15 21 20 22
15 23 16 28
15 29 16 32
15 33 26 33
15 34 18 36
15 37 26 37
15 38 20 39
15 40 18 42
15 43 16 47
15 67 15 77
15 78 17 81
15 88 15 99
15 100 15 111
15 116 18 118
15 126 15 137
15 153 16 158
15 159 15 170
15 171 15 182
15 198 15 209
15 210 15 221
15 223 20 224
15 227 16 231
15 232 16 237
16 61 16 70
16 71 18 74
16 76 20 77
16 87 16 98
16 99 27 99
16 100 16 111
16 112 18 115
16 119 18 122
16 123 17 127
16 144 16 152
16 159 16 170
16 171 16 182
16 183 16 190
16 191 16 199
16 200 16 211
16 212 17 217
16 218 17 222
17 13 22 14
17 18 25 18
17 23 19 26
17 27 18 31
17 32 28 32
17 43 18 47
17 48 17 55
17 56 21 57
17 58 17 69
17 82 17 93
17 94 25 94
17 95 19 98
17 100 27 100
17 101 17 111
17 128 17 135
17 136 17 146
17 147 19 150
17 151 20 153
17 154 18 159
17 161 18 166
17 167 17 175
17 176 17 186
17 187 18 191
17 192 17 203
17 227 19 229
17 230 19 233
17 234 18 239
17 241 19 243
17 244 22 245
17 246 22 247
18 3 23 4
18 7 29 7
18 10 23 11
18 15 21 17
18 48 18 55
18 58 18 66
18 67 29 67
18 78 20 80
18 81 19 85
18 86 19 90
18 91 22 92
18 101 27 101
18 102 18 111
18 126 18 137
18 138 18 146
18 167 18 175
18 176 18 186
18 192 18 202
18 203 18 211
18 212 18 222
19 5 24 6
19 8 24 9
19 34 28 34
19 35 24 36
19 40 21 43
19 44 19 55
19 58 19 66
19 68 20 72
19 73 24 74
19 102 19 109
19 110 21 113
19 114 24 115
19 116 20 121
19 122 19 132
19 133 19 144
19 154 20 159
19 161 20 166
19 167 19 176
19 177 19 187
19 188 20 193
19 194 19 205
19 206 19 217
19 234 23 235
19 236 22 238
20 23 20 31
20 44 21 49
20 50 24 51
20 59 21 64
20 65 31 65
20 66 29 66
20 81 20 90
20 95 22 98
20 102 25 103
20 104 21 109
20 129 25 130
20 131 25 132
20 134 20 145
20 147 22 150
20 167 21 172
20 173 22 176
20 177 20 187
20 194 20 205
20 206 24 207
20 208 23 210
20 211 23 213
20 214 23 215
20 216 22 219
20 225 23 227
20 228 23 230
20 231 23 233
20 241 23 243
21 21 21 31
21 38 26 39
21 52 24 54
21 68 23 71
21 72 31 72
21 75 22 79
21 80 23 82
21 83 22 88
21 117 21 128
21 133 21 141
21 142 22 146
21 151 22 156
21 157 24 159
21 160 22 165
21 177 21 188
21 189 24 191
21 192 24 194
21 195 22 199
21 200 22 205
21 220 22 224
22 0 33 0
22 21 22 31
22 40 25 42
22 43 24 46
22 47 25 49
22 57 24 60
22 61 33 61
22 62 33 62
22 104 27 105
22 106 27 107
22 108 27 109
22 110 27 111
22 112 26 113
22 120 23 125
22 126 25 128
22 133 22 141
22 166 26 167
22 168 26 169
22 177 22 188
23 13 25 16
23 20 23 31
23 63 28 64
23 75 24 79
23 83 23 93
23 95 25 98
23 133 24 138
23 139 24 144
23 145 26 147
23 160 24 165
23 170 26 172
23 173 23 182
23 183 24 188
23 195 24 200
23 201 24 205
23 216 23 224
24 19 28 20
24 21 25 26
24 27 28 28
24 29 28 30
24 68 26 71
24 80 24 88
24 89 27 91
24 120 25 125
24 148 24 156
24 173 27 175
24 177 26 180
24 208 24 218
24 219 28 220
24 221 27 223
24 224 26 227
24 228 25 233
24 234 25 239
24 240 24 248
25 50 25 59
25 60 36 60
25 73 30 74
25 75 25 86
25 114 26 119
25 135 26 139
25 140 26 144
25 148 26 151
25 152 26 157
25 158 26 163
25 181 25 192
25 194 25 205
25 206 25 214
25 215 28 217
26 1 36 1
26 2 27 6
26 8 28 11
26 12 28 14
26 15 28 18
26 21 28 23
26 24 28 26
26 40 26 50
26 51 26 59
26 75 29 77
26 78 29 79
26 80 26 88
26 92 27 97
26 120 26 130
26 131 28 134
26 183 26 194
26 196 26 207
26 208 27 213
26 228 26 237
26 238 26 249
27 35 27 46
27 47 28 52
27 54 35 54
27 55 30 57
27 58 37 58
27 59 37 59
27 68 29 71
27 80 27 88
27 112 27 122
27 123 28 128
27 135 29 138
27 139 27 148
27 149 27 160
27 161 27 172
27 182 27 193
27 196 27 207
27 224 27 235
27 244 30 246
27 249 37 249
28 2 38 2
28 5 39 5
28 6 39 6
28 35 28 46
28 82 29 87
28 89 29 94
28 95 28 102
28 103 28 110
28 111 38 111
28 112 33 113
28 114 39 114
28 115 31 117
28 118 33 119
28 120 33 121
28 142 29 147
28 148 28 159
28 160 29 164
28 165 28 175
28 176 29 181
28 182 31 184
28 185 39 185
28 186 39 186
28 187 28 196
28 197 28 206
28 207 28 214
28 224 28 235
28 236 29 241
29 8 29 19
29 20 34 21
29 22 32 24
29 25 34 26
29 27 31 30
29 31 29 40
29 41 37 41
29 42 37 42
29 43 39 43
29 44 30 49
29 63 33 64
29 95 29 104
29 105 31 108
29 109 40 109
29 123 30 128
29 129 30 134
29 148 29 159
29 165 29 175
29 187 39 187
29 188 29 198
29 199 29 207
29 208 32 210
29 211 34 212
29 213 31 216
29 217 30 222
29 223 32 225
29 226 31 228
29 229 31 231
29 232 31 235
30 3 41 3
30 7 41 7
30 8 31 13
30 14 31 18
30 19 41 19
30 31 40 31
30 32 40 32
30 33 40 33
30 34 40 34
30 35 32 38
30 39 38 39
30 66 31 71
30 75 30 84
30 85 31 89
30 90 31 95
30 96 30 104
30 139 30 150
30 151 31 156
30 157 30 166
30 167 32 170
30 172 31 177
30 178 32 181
30 188 39 188
30 189 30 198
30 199 32 202
30 204 32 207
30 236 32 238
30 239 32 242
30 243 41 243
31 44 39 44
31 45 34 47
31 48 33 51
31 57 42 57
31 73 31 84
31 97 32 102
31 122 32 127
31 128 32 132
31 133 32 137
31 138 31 149
31 158 33 160
31 161 32 166
31 189 35 190
31 193 32 198
31 217 34 218
31 219 34 221
31 222 42 222
31 244 33 247
31 248 42 248
32 8 37 9
32 10 35 12
32 13 43 13
32 14 43 14
32 15 42 15
32 17 42 17
32 18 42 18
32 27 34 30
32 55 37 56
32 65 32 72
32 73 34 76
32 77 35 79
32 80 32 91
32 92 33 96
32 105 37 106
32 107 40 107
32 110 43 110
32 115 35 117
32 138 32 149
32 150 32 157
32 182 43 182
32 213 34 216
32 226 32 235
33 16 44 16
33 35 44 35
33 36 35 38
33 65 36 67
33 69 35 72
33 80 35 83
33 84 35 87
33 97 33 104
33 122 33 133
33 135 33 146
33 147 33 157
33 161 33 171
33 172 34 177
33 178 34 181
33 191 34 196
33 199 34 204
33 223 34 228
33 229 33 238
33 239 44 239
33 240 36 242
34 48 38 49
34 50 37 52
34 61 36 64
34 88 35 93
34 94 35 99
34 118 39 119
34 120 35 125
34 126 35 131
34 132 35 137
34 138 34 146
34 147 34 158
34 160 34 171
34 183 39 184
34 229 39 230
34 231 36 234
34 235 36 237
34 238 45 238
34 244 39 245
34 246 39 247
35 20 35 30
35 138 35 146
35 147 35 156
35 157 38 158
35 159 35 168
35 169 37 172
35 173 38 175
35 176 37 179
35 180 39 181
35 191 35 201
35 202 35 212
35 213 37 215
35 216 36 221
35 223 36 228
36 10 41 11
36 12 46 12
36 20 39 22
36 23 39 25
36 26 39 28
36 29 40 30
36 36 45 36
36 37 41 38
36 54 46 54
36 69 36 80
36 81 36 92
36 95 37 100
36 115 39 117
36 120 37 124
36 125 36 135
36 136 36 147
36 148 37 153
36 154 39 156
36 159 37 164
36 165 37 168
36 189 36 200
36 201 37 204
36 205 37 210
37 0 42 1
37 47 48 47
37 60 37 71
37 72 37 83
37 84 37 94
37 125 37 136
37 137 48 137
37 138 47 138
37 139 37 147
37 189 37 200
37 220 48 220
37 223 42 224
37 226 45 226
37 227 42 228
37 231 38 236
37 237 48 237
37 240 42 241
37 242 45 242
38 41 45 41
38 42 49 42
38 46 49 46
38 55 46 55
38 58 49 58
38 59 49 59
38 60 39 65
38 66 38 76
38 77 42 78
38 79 49 79
38 80 39 85
38 86 49 86
38 87 39 90
38 91 38 102
38 103 40 106
38 121 39 126
38 127 43 128
38 129 40 132
38 133 40 136
38 139 39 144
38 145 42 146
38 147 43 148
38 149 41 151
38 152 41 153
38 159 38 170
38 176 40 179
38 189 38 200
38 201 39 206
38 207 49 207
38 208 38 219
38 221 49 221
38 249 48 249
39 2 50 2
39 39 49 39
39 48 49 48
39 49 49 49
39 50 41 53
39 66 39 76
39 91 39 102
39 111 41 113
39 157 41 159
39 160 39 168
39 169 40 174
39 189 39 200
39 213 44 214
39 215 49 215
39 216 42 218
39 219 49 219
39 231 47 231
39 232 42 234
39 235 49 235
39 236 48 236
40 5 51 5
40 6 50 6
40 8 45 9
40 20 42 23
40 24 43 26
40 27 44 28
40 43 42 45
40 60 49 60
40 61 49 61
40 62 42 65
40 66 45 67
40 68 41 73
40 74 49 74
40 80 44 81
40 83 43 85
40 87 43 89
40 90 50 90
40 91 51 91
40 92 40 102
40 114 40 123
40 124 43 126
40 139 43 141
40 142 43 144
40 160 41 165
40 180 45 181
40 183 45 184
40 185 40 196
40 197 41 202
40 203 42 206
40 208 43 210
40 244 45 245
40 246 45 247
41 29 42 34
41 92 42 97
41 98 52 98
41 99 52 99
41 100 43 103
41 104 46 105
41 106 43 109
41 114 41 123
41 129 46 130
41 131 42 136
41 168 41 179
41 185 44 187
41 188 43 191
42 3 53 3
42 4 53 4
42 10 52 10
42 11 52 11
42 50 47 51
42 68 44 71
42 72 51 72
42 73 51 73
42 75 47 76
42 111 42 122
42 149 42 160
42 161 44 164
42 165 44 168
42 169 44 172
42 173 44 176
42 192 43 196
42 197 45 199
42 201 50 201
43 0 53 0
43 1 54 1
43 15 51 15
43 17 54 17
43 18 44 23
43 29 44 34
43 43 45 45
43 52 48 53
43 62 48 63
43 64 48 65
43 77 47 78
43 92 51 92
43 94 54 94
43 95 54 95
43 96 54 96
43 97 54 97
43 113 44 116
43 131 46 133
43 134 46 136
43 145 48 146
43 202 48 203
43 204 46 206
43 222 45 225
43 227 45 230
43 232 46 234
44 82 49 83
44 84 49 85
44 100 48 101
44 102 49 103
44 106 47 108
44 109 46 112
44 117 44 128
44 139 45 144
44 147 47 149
44 150 44 160
44 188 45 193
44 208 45 212
44 216 47 218
45 18 56 18
45 19 45 29
45 30 48 32
45 33 50 34
45 37 50 38
45 80 49 81
45 113 45 124
45 125 47 128
45 150 46 153
45 154 45 164
45 165 46 170
45 171 47 173
45 213 49 214
46 7 50 8
46 9 54 9
46 19 47 23
46 24 49 26
46 27 49 29
46 35 57 35
46 36 56 36
46 40 57 40
46 41 57 41
46 43 49 45
46 66 47 71
46 87 49 89
46 113 46 124
46 139 47 144
46 154 46 164
46 174 46 185
46 189 46 200
46 208 48 211
46 222 47 226
46 227 47 230
46 238 48 240
46 241 48 243
46 244 47 248
47 12 49 14
47 54 52 55
47 56 58 56
47 57 58 57
47 109 47 118
47 119 48 124
47 150 47 161
47 162 47 170
47 174 47 184
47 185 50 187
47 188 48 193
47 194 48 198
47 199 51 200
48 75 58 75
48 76 55 76
48 77 53 78
48 106 53 107
48 108 53 109
48 110 52 111
48 113 51 115
48 125 48 136
48 138 49 143
48 147 48 156
48 157 48 168
48 169 48 180
48 181 51 183
48 227 49 232
49 19 54 20
49 21 54 22
49 30 52 32
49 53 59 53
49 100 54 101
49 119 51 122
49 123 52 125
49 126 60 126
49 127 60 127
49 128 52 130
49 146 49 157
49 158 49 168
49 169 54 170
49 171 54 172
49 173 49 180
49 188 51 191
49 192 51 194
49 195 51 198
49 202 50 206
49 236 49 247
49 249 60 249
50 12 52 14
50 24 55 25
50 26 54 27
50 28 54 29
50 39 61 39
50 42 55 43
50 44 51 49
50 50 53 52
50 58 50 68
50 69 55 70
50 74 60 74
50 79 53 81
50 82 53 84
50 85 55 86
50 87 61 87
50 88 61 88
50 131 51 136
50 137 51 140
50 141 51 145
50 146 50 156
50 157 50 168
50 173 51 176
50 207 50 218
50 219 50 230
50 235 50 246
50 247 55 248
51 2 62 2
51 6 62 6
51 7 62 7
51 33 54 34
51 37 62 37
51 38 62 38
51 59 52 64
51 65 62 65
51 67 56 68
51 90 62 90
51 102 53 105
51 147 56 148
51 149 54 151
51 156 52 161
51 162 52 166
51 167 55 168
51 177 54 179
51 184 55 185
51 201 51 209
51 210 51 221
51 222 51 230
51 231 51 242
52 5 62 5
52 15 57 16
52 44 63 44
52 45 55 47
52 71 55 73
52 89 63 89
52 91 62 91
52 92 56 93
52 112 52 122
52 132 52 143
52 173 54 176
52 180 54 183
52 194 52 205
52 209 52 220
52 222 52 233
52 234 63 234
52 235 63 235
52 238 63 238
52 239 62 239
52 240 53 245
52 246 63 246
53 8 64 8
53 10 63 10
53 11 63 11
53 12 58 13
53 14 63 14
53 54 64 54
53 55 64 55
53 58 58 59
53 110 53 121
53 122 60 122
53 123 58 124
53 125 60 125
53 128 56 130
53 131 55 134
53 135 53 146
53 153 54 158
53 161 54 166
53 186 53 197
53 198 54 203
53 204 53 215
53 216 54 219
53 220 54 225
53 226 56 228
53 229 64 229
53 230 64 230
53 231 56 232
53 233 64 233
54 0 64 0
54 3 65 3
54 48 55 52
54 81 65 81
54 108 55 113
54 114 56 117
54 118 56 121
54 135 58 136
54 141 57 143
54 144 57 146
54 186 55 190
54 191 56 194
54 196 59 197
54 204 59 205
54 206 59 207
54 208 65 208
54 209 59 210
54 211 65 211
54 212 65 212
54 213 65 213
54 214 65 214
54 215 65 215
54 236 59 237
54 240 59 241
54 242 58 243
55 9 64 9
55 19 56 23
55 26 55 34
55 63 60 64
55 94 55 105
55 137 57 140
55 149 55 158
55 159 55 166
55 169 55 180
55 198 57 201
55 202 59 203
55 216 56 220
55 221 60 222
55 223 64 223
55 224 58 225
56 4 67 4
56 30 59 32
56 42 67 42
56 43 64 43
56 47 61 48
56 49 58 52
56 60 59 62
56 76 57 80
56 82 59 84
56 95 56 106
56 107 59 109
56 110 67 110
56 111 67 111
56 113 67 113
56 133 61 134
56 149 56 159
56 160 57 165
56 166 57 171
56 172 65 172
56 173 56 184
56 185 67 185
56 186 66 186
56 247 61 248
57 18 57 29
57 33 68 33
57 36 67 36
57 67 60 69
57 70 62 71
57 72 62 73
57 85 62 86
57 92 57 103
57 104 60 106
57 112 68 112
57 114 60 116
57 117 58 121
57 128 61 129
57 147 57 158
57 173 65 173
57 174 59 177
57 179 59 182
57 187 60 189
57 190 58 195
57 216 61 217
57 226 60 228
57 231 62 232
58 15 69 15
58 16 62 17
58 18 69 18
58 19 69 19
58 20 69 20
58 21 60 23
58 24 59 29
58 34 69 34
58 40 63 41
58 92 59 96
58 97 60 100
58 101 67 101
58 102 69 102
58 130 61 132
58 137 58 147
58 148 59 153
58 154 60 157
58 158 63 159
58 160 59 165
58 166 60 169
59 12 63 13
59 45 64 46
59 57 62 59
59 75 60 80
59 135 61 137
59 190 60 194
59 195 70 195
59 224 64 225
59 242 60 245
60 1 71 1
60 49 61 53
60 60 62 62
60 82 65 83
60 93 62 96
60 107 63 108
60 138 60 147
60 148 61 153
60 160 65 161
60 162 62 165
60 174 61 179
60 180 61 184
60 196 60 207
60 209 65 210
61 21 62 26
61 27 62 32
61 74 65 75
61 76 62 80
61 104 66 105
61 106 69 106
61 109 72 109
61 114 72 114
61 115 61 126
61 138 61 147
61 166 62 171
61 187 64 189
61 190 62 194
61 196 61 205
61 206 65 207
61 221 66 222
61 226 64 228
61 240 62 245
62 47 64 49
62 50 64 53
62 56 73 56
62 115 65 117
62 120 63 125
62 126 64 129
62 131 62 142
62 143 62 154
62 174 62 184
62 196 63 201
62 216 64 219
62 247 64 249
63 2 74 2
63 5 74 5
63 7 73 7
63 16 74 16
63 17 74 17
63 21 67 22
63 23 63 32
63 37 66 39
63 57 66 58
63 59 66 61
63 62 68 63
63 64 66 66
63 67 68 68
63 69 68 70
63 76 64 80
63 84 64 88
63 90 67 91
63 92 64 97
63 98 68 99
63 130 64 134
63 135 65 138
63 139 64 143
63 144 67 145
63 146 68 147
63 148 74 148
63 149 63 157
63 162 63 171
63 184 73 184
63 190 66 192
63 193 66 194
63 239 64 244
64 10 67 11
64 12 68 13
64 14 75 14
64 23 66 26
64 107 69 108
64 149 66 152
64 153 68 154
64 155 67 157
64 162 65 167
64 175 65 180
64 196 64 205
64 246 75 246
65 0 75 0
65 8 73 8
65 9 76 9
65 43 67 46
65 48 67 51
65 52 67 54
65 55 75 55
65 71 68 73
65 79 70 80
65 84 66 89
65 92 67 94
65 95 67 97
65 118 65 129
65 130 69 131
65 132 67 134
65 141 67 143
65 181 68 183
65 196 65 205
65 216 68 218
65 219 68 220
65 223 65 234
65 235 65 245
65 247 68 249
66 3 77 3
66 27 67 32
66 74 68 77
66 81 70 82
66 115 77 115
66 116 71 117
66 118 76 118
66 119 71 120
66 121 67 126
66 127 69 129
66 135 67 140
66 159 66 170
66 171 68 174
66 175 67 180
66 196 70 197
66 202 69 204
66 205 76 205
66 206 76 206
66 207 71 208
66 209 68 211
66 212 68 215
66 223 66 233
66 234 66 245
67 25 78 25
67 26 75 26
67 39 70 41
67 57 78 57
67 58 71 59
67 60 72 61
67 83 69 86
67 87 70 89
67 149 70 151
67 152 75 152
67 159 68 164
67 167 69 170
67 186 67 194
67 198 69 201
67 221 67 231
67 232 67 243
68 4 79 4
68 6 79 6
68 11 76 11
68 21 70 24
68 27 69 32
68 35 79 35
68 36 79 36
68 42 77 42
68 48 69 52
68 53 73 54
68 64 71 66
68 90 70 93
68 94 70 97
68 100 73 101
68 121 69 126
68 133 68 144
68 175 71 177
68 185 68 193
68 194 77 194
68 221 68 232
68 234 77 234
68 235 68 245
69 10 80 10
69 12 80 12
69 33 80 33
69 37 74 38
69 43 72 45
69 46 74 47
69 67 80 67
69 68 80 68
69 69 79 69
69 70 72 72
69 73 70 78
69 134 73 135
69 136 72 138
69 139 71 142
69 143 72 145
69 146 74 147
69 153 69 164
69 171 73 172
69 173 73 174
69 178 70 183
69 185 73 186
69 187 73 188
69 189 71 192
69 209 74 210
69 212 69 223
69 224 80 224
69 225 80 225
69 226 71 229
69 230 80 230
69 231 80 231
69 232 79 232
69 233 80 233
69 235 72 237
69 238 73 239
69 240 71 243
69 244 74 245
69 247 74 248
69 249 79 249
70 18 75 19
70 27 72 30
70 34 81 34
70 48 79 48
70 49 75 50
70 102 72 105
70 106 73 108
70 110 72 113
70 121 70 130
70 131 75 132
70 159 70 170
70 198 74 199
70 200 71 204
70 212 73 214
70 215 73 217
70 218 73 220
70 221 74 222
70 223 80 223
71 15 82 15
71 20 73 23
71 24 82 24
71 39 74 41
71 73 75 74
71 75 74 77
71 78 75 79
71 80 81 80
71 81 71 92
71 93 76 94
71 95 72 99
71 121 71 130
71 149 74 151
71 153 71 163
71 164 74 166
71 167 73 170
71 195 74 197
72 1 82 1
72 58 83 58
72 59 83 59
72 64 75 66
72 81 81 81
72 82 72 92
72 116 76 117
72 119 72 130
72 159 74 162
72 175 74 178
72 189 73 193
72 200 74 203
72 207 76 208
72 226 75 228
72 229 80 229
72 240 73 243
73 27 74 32
73 45 84 45
73 60 75 63
73 70 76 72
73 82 73 92
73 109 74 114
73 119 73 130
73 136 73 145
73 153 74 158
73 179 74 183
73 235 75 237
74 7 85 7
74 8 83 8
74 20 76 23
74 82 81 82
74 83 75 86
74 87 75 92
74 95 74 105
74 106 77 108
74 119 74 130
74 133 74 144
74 167 74 174
74 184 74 193
74 238 75 243
75 16 82 16
75 17 84 17
75 37 86 37
75 38 86 38
75 39 86 39
75 40 86 40
75 41 86 41
75 43 80 44
75 46 84 46
75 47 84 47
75 95 77 97
75 98 76 103
75 109 77 112
75 119 75 130
75 135 75 146
75 155 75 166
75 167 75 178
75 179 75 190
75 195 76 199
75 200 76 204
75 209 76 212
75 213 76 218
75 221 80 222
75 247 80 248
76 0 85 0
76 14 86 14
76 18 86 18
76 26 78 29
76 30 81 31
76 49 79 50
76 51 79 53
76 54 79 56
76 60 77 65
76 73 87 73
76 74 80 75
76 76 79 78
76 84 80 85
76 86 77 91
76 92 86 92
76 122 76 133
76 134 76 145
76 146 76 155
76 156 78 159
76 160 77 165
76 167 77 172
76 173 77 178
76 179 77 183
76 184 76 193
76 235 77 239
76 240 77 245
76 246 83 246
77 11 88 11
77 19 79 22
77 23 87 23
77 93 81 94
77 117 77 128
77 129 79 132
77 133 78 138
77 139 79 141
77 142 82 143
77 144 80 146
77 147 88 147
77 151 79 154
77 155 87 155
77 187 82 188
77 192 81 193
77 195 77 204
77 205 77 216
77 226 80 228
78 3 88 3
78 42 86 42
78 60 79 64
78 65 82 66
78 79 89 79
78 95 78 104
78 105 80 108
78 109 83 110
78 111 79 116
78 118 82 119
78 120 78 128
78 148 83 149
78 150 89 150
78 160 81 162
78 163 83 164
78 165 83 166
78 167 78 176
78 177 78 186
78 189 81 191
78 194 78 205
78 206 86 206
78 207 89 207
78 208 80 211
78 212 87 212
78 213 83 214
78 215 79 220
78 234 83 235
78 236 82 237
78 238 78 245
79 26 82 28
79 86 80 91
79 95 79 104
79 120 79 128
79 133 82 135
79 136 83 137
79 156 90 156
79 157 89 157
79 158 89 158
79 167 83 168
79 169 79 180
79 204 84 205
79 238 82 240
79 241 81 244
80 4 82 6
80 20 85 21
80 22 90 22
80 25 91 25
80 48 89 48
80 49 80 57
80 60 81 64
80 69 89 69
80 72 91 72
80 76 83 78
80 96 82 99
80 100 82 103
80 115 83 117
80 120 80 131
80 138 83 140
80 151 85 152
80 153 85 154
80 159 91 159
80 169 80 179
80 180 81 185
80 194 80 203
80 215 83 217
80 218 83 220
80 232 91 232
80 249 91 249
81 9 85 10
81 12 86 13
81 43 86 44
81 49 89 49
81 50 84 51
81 52 82 57
81 71 92 71
81 74 86 75
81 83 81 91
81 111 83 114
81 121 81 132
81 144 85 145
81 146 91 146
81 169 81 179
81 196 83 199
81 200 83 203
81 208 82 211
81 223 90 223
81 224 84 226
81 227 90 227
81 228 90 228
81 229 92 229
81 230 91 230
81 231 91 231
81 248 89 248
82 29 82 36
82 60 90 60
82 61 84 64
82 80 84 82
82 83 86 84
82 93 86 94
82 121 82 132
82 169 82 180
82 181 83 186
82 192 84 195
83 1 88 2
83 4 88 5
83 15 86 16
83 26 83 36
83 52 84 57
83 65 86 66
83 67 94 67
83 85 84 90
83 96 83 107
83 118 83 125
83 126 83 135
83 160 86 162
83 169 83 180
83 187 84 191
83 208 86 210
83 236 84 241
84 8 91 8
84 26 86 29
84 30 85 35
84 70 95 70
84 76 87 78
84 97 86 100
84 101 87 103
84 104 84 115
84 116 95 116
84 117 95 117
84 118 95 118
84 119 95 119
84 120 87 122
84 123 84 130
84 131 84 142
84 148 95 148
84 149 95 149
84 163 84 174
84 175 86 178
84 179 86 182
84 183 86 186
84 196 86 199
84 213 85 217
84 218 85 222
84 234 89 235
84 246 89 247
85 17 96 17
85 46 90 47
85 50 86 54
85 55 86 59
85 61 86 64
85 81 90 82
85 85 86 90
85 114 96 114
85 115 95 115
85 123 93 123
85 124 85 132
85 133 85 143
85 163 96 163
85 164 96 164
85 165 90 166
85 167 89 168
85 169 89 170
85 171 89 172
85 173 89 174
85 188 88 190
85 192 88 194
85 200 86 205
85 224 90 225
85 226 96 226
85 236 85 245
86 0 97 0
86 7 95 7
86 9 97 9
86 10 96 10
86 31 87 36
86 104 87 109
86 110 88 113
86 124 86 133
86 134 86 145
86 151 89 153
86 213 87 217
86 218 87 222
86 236 88 239
86 240 87 245
87 12 98 12
87 13 98 13
87 14 92 15
87 18 97 18
87 19 90 21
87 26 88 30
87 37 89 40
87 41 90 42
87 43 90 45
87 50 88 54
87 55 89 58
87 61 89 64
87 65 92 66
87 83 88 88
87 91 88 96
87 97 88 100
87 124 89 127
87 128 88 133
87 134 88 139
87 140 88 145
87 161 98 161
87 162 96 162
87 175 87 182
87 183 88 187
87 195 88 200
87 201 88 206
87 208 89 211
88 6 99 6
88 23 93 24
88 73 89 78
88 101 88 109
88 122 99 122
88 155 99 155
88 175 89 179
88 180 90 182
88 212 89 216
88 217 89 222
89 1 98 1
89 2 98 2
89 3 100 3
89 4 100 4
89 5 100 5
89 16 100 16
89 26 89 36
89 83 90 88
89 89 89 99
89 100 90 105
89 106 91 109
89 110 91 113
89 120 94 121
89 129 92 131
89 134 90 139
89 140 91 143
89 144 100 144
89 145 100 145
89 147 100 147
89 184 94 185
89 186 99 186
89 187 89 195
89 196 89 206
89 236 89 245
90 26 90 37
90 48 90 59
90 69 99 69
90 74 92 77
90 79 94 80
90 89 90 99
90 124 91 128
90 151 92 154
90 157 101 157
90 158 101 158
90 167 90 178
90 187 91 192
90 193 101 193
90 196 90 207
90 208 90 219
90 233 91 237
90 238 91 241
90 242 91 245
90 246 92 248
91 19 93 22
91 26 91 33
91 34 92 38
91 39 93 42
91 46 102 46
91 47 102 47
91 48 96 49
91 50 92 54
91 55 98 55
91 60 100 60
91 61 93 64
91 81 93 84
91 85 91 96
91 97 91 105
91 156 102 156
91 160 102 160
91 165 92 169
91 170 99 170
91 171 91 181
91 182 96 183
91 194 91 202
91 203 91 213
91 214 102 214
91 215 91 225
91 227 95 228
92 8 102 8
92 25 101 25
92 26 97 27
92 28 97 29
92 30 103 30
92 31 103 31
92 32 99 32
92 33 101 33
92 56 95 58
92 85 102 85
92 86 93 91
92 92 102 92
92 93 101 93
92 94 92 102
92 103 94 106
92 107 96 108
92 109 94 112
92 124 103 124
92 125 103 125
92 126 95 128
92 132 92 139
92 140 103 140
92 141 103 141
92 142 103 142
92 143 103 143
92 146 103 146
92 159 102 159
92 171 92 181
92 187 103 187
92 188 96 189
92 190 95 192
92 194 103 194
92 195 97 196
92 197 92 208
92 209 102 209
92 211 97 212
92 215 102 215
92 216 102 216
92 217 102 217
92 218 102 218
92 219 93 223
92 230 92 241
92 242 94 245
92 249 103 249
93 14 104 14
93 35 98 36
93 37 104 37
93 38 104 38
93 50 98 51
93 71 95 73
93 74 98 75
93 76 96 78
93 94 98 95
93 96 101 96
93 97 101 97
93 98 96 100
93 101 104 101
93 102 103 102
93 129 93 139
93 151 95 154
93 165 104 165
93 166 104 166
93 167 98 168
93 169 104 169
93 171 96 173
93 174 95 176
93 177 94 181
93 197 103 197
93 198 103 198
93 199 94 202
93 203 95 206
93 207 98 208
93 224 98 225
93 229 93 240
93 246 98 247
93 248 103 248
94 15 105 15
94 19 97 20
94 21 97 23
94 39 104 39
94 40 105 40
94 41 99 42
94 43 97 45
94 52 97 54
94 62 96 65
94 81 97 83
94 84 105 84
94 86 95 91
94 123 103 123
94 129 99 130
94 131 102 131
94 132 94 139
94 219 105 219
94 220 96 223
94 230 94 241
95 67 99 68
95 79 100 80
95 103 97 106
95 109 97 112
95 132 96 137
95 179 99 180
95 200 98 202
95 229 95 240
95 244 100 245
96 7 106 7
96 56 98 59
96 70 98 73
96 86 107 86
96 87 101 88
96 89 105 89
96 90 101 91
96 115 98 118
96 119 99 121
96 126 99 128
96 138 101 139
96 148 101 149
96 174 97 178
96 190 107 190
96 191 107 191
96 192 107 192
96 203 98 206
96 227 97 230
96 231 97 235
96 236 97 240
96 241 99 243
97 10 102 11
97 17 107 17
97 48 105 48
97 64 101 65
97 99 101 100
97 107 101 108
97 132 98 137
97 150 100 152
97 153 102 154
97 162 99 164
97 171 99 173
97 181 99 184
97 188 107 188
97 189 107 189
97 220 102 221
98 18 99 23
98 43 109 43
98 66 109 66
98 81 101 83
98 103 100 106
98 109 99 114
98 174 99 178
98 195 103 196
98 211 101 213
98 227 98 238
98 239 103 240
99 1 107 1
99 2 108 2
99 12 110 12
99 13 110 13
99 26 101 29
99 34 110 34
99 36 110 36
99 44 104 45
99 49 103 50
99 51 102 53
99 54 100 59
99 115 101 118
99 132 102 134
99 135 102 137
99 167 104 168
99 199 100 204
99 205 100 208
99 224 109 224
99 225 108 225
99 226 101 229
99 230 101 233
99 236 102 238
100 0 111 0
100 18 101 23
100 24 111 24
100 32 111 32
100 41 111 41
100 42 111 42
100 61 103 63
100 67 109 67
100 68 109 68
100 69 110 69
100 70 100 78
100 119 102 122
100 126 101 130
100 161 102 164
100 170 100 181
100 182 103 184
100 185 103 186
100 241 103 243
101 3 104 5
101 16 112 16
101 54 112 54
101 55 112 55
101 56 111 56
101 57 103 59
101 60 112 60
101 70 112 70
101 71 109 71
101 72 111 72
101 73 104 75
101 79 112 79
101 80 112 80
101 170 103 172
101 173 102 177
101 178 102 181
101 199 101 208
101 244 103 247
102 18 103 22
102 23 111 23
102 25 112 25
102 26 112 26
102 27 112 27
102 28 112 28
102 33 112 33
102 35 113 35
102 65 112 65
102 81 113 81
102 82 113 82
102 83 113 83
102 87 107 88
102 93 106 94
102 95 105 97
102 98 105 100
102 105 102 116
102 128 105 130
102 199 102 208
102 210 107 211
102 212 113 212
102 226 105 228
102 230 103 235
103 8 107 9
103 46 114 46
103 53 114 53
103 64 114 64
103 85 114 85
103 90 105 92
103 103 103 114
103 115 104 118
103 131 104 136
103 137 105 139
103 151 103 162
103 163 107 164
103 173 103 181
103 199 103 208
103 209 112 209
103 213 108 214
103 215 106 217
103 218 114 218
103 220 105 223
104 29 107 31
104 49 109 50
104 51 109 52
104 57 114 57
104 58 114 58
104 59 114 59
104 61 107 63
104 102 105 106
104 119 105 123
104 124 106 126
104 127 115 127
104 140 107 142
104 143 106 146
104 147 104 157
104 158 105 162
104 170 104 181
104 183 109 184
104 185 109 186
104 187 115 187
104 193 105 197
104 198 107 200
104 201 107 203
104 204 107 206
104 230 105 235
104 236 105 240
104 241 108 242
104 243 106 246
104 248 113 248
105 4 110 5
105 6 116 6
105 18 107 21
105 38 109 39
105 44 109 45
105 73 109 74
105 75 107 78
105 107 105 118
105 133 108 135
105 147 106 152
105 153 106 157
105 166 108 168
105 169 105 180
105 181 109 182
106 40 114 40
106 47 110 48
106 84 117 84
106 89 107 92
106 101 106 112
106 113 113 113
106 114 117 114
106 115 114 115
106 116 111 117
106 118 107 123
106 128 108 131
106 137 109 139
106 160 115 160
106 161 117 161
106 169 111 170
106 171 111 172
106 174 108 177
106 194 111 195
106 196 111 197
106 219 109 221
106 222 111 223
106 226 106 237
106 239 111 240
106 247 117 247
107 7 115 7
107 93 109 95
107 96 107 107
107 124 109 126
107 145 118 145
107 146 118 146
107 147 118 147
107 148 107 159
107 215 111 216
107 226 108 229
107 230 108 235
107 236 112 237
107 243 108 246
108 1 119 1
108 8 113 9
108 17 109 22
108 61 113 62
108 63 119 63
108 75 109 78
108 86 111 87
108 88 110 91
108 96 109 101
108 107 110 110
108 118 119 118
108 119 109 123
108 140 109 144
108 149 118 149
108 150 110 152
108 153 113 154
108 155 109 159
108 162 111 164
108 165 119 165
108 188 119 188
108 189 109 193
108 198 110 201
108 202 109 207
108 210 118 210
108 211 118 211
108 249 119 249
109 2 119 2
109 3 120 3
109 103 111 106
109 128 110 133
109 134 112 136
109 166 117 166
109 167 117 167
109 168 117 168
109 174 110 179
109 213 114 214
109 225 109 235
109 241 119 241
109 242 119 242
109 243 119 243
109 244 119 244
109 245 112 246
110 17 120 17
110 18 111 22
110 38 114 39
110 44 114 45
110 49 121 49
110 50 121 50
110 51 114 52
110 66 112 68
110 71 119 71
110 73 113 74
110 75 119 75
110 94 114 95
110 96 121 96
110 97 113 98
110 99 111 102
110 111 115 112
110 119 112 122
110 123 121 123
110 124 115 125
110 138 112 141
110 142 113 144
110 155 112 158
110 181 111 186
110 189 115 190
110 219 113 221
110 224 110 235
111 4 116 5
111 13 114 14
111 15 122 15
111 34 121 34
111 36 115 37
111 47 114 48
111 69 122 69
111 126 122 126
111 128 112 133
111 150 116 151
111 152 118 152
111 175 112 180
111 191 114 193
111 198 111 208
111 224 116 225
111 226 116 227
111 228 115 229
111 230 112 235
112 0 123 0
112 18 117 19
112 20 116 21
112 22 116 23
112 24 121 24
112 56 120 56
112 72 121 72
112 86 114 89
112 90 114 93
112 99 113 104
112 105 113 110
112 117 123 117
112 162 123 162
112 163 123 163
112 164 123 164
112 169 113 174
112 181 116 182
112 183 117 184
112 185 117 186
112 194 112 205
112 207 123 207
112 215 115 217
113 16 124 16
113 25 115 27
113 28 114 32
113 33 124 33
113 54 118 55
113 65 116 67
113 68 124 68
113 76 118 77
113 128 117 129
113 130 113 141
113 175 116 177
113 178 116 180
113 195 113 206
113 208 118 209
113 230 113 240
113 245 122 245
113 246 124 246
114 8 125 8
114 9 115 12
114 35 125 35
114 62 125 62
114 73 119 74
114 81 117 83
114 97 117 99
114 100 123 100
114 101 123 101
114 102 117 104
114 105 119 106
114 107 125 107
114 108 125 108
114 109 125 109
114 110 125 110
114 113 125 113
114 119 116 122
114 130 115 134
114 135 114 144
114 153 118 154
114 155 115 159
114 170 116 173
114 194 116 197
114 198 117 200
114 201 122 201
114 202 116 205
114 206 125 206
114 219 118 220
114 221 118 222
114 230 115 235
114 248 124 248
115 13 125 13
115 28 120 29
115 30 126 30
115 31 120 32
115 38 115 48
115 51 118 53
115 57 120 58
115 59 117 61
115 78 120 79
115 85 116 89
115 90 119 91
115 92 117 95
115 115 126 115
115 116 126 116
115 138 116 143
116 7 126 7
116 9 118 12
116 25 118 27
116 36 125 36
116 37 125 37
116 38 117 43
116 44 127 44
116 45 125 45
116 46 125 46
116 47 125 47
116 111 121 112
116 125 127 125
116 127 126 127
116 132 117 137
116 155 119 157
116 160 127 160
116 189 119 191
116 213 118 216
116 228 116 239
117 4 121 5
117 6 128 6
117 20 119 23
117 65 128 65
117 66 126 66
117 67 126 67
117 85 126 85
117 86 118 89
117 119 119 122
117 140 119 143
117 170 117 181
117 182 127 182
117 194 119 197
117 202 122 203
117 204 122 205
117 224 118 229
117 230 121 231
117 232 121 233
117 234 121 235
117 236 121 237
117 239 121 240
118 39 129 39
118 40 123 41
118 42 129 42
118 43 129 43
118 59 129 59
118 80 120 83
118 92 122 93
118 94 122 95
118 97 126 97
118 98 123 99
118 102 123 103
118 104 125 104
118 128 118 136
118 137 121 139
118 161 127 161
118 166 118 177
118 178 121 180
118 198 121 200
118 247 125 247
119 9 122 11
119 27 130 27
119 53 130 53
119 54 124 55
119 60 124 61
119 86 122 88
119 128 122 130
119 131 128 131
119 132 121 135
119 144 119 154
119 166 128 166
119 167 128 167
119 168 122 170
119 171 130 171
119 172 124 173
119 174 121 177
119 183 121 186
119 210 123 211
119 212 130 212
119 213 130 213
119 214 119 223
119 224 129 224
119 225 129 225
119 226 124 227
119 228 124 229
120 1 131 1
120 2 131 2
120 23 131 23
120 52 131 52
120 63 125 64
120 71 131 71
120 73 121 77
120 89 122 91
120 105 125 106
120 118 121 122
120 140 121 144
120 145 130 145
120 146 128 146
120 147 125 148
120 151 123 153
120 154 121 159
120 187 120 197
120 214 123 216
120 217 123 218
120 219 122 222
120 223 129 223
120 241 121 244
120 249 130 249
121 3 131 3
121 17 122 22
121 28 132 28
121 29 132 29
121 31 132 31
121 51 132 51
121 56 124 58
121 83 126 84
121 124 132 124
121 192 122 197
122 4 132 4
122 5 133 5
122 24 133 24
122 25 133 25
122 26 133 26
122 34 133 34
122 50 133 50
122 72 126 73
122 74 126 75
122 76 133 76
122 77 123 82
122 111 127 112
122 118 124 120
122 121 125 123
122 132 122 141
122 142 124 144
122 155 125 157
122 158 127 159
122 174 124 177
122 178 124 181
122 183 122 191
122 230 125 232
122 233 124 236
122 237 124 240
122 241 124 244
123 9 125 12
123 17 128 18
123 19 128 20
123 21 133 21
123 69 134 69
123 70 134 70
123 86 123 96
123 126 134 126
123 128 126 130
123 132 124 137
123 138 126 139
123 168 131 168
123 169 127 170
123 183 127 184
123 185 126 187
123 188 127 189
123 190 124 195
123 196 124 201
123 202 127 203
123 204 127 205
123 219 126 221
123 245 131 245
124 40 129 41
124 77 125 82
124 86 124 95
124 96 135 96
124 98 134 98
124 99 134 99
124 100 129 101
124 149 125 154
124 162 126 165
124 207 125 211
124 214 125 218
125 15 136 15
125 16 133 16
125 54 130 55
125 60 129 61
125 86 126 91
125 92 128 93
125 94 128 95
125 102 130 103
125 117 127 120
125 132 126 137
125 140 126 144
125 172 126 175
125 176 136 176
125 177 136 177
125 178 136 178
125 179 127 181
125 190 127 193
125 196 127 199
125 226 127 229
125 233 125 244
125 248 135 248
126 0 137 0
126 8 131 9
126 10 129 12
126 13 131 14
126 22 137 22
126 36 137 36
126 37 137 37
126 38 137 38
126 45 137 45
126 46 127 49
126 56 129 58
126 62 129 64
126 77 129 79
126 80 131 81
126 104 136 104
126 105 128 107
126 147 127 150
126 151 127 156
126 206 127 211
126 214 129 216
126 217 130 218
126 230 127 235
126 236 127 241
126 243 130 244
126 246 131 247
127 7 136 7
127 66 132 67
127 72 137 72
127 73 130 75
127 83 134 83
127 84 138 84
127 85 128 90
127 97 135 97
127 122 132 123
127 127 130 128
127 129 137 129
127 135 130 137
127 138 129 141
127 142 130 144
127 172 137 172
127 173 134 173
127 174 132 175
127 187 137 187
127 219 129 222
128 46 130 49
128 108 128 119
128 120 133 121
128 147 128 155
128 156 128 165
128 169 132 170
128 179 130 181
128 182 129 186
128 188 133 189
128 190 137 190
128 191 133 192
128 193 133 194
128 195 131 197
128 199 130 202
128 203 129 207
128 208 130 211
128 230 129 235
128 236 131 238
128 239 130 242
129 18 138 18
129 19 139 19
129 85 138 85
129 86 138 86
129 87 130 92
129 93 139 93
129 95 139 95
129 105 129 116
129 118 134 119
129 131 130 134
129 146 132 148
129 150 140 150
129 156 130 161
129 162 130 167
130 39 135 40
130 41 141 41
130 42 133 44
130 59 139 59
130 60 141 60
130 61 135 62
130 63 132 65
130 68 141 68
130 77 133 79
130 100 134 101
130 105 130 116
130 130 141 130
130 149 141 149
130 151 132 154
130 183 135 184
130 185 141 185
130 186 141 186
130 221 133 223
130 224 132 227
130 228 135 229
130 230 132 233
130 234 141 234
130 235 141 235
131 17 142 17
131 46 141 46
131 47 133 49
131 53 132 58
131 73 133 75
131 87 135 88
131 89 132 92
131 102 134 103
131 105 131 115
131 116 138 116
131 117 142 117
131 127 136 128
131 131 131 142
131 143 142 143
131 144 141 144
131 145 141 145
131 155 131 165
131 166 141 166
131 167 140 167
131 171 142 171
131 179 133 182
131 198 131 209
131 213 133 216
131 217 139 217
131 218 136 219
131 239 134 241
131 242 136 243
131 244 142 244
131 249 141 249
132 1 135 3
132 8 134 11
132 12 134 14
132 71 143 71
132 105 136 106
132 107 132 115
132 131 141 131
132 135 133 140
132 141 135 142
132 158 133 163
132 164 135 165
132 168 140 168
132 195 132 203
132 204 132 212
132 236 135 238
132 245 135 247
133 4 141 4
133 27 135 30
133 51 144 51
133 52 138 53
133 56 138 57
133 58 144 58
133 63 134 67
133 89 135 92
133 107 136 109
133 110 134 115
133 148 141 148
133 151 144 151
133 152 134 157
133 169 142 169
133 170 142 170
133 195 133 203
133 204 135 207
133 208 144 208
133 209 144 209
133 210 144 210
133 211 144 211
133 224 135 227
133 230 142 230
133 231 142 231
133 232 137 233
134 5 145 5
134 16 143 16
134 20 139 21
134 24 137 26
134 31 136 34
134 44 145 44
134 47 138 48
134 49 139 50
134 73 135 77
134 120 135 125
134 132 135 137
134 138 138 139
134 159 138 160
134 179 136 181
134 191 135 196
134 212 145 212
134 213 145 213
134 214 145 214
134 215 145 215
134 216 145 216
135 8 143 8
135 9 137 11
135 12 137 14
135 42 140 43
135 69 140 70
135 78 136 82
135 83 146 83
135 98 136 103
135 111 140 112
135 113 140 114
135 115 146 115
135 154 138 155
135 156 138 158
135 161 140 162
135 173 137 175
136 1 146 1
136 2 145 2
136 3 147 3
136 27 141 28
136 29 146 29
136 30 146 30
136 39 141 40
136 61 137 66
136 87 138 90
136 96 140 97
136 118 141 119
136 120 137 125
136 133 138 136
136 141 141 142
136 146 141 147
136 152 141 153
136 164 140 165
136 182 139 184
136 191 136 202
136 203 139 205
136 206 141 207
136 223 139 225
136 226 141 227
136 228 146 228
136 236 137 241
136 245 139 247
136 248 147 248
137 6 141 7
137 23 148 23
137 31 146 31
137 33 140 35
137 67 148 67
137 73 137 82
137 98 138 103
137 104 148 104
137 105 140 107
137 108 142 109
137 176 141 177
137 178 139 181
137 191 137 199
137 200 140 202
137 218 139 221
137 242 147 242
138 0 148 0
138 9 141 11
138 12 141 14
138 24 149 24
138 25 141 26
138 32 149 32
138 38 149 38
138 45 146 45
138 61 139 66
138 72 149 72
138 73 138 82
138 120 138 129
138 172 143 173
138 175 146 175
138 187 141 189
138 190 141 192
138 193 140 196
138 197 140 199
138 232 143 233
139 18 150 18
139 47 150 47
139 48 150 48
139 52 141 55
139 56 148 56
139 57 148 57
139 73 142 75
139 76 141 79
139 80 142 82
139 84 150 84
139 85 150 85
139 86 148 86
139 87 140 92
139 100 150 100
139 101 143 102
139 116 147 116
139 120 139 129
139 133 141 136
139 137 141 140
139 154 144 155
139 156 141 159
139 236 141 239
140 19 145 20
140 21 145 22
140 36 145 37
140 49 151 49
140 59 151 59
140 61 141 66
140 93 145 94
140 95 151 95
140 103 151 103
140 120 140 129
140 178 141 183
140 217 145 218
140 219 143 221
140 222 145 223
140 224 144 225
140 245 142 247
141 34 145 35
141 42 146 43
141 69 145 70
141 87 142 91
141 92 152 92
141 96 143 99
141 105 146 106
141 111 146 112
141 113 146 114
141 120 141 129
141 160 142 165
141 167 150 167
141 168 150 168
141 193 141 204
142 4 152 4
142 6 153 6
142 7 151 7
142 9 143 14
142 25 152 25
142 26 149 26
142 27 152 27
142 39 147 40
142 41 152 41
142 46 152 46
142 50 153 50
142 52 152 52
142 53 152 53
142 54 152 54
142 60 153 60
142 61 153 61
142 62 144 65
142 68 153 68
142 118 142 129
142 130 142 140
142 141 151 141
142 144 143 149
142 152 147 153
142 156 144 159
142 166 153 166
142 174 153 174
142 176 143 181
142 182 143 186
142 187 142 198
142 200 145 202
142 205 145 207
142 227 153 227
142 234 152 234
142 235 152 235
142 236 146 237
142 238 144 241
142 249 151 249
143 17 154 17
143 73 143 82
143 87 145 90
143 107 148 108
143 109 148 110
143 117 147 118
143 119 146 121
143 122 143 131
143 132 144 137
143 138 146 140
143 150 154 150
143 160 144 165
143 169 145 171
143 188 143 199
143 229 146 231
143 244 145 247
144 8 144 15
144 16 155 16
144 73 144 82
144 96 153 96
144 97 147 99
144 101 148 102
144 122 147 124
144 142 145 147
144 148 152 148
144 149 155 149
144 173 155 173
144 179 146 182
144 183 147 185
144 186 149 187
144 188 144 199
145 9 156 9
145 10 156 10
145 11 154 11
145 12 154 12
145 13 156 13
145 14 152 14
145 15 155 15
145 62 156 62
145 63 154 63
145 73 146 78
145 79 147 82
145 125 147 128
145 129 146 134
145 151 154 151
145 156 148 158
145 159 147 162
145 163 148 165
145 172 156 172
145 188 145 199
145 224 156 224
145 225 154 225
145 226 156 226
146 2 157 2
146 5 157 5
146 19 149 21
146 34 148 37
146 64 149 66
146 69 156 69
146 70 149 71
146 87 147 91
146 93 151 94
146 142 149 144
146 145 149 147
146 169 151 170
146 171 155 171
146 188 149 190
146 193 148 196
146 197 147 201
146 202 146 212
146 213 146 223
147 1 156 1
147 28 149 31
147 42 149 45
147 73 157 73
147 74 157 74
147 83 157 83
147 111 148 115
147 129 147 140
147 175 158 175
147 176 149 179
147 180 157 180
147 202 147 213
147 214 155 214
147 215 152 216
147 218 155 218
147 219 150 221
147 222 158 222
147 228 148 233
147 236 149 239
148 3 159 3
148 8 159 8
148 75 149 79
148 80 151 82
148 116 148 124
148 125 148 136
148 152 149 155
148 159 151 161
148 181 153 182
148 183 153 184
148 202 148 213
148 242 149 247
148 248 156 248
149 0 159 0
149 35 154 36
149 56 152 58
149 86 150 91
149 101 154 102
149 104 149 113
149 114 149 124
149 125 149 136
149 139 160 139
149 156 152 158
149 163 160 163
149 164 159 164
149 191 149 202
149 203 149 213
149 228 152 230
149 231 152 233
150 19 154 20
150 21 152 24
150 26 160 26
150 28 161 28
150 29 153 31
150 32 153 34
150 37 152 40
150 42 152 45
150 70 155 71
150 72 157 72
150 75 151 79
150 97 153 99
150 104 161 104
150 105 161 105
150 106 152 109
150 110 151 115
150 116 150 125
150 126 152 129
150 130 150 138
150 142 151 147
150 152 154 153
150 178 154 179
150 188 150 199
150 200 159 200
150 201 153 203
150 204 150 213
150 236 150 247
151 84 162 84
151 85 156 86
151 87 153 90
151 116 151 124
151 125 162 125
151 130 152 135
151 138 162 138
151 167 155 168
151 185 154 187
151 188 152 192
151 193 152 198
151 199 161 199
151 204 152 208
151 209 156 210
151 211 156 212
151 219 155 220
151 236 151 247
152 7 161 7
152 49 163 49
152 64 154 67
152 75 157 76
152 77 157 78
152 79 157 80
152 81 157 82
152 94 161 94
152 95 163 95
152 103 161 103
152 110 155 112
152 113 153 118
152 119 155 120
152 121 162 121
152 122 163 122
152 123 157 124
152 140 155 142
152 159 154 162
152 236 152 247
152 249 163 249
153 4 162 4
153 14 164 14
153 21 157 22
153 23 156 25
153 27 162 27
153 37 154 40
153 41 153 48
153 52 163 52
153 53 163 53
153 54 156 56
153 57 162 57
153 58 158 59
153 91 156 93
153 106 154 109
153 126 164 126
153 127 158 128
153 129 155 132
153 133 164 133
153 134 164 134
153 135 156 137
153 143 154 148
153 154 154 158
153 176 158 177
153 188 153 198
153 231 155 234
153 235 153 246
154 29 165 29
154 30 156 32
154 33 165 33
154 43 165 43
154 44 163 44
154 45 163 45
154 46 164 46
154 47 159 48
154 60 164 60
154 61 164 61
154 68 161 68
154 87 156 90
154 96 157 98
154 99 158 100
154 113 155 118
154 165 159 166
154 193 156 196
154 197 158 198
154 201 159 202
154 203 156 206
154 227 156 230
154 235 154 246
155 11 160 12
155 17 160 18
155 19 166 19
155 34 155 42
155 50 160 51
155 63 156 67
155 106 160 107
155 150 155 160
155 161 166 161
155 162 166 162
155 178 163 178
155 179 166 179
155 181 155 192
155 225 165 225
155 235 155 246
156 15 167 15
156 16 167 16
156 34 165 34
156 35 157 39
156 40 167 40
156 41 164 41
156 101 161 102
156 110 166 110
156 111 158 114
156 115 157 120
156 129 159 131
156 141 159 143
156 144 156 153
156 154 161 155
156 156 157 160
156 167 158 170
156 171 167 171
156 181 156 192
156 214 160 215
156 216 161 217
156 218 166 218
156 219 159 221
156 231 156 242
157 1 168 1
157 9 168 9
157 10 167 10
157 13 168 13
157 30 167 30
157 31 167 31
157 55 162 56
157 62 168 62
157 63 166 63
157 64 166 64
157 65 159 67
157 69 166 69
157 85 158 90
157 135 160 137
157 144 157 153
157 172 159 174
157 182 157 193
157 203 159 206
157 207 159 210
157 211 159 213
157 226 158 230
157 231 162 232
157 233 158 238
157 239 157 248
158 2 169 2
158 5 162 6
158 20 159 25
158 35 162 36
158 37 162 38
158 39 167 39
158 70 163 71
158 72 158 83
158 91 161 93
158 96 168 96
158 97 168 97
158 98 168 98
158 115 168 115
158 116 160 119
158 120 169 120
158 123 163 124
158 148 163 149
158 150 162 151
158 152 169 152
158 153 169 153
158 156 159 160
158 180 163 181
158 182 161 184
158 185 159 190
158 191 168 191
158 239 159 243
158 244 167 244
158 245 160 248
159 72 159 83
159 85 161 88
159 99 168 99
159 100 168 100
159 111 164 112
159 114 170 114
159 127 164 128
159 192 162 194
159 195 161 198
159 222 162 224
159 226 163 227
159 229 163 230
159 233 162 235
159 236 162 238
160 0 171 0
160 3 170 3
160 20 165 21
160 22 169 22
160 23 164 24
160 25 171 25
160 47 164 48
160 65 171 65
160 66 170 66
160 67 170 67
160 72 160 83
160 129 162 132
160 140 160 147
160 156 165 157
160 158 162 160
160 164 163 166
160 167 162 170
160 172 171 172
160 173 162 176
160 188 169 188
160 189 169 189
160 190 169 190
160 200 160 208
160 209 161 213
160 219 163 221
160 239 161 243
161 11 171 11
161 12 172 12
161 17 166 18
161 26 172 26
161 50 172 50
161 51 172 51
161 58 172 58
161 72 163 75
161 108 166 109
161 117 165 118
161 119 170 119
161 135 164 137
161 139 163 142
161 143 164 145
161 214 164 215
161 245 165 246
161 247 165 248
162 7 167 8
162 28 173 28
162 59 173 59
162 68 173 68
162 76 163 80
162 89 173 89
162 91 164 94
162 102 163 107
162 154 166 155
162 182 172 182
162 183 165 185
162 198 162 209
162 210 164 213
163 4 173 4
163 5 167 6
163 27 174 27
163 35 165 38
163 56 174 56
163 57 173 57
163 81 168 82
163 84 167 85
163 86 166 88
163 121 172 121
163 129 165 132
163 146 174 146
163 150 166 151
163 158 168 159
163 160 174 160
163 167 166 169
163 170 174 170
163 173 168 174
163 175 168 176
163 192 163 201
163 202 167 203
163 204 164 209
163 231 165 234
163 235 167 236
163 237 165 239
163 240 165 243
164 44 175 44
164 45 175 45
164 52 165 55
164 70 164 80
164 83 175 83
164 102 165 107
164 122 168 123
164 177 169 178
164 186 169 187
164 192 168 193
164 194 165 199
164 219 165 224
164 226 165 230
164 249 175 249
165 23 168 24
165 41 169 42
165 46 176 46
165 47 174 47
165 48 175 48
165 60 174 60
165 61 176 61
165 70 165 80
165 111 167 113
165 125 167 128
165 133 165 144
165 204 167 207
165 208 170 209
165 210 166 213
165 214 166 217
166 34 169 36
166 37 169 38
166 49 177 49
166 52 168 55
166 70 166 80
166 90 171 91
166 92 168 95
166 101 167 106
166 116 168 118
166 129 167 133
166 134 176 134
166 135 174 135
166 136 167 141
166 142 176 142
166 143 168 145
166 147 171 148
166 183 177 183
166 184 171 185
166 194 167 199
166 200 171 201
166 222 166 233
166 237 167 242
166 245 169 247
166 248 177 248
167 17 171 18
167 19 170 21
167 63 172 64
167 69 168 73
167 74 168 79
167 86 178 86
167 107 168 110
167 150 176 150
167 151 175 151
167 154 169 157
167 161 169 164
167 165 170 167
167 179 178 179
167 180 172 181
167 210 168 215
167 218 170 220
167 221 169 224
167 225 168 230
168 5 172 6
168 7 178 7
168 8 179 8
168 10 178 10
168 15 172 16
168 30 171 32
168 39 173 40
168 84 173 85
168 87 179 87
168 88 179 88
168 111 170 113
168 124 168 133
168 136 169 141
168 171 175 171
168 202 169 207
168 233 168 244
169 1 180 1
169 9 179 9
169 13 180 13
169 24 180 24
169 52 171 55
169 69 180 69
169 70 171 73
169 74 180 74
169 75 173 76
169 77 180 77
169 78 179 78
169 79 172 81
169 82 179 82
169 92 171 95
169 96 170 101
169 102 170 107
169 115 177 115
169 116 172 118
169 122 171 125
169 126 174 127
169 128 174 129
169 130 174 131
169 132 174 133
169 143 179 143
169 144 180 144
169 145 180 145
169 173 172 174
169 175 176 175
169 191 170 195
169 196 171 199
169 210 172 212
169 213 172 215
169 225 174 226
169 227 173 228
169 229 169 240
169 244 178 244
170 2 181 2
170 22 175 23
170 33 171 38
170 41 173 43
170 136 172 139
170 153 171 158
170 161 175 162
170 178 181 178
170 186 171 190
170 202 171 207
170 221 173 223
170 229 170 239
170 240 180 240
170 241 173 243
170 245 175 246
171 3 181 3
171 20 182 20
171 21 182 21
171 66 176 67
171 96 174 98
171 99 174 101
171 102 180 102
171 103 171 114
171 119 176 120
171 164 172 169
171 176 176 177
171 216 172 220
171 229 173 232
171 236 173 239
172 0 183 0
172 11 180 11
172 17 175 19
172 25 180 25
172 30 173 35
172 90 180 90
172 91 174 94
172 95 182 95
172 103 175 105
172 106 174 108
172 109 177 110
172 111 174 114
172 122 177 123
172 147 181 147
172 148 177 149
172 153 173 158
172 184 175 186
172 187 172 198
172 199 172 209
173 5 178 6
173 15 178 16
173 26 184 26
173 58 183 58
173 70 175 73
173 80 178 81
173 121 184 121
173 136 174 141
173 163 174 168
173 174 184 174
173 180 184 180
173 181 183 181
173 182 183 182
173 187 173 197
173 198 174 203
173 204 174 207
173 208 173 219
174 4 182 4
174 28 185 28
174 29 175 34
174 35 178 36
174 37 175 42
174 43 185 43
174 50 177 52
174 53 177 55
174 57 184 57
174 62 176 65
174 68 183 68
174 75 182 75
174 76 185 76
174 116 179 117
174 172 179 173
174 187 174 197
174 208 174 219
174 227 174 237
174 238 185 238
174 239 185 239
174 241 177 243
175 27 186 27
175 47 185 47
175 59 180 60
175 91 180 92
175 93 180 94
175 96 178 98
175 99 180 100
175 107 180 108
175 111 178 113
175 126 185 126
175 127 185 127
175 129 185 129
175 135 186 135
175 136 180 137
175 138 177 141
175 146 184 146
175 152 175 160
175 164 179 165
175 166 179 167
175 168 183 168
175 189 175 200
175 204 178 206
175 207 176 211
175 212 176 216
175 217 176 222
175 223 175 234
175 235 186 235
175 236 186 236
175 237 186 237
176 17 181 18
176 19 187 19
176 23 185 23
176 29 177 34
176 37 178 40
176 44 181 45
176 48 187 48
176 70 180 71
176 73 187 73
176 83 179 85
176 103 178 106
176 124 181 125
176 128 187 128
176 130 181 131
176 151 176 160
176 161 179 163
176 169 179 171
176 184 178 187
176 188 177 193
176 194 177 199
176 200 178 203
176 223 176 234
177 61 180 63
177 72 188 72
177 118 179 120
177 133 181 134
177 142 187 142
177 150 182 151
177 154 182 155
177 156 182 157
177 158 182 159
177 175 179 177
177 207 178 211
177 212 177 222
177 223 182 224
177 225 179 228
177 229 179 232
177 234 187 234
178 30 189 30
178 31 183 32
178 33 183 34
178 49 179 54
178 64 189 64
178 115 187 115
178 138 180 141
178 148 182 149
178 183 188 183
178 188 178 199
178 212 178 220
178 221 183 222
179 5 182 7
179 10 190 10
179 15 189 15
179 16 189 16
179 35 181 38
179 39 189 39
179 40 189 40
179 41 184 42
179 79 183 80
179 96 182 98
179 103 180 106
179 109 180 114
179 184 188 184
179 185 182 186
179 187 182 189
179 190 181 193
179 194 179 204
179 205 184 206
179 207 182 208
179 209 180 214
179 215 189 215
179 216 189 216
179 217 183 218
179 219 183 220
179 244 180 249
180 9 191 9
180 49 181 53
180 54 182 56
180 65 183 67
180 78 191 78
180 81 181 86
180 116 181 120
180 122 185 123
180 143 187 143
180 161 191 161
180 162 182 165
180 166 183 167
180 169 183 171
180 172 183 173
180 175 183 177
180 225 183 227
180 228 181 233
181 11 189 11
181 12 184 14
181 22 192 22
181 25 192 25
181 59 183 62
181 69 184 71
181 74 191 74
181 77 191 77
181 90 182 94
181 100 185 101
181 102 181 113
181 136 182 141
181 144 184 145
181 209 182 214
181 240 186 241
181 242 183 245
181 246 190 246
181 247 190 247
181 248 184 249
182 2 187 3
182 17 187 18
182 35 185 37
182 44 185 46
182 49 193 49
182 50 192 50
182 51 185 53
182 81 182 89
182 102 184 105
182 106 193 106
182 107 193 107
182 108 187 109
182 110 184 112
182 113 187 114
182 116 187 117
182 118 184 120
182 130 183 134
182 147 191 147
182 191 182 202
182 229 186 230
182 231 192 231
182 232 187 233
183 4 194 4
183 5 185 8
183 20 193 20
183 21 194 21
183 38 194 38
183 54 185 56
183 75 191 75
183 81 183 92
183 93 194 93
183 94 186 96
183 97 194 97
183 98 188 99
183 136 186 138
183 139 186 141
183 148 185 151
183 152 188 153
183 154 186 156
183 157 194 157
183 158 186 159
183 160 194 160
183 163 187 164
183 165 194 165
183 185 193 185
183 186 193 186
183 187 184 191
183 192 191 192
183 193 188 194
183 195 186 197
183 198 193 198
183 199 193 199
183 200 184 204
183 207 194 207
183 208 194 208
183 209 188 210
183 211 194 211
183 212 194 212
183 213 188 214
184 0 189 1
184 31 185 34
184 58 187 60
184 61 193 61
184 65 186 68
184 79 185 84
184 85 195 85
184 87 185 92
184 166 189 167
184 168 185 173
184 181 195 181
184 182 195 182
184 217 194 217
184 218 189 219
184 220 195 220
184 221 189 222
184 223 189 224
184 225 186 228
184 242 185 245
185 12 196 12
185 13 196 13
185 14 196 14
185 41 189 42
185 57 196 57
185 69 188 71
185 110 188 112
185 118 187 121
185 144 187 146
185 174 196 174
185 175 186 180
185 187 188 188
185 189 188 191
185 200 193 200
185 201 187 203
185 204 195 204
185 205 190 206
185 248 190 249
186 5 191 6
186 7 191 8
186 23 191 24
186 28 197 28
186 29 197 29
186 31 187 36
186 37 194 37
186 43 189 44
186 45 196 45
186 46 191 47
186 51 189 53
186 54 191 55
186 56 194 56
186 62 191 63
186 79 188 82
186 83 191 84
186 92 197 92
186 100 188 103
186 122 187 127
186 129 187 134
186 148 188 151
186 168 189 170
186 242 197 242
186 243 191 244
186 245 197 245
187 26 192 27
187 65 189 68
187 86 188 91
187 94 198 94
187 95 198 95
187 96 198 96
187 135 198 135
187 156 194 156
187 158 192 159
187 175 192 176
187 177 189 180
187 196 191 197
187 227 189 230
187 240 191 241
188 2 199 2
188 3 199 3
188 18 193 19
188 31 189 36
188 60 195 60
188 105 199 105
188 108 193 109
188 113 188 124
188 125 191 127
188 128 198 128
188 129 189 133
188 134 198 134
188 136 191 138
188 142 190 144
188 145 199 145
188 146 198 146
188 162 191 164
188 201 193 202
188 203 195 203
188 232 191 234
188 235 189 239
189 71 199 71
189 72 194 73
189 79 191 82
189 86 199 86
189 87 194 88
189 89 194 90
189 91 198 91
189 98 194 99
189 100 194 101
189 102 194 103
189 111 189 122
189 123 194 124
189 148 191 151
189 152 191 155
189 183 194 184
189 187 191 190
189 209 194 210
189 213 194 214
190 0 199 0
190 11 199 11
190 15 193 17
190 30 194 31
190 39 195 40
190 41 192 44
190 51 192 53
190 58 195 59
190 64 199 64
190 65 191 70
190 110 190 120
190 121 193 122
190 129 191 133
190 139 193 141
190 166 190 173
190 215 194 216
190 221 192 224
190 225 192 228
190 235 195 236
191 10 199 10
191 32 192 36
191 110 193 113
191 114 193 117
191 118 193 120
191 142 193 144
191 166 192 171
191 205 195 206
191 246 196 247
191 248 196 249
192 5 195 7
192 8 197 9
192 63 199 63
192 65 197 66
192 67 195 69
192 70 199 70
192 74 194 77
192 78 199 78
192 79 195 81
192 82 199 82
192 125 199 125
192 130 195 132
192 136 197 137
192 147 197 148
192 149 195 151
192 152 194 155
192 161 194 164
192 177 194 180
192 187 193 190
192 191 193 196
192 232 195 234
192 240 197 241
193 22 194 27
193 32 194 36
193 41 195 44
193 46 196 48
193 50 194 55
193 166 195 169
193 170 195 173
193 221 198 222
193 223 198 224
193 225 196 227
193 228 195 231
194 15 195 20
194 61 199 62
194 106 196 109
194 110 196 113
194 114 196 117
194 118 196 121
194 138 195 143
194 185 195 190
194 191 194 202
195 21 199 22
195 23 196 27
195 30 198 32
195 33 199 34
195 35 197 38
195 49 195 56
195 76 199 77
195 88 198 90
195 102 199 103
195 152 195 163
195 191 195 202
195 207 195 218
196 5 199 7
196 40 198 43
196 49 196 56
196 58 199 60
196 67 199 69
196 72 198 75
196 83 199 85
196 98 198 101
196 130 198 133
196 139 199 140
196 141 198 144
196 149 197 154
196 156 197 161
196 163 197 168
196 169 197 173
196 175 197 180
196 181 199 183
196 185 198 188
196 189 199 191
196 192 198 195
196 196 199 198
196 199 199 201
196 202 198 205
196 206 199 208
196 209 198 212
196 213 198 216
196 217 198 220
196 228 196 239
197 12 197 20
197 23 199 26
197 45 199 48
197 49 199 52
197 54 199 57
197 110 199 113
197 114 197 124
197 225 198 229
197 230 199 233
197 234 198 239
197 246 199 249
198 12 199 17
198 35 199 39
198 114 199 119
198 147 198 157
198 158 198 166
198 167 198 178
198 240 199 245
199 87 199 98
199 127 199 138
199 146 199 157
199 158 199 167
199 168 199 179
199 209 199 219
199 220 199 229
