3723 
0 0 5 1 
2 2 11 2 
12 3 21 3 
11 3 11 14 
12 5 22 5 
12 12 21 12 
0 2 0 12 
1 10 3 13 
14 6 17 7 
14 8 22 8 
21 9 23 11 
18 9 20 11 
18 7 29 7 
23 8 33 8 
26 9 36 9 
33 10 35 12 
37 9 45 9 
42 10 45 12 
45 13 49 14 
46 15 49 17 
50 16 61 16 
62 16 63 21 
55 17 59 18 
60 17 61 22 
61 23 61 34 
62 25 62 36 
50 14 61 14 
61 15 72 15 
64 16 75 16 
66 17 71 18 
59 19 59 30 
44 13 44 24 
45 23 49 24 
45 25 47 27 
42 13 42 24 
43 22 43 33 
44 32 49 33 
50 32 54 33 
44 30 52 30 
50 34 55 35 
50 36 50 46 
51 40 60 40 
61 41 63 43 
58 41 59 46 
60 43 60 54 
64 41 65 46 
66 43 67 48 
66 41 71 42 
71 43 73 46 
74 43 74 54 
75 45 78 47 
69 43 70 48 
68 47 68 58 
69 57 70 61 
69 53 71 55 
51 42 55 43 
56 43 56 54 
57 54 58 58 
59 54 59 65 
60 57 65 58 
60 66 64 67 
65 66 65 77 
65 78 76 78 
66 79 66 89 
72 79 76 80 
73 81 82 81 
83 81 88 82 
79 82 80 87 
81 87 90 87 
72 81 72 91 
67 82 71 83 
68 84 69 88 
70 89 71 94 
73 88 82 88 
83 89 83 99 
66 68 74 68 
71 69 81 69 
74 70 75 74 
76 75 85 75 
79 76 90 76 
89 77 92 79 
81 77 83 80 
66 90 66 101 
67 101 72 102 
60 65 70 65 
83 88 93 88 
93 78 104 78 
96 79 103 79 
84 90 95 90 
93 91 97 92 
98 93 107 93 
107 94 108 99 
87 91 90 93 
91 92 91 102 
92 96 95 98 
96 97 105 97 
95 99 100 100 
91 103 99 103 
106 94 106 104 
107 103 107 113 
108 111 108 121 
95 101 100 102 
107 100 112 101 
81 89 82 94 
102 98 104 100 
101 99 101 109 
102 108 104 111 
105 101 105 112 
106 110 106 120 
107 121 107 131 
108 127 117 127 
108 130 118 130 
108 123 111 125 
108 128 119 128 
116 129 126 129 
124 130 128 131 
107 132 115 132 
127 132 138 132 
139 133 142 134 
139 132 147 132 
143 133 147 134 
138 133 138 143 
139 135 140 139 
112 126 123 126 
143 135 147 136 
143 137 152 137 
139 140 140 144 
141 141 152 141 
151 142 155 143 
141 140 152 140 
153 144 155 147 
153 148 153 158 
153 159 155 162 
114 131 123 131 
121 132 122 137 
123 134 127 135 
156 144 166 144 
161 145 166 146 
164 147 173 147 
170 148 171 152 
174 148 183 148 
172 150 174 153 
175 153 178 155 
179 153 189 153 
185 154 187 157 
186 158 196 158 
172 154 174 157 
175 158 180 159 
178 160 178 171 
179 169 188 169 
157 145 159 148 
185 170 195 170 
196 171 197 176 
192 171 193 176 
194 176 195 180 
196 177 198 179 
160 147 160 158 
161 155 170 155 
163 156 168 157 
165 158 165 169 
161 152 163 154 
166 165 175 165 
173 166 175 169 
195 181 197 184 
196 185 198 188 
199 187 199 198 
197 189 197 200 
198 198 198 208 
187 159 189 161 
161 147 163 149 
162 150 167 151 
190 159 195 160 
190 161 193 163 
193 164 196 166 
197 167 199 170 
194 167 196 169 
196 159 199 161 
166 163 171 164 
154 150 157 152 
158 152 159 157 
156 153 157 158 
158 158 158 169 
159 166 162 168 
160 169 164 170 
127 133 136 133 
128 134 128 145 
129 145 131 148 
132 145 132 155 
133 148 135 151 
136 148 140 149 
136 151 141 152 
138 153 149 153 
133 146 141 146 
140 147 151 147 
148 148 151 150 
148 151 152 152 
143 148 144 152 
129 149 130 154 
129 134 132 136 
131 137 132 141 
133 139 136 141 
175 156 180 157 
181 156 183 159 
184 160 185 164 
186 163 189 165 
168 150 169 154 
111 102 119 102 
116 103 118 105 
129 141 130 144 
63 27 68 28 
64 29 72 29 
71 30 82 30 
68 30 70 32 
71 33 81 33 
71 34 74 36 
75 36 86 36 
78 37 87 37 
75 35 85 35 
83 38 83 49 
84 40 85 44 
84 49 86 52 
86 44 88 47 
84 45 85 48 
75 34 83 34 
83 83 91 83 
92 83 101 83 
93 84 98 85 
93 86 101 86 
93 87 103 87 
95 88 100 89 
98 90 103 91 
104 91 114 91 
166 166 169 168 
170 167 172 169 
81 95 82 99 
67 91 69 94 
67 95 77 95 
70 96 78 96 
143 154 143 165 
144 161 148 162 
149 163 153 164 
147 163 147 173 
148 164 148 175 
144 163 144 174 
145 170 145 180 
149 174 152 176 
144 159 148 160 
150 153 152 155 
12 6 13 11 
148 132 158 132 
159 132 169 132 
150 133 155 134 
156 134 167 134 
164 135 171 135 
168 134 178 134 
155 135 158 136 
171 136 180 136 
181 136 181 146 
182 141 185 143 
185 144 188 146 
186 147 195 147 
189 148 199 148 
194 149 198 150 
170 132 173 133 
157 133 165 133 
186 142 190 143 
191 143 196 144 
193 145 196 146 
191 149 192 153 
193 154 194 157 
48 27 58 27 
55 28 58 30 
58 31 60 34 
56 31 57 35 
73 83 76 85 
72 93 79 93 
86 38 88 40 
89 41 99 41 
89 39 100 39 
63 22 74 22 
73 23 83 23 
83 24 88 25 
89 25 100 25 
83 26 86 28 
87 29 92 30 
88 31 97 31 
94 32 101 32 
89 26 92 28 
93 27 100 27 
96 26 105 26 
102 27 111 27 
106 28 109 30 
112 28 115 30 
115 31 117 34 
118 34 128 34 
106 26 114 26 
96 33 99 35 
97 36 107 36 
103 37 108 38 
109 38 112 40 
109 41 118 41 
110 42 119 42 
118 43 129 43 
116 28 127 28 
118 29 122 30 
127 29 132 30 
130 31 133 33 
134 31 136 34 
137 31 145 31 
137 32 137 43 
138 36 142 37 
138 43 138 54 
139 43 144 44 
145 44 156 44 
154 45 159 46 
159 47 160 52 
154 47 156 50 
150 45 153 46 
161 52 163 55 
149 45 149 55 
150 51 150 61 
143 37 154 37 
152 38 154 40 
144 38 148 39 
145 40 149 41 
151 51 151 61 
104 28 105 33 
105 34 114 34 
106 35 116 35 
110 36 121 36 
67 23 72 24 
138 33 140 35 
91 32 92 36 
91 37 94 38 
80 24 82 27 
126 44 127 48 
127 49 132 50 
128 48 137 48 
115 26 120 27 
139 32 149 32 
150 33 157 33 
154 34 165 34 
122 35 127 36 
126 37 127 42 
164 35 164 45 
164 46 166 49 
141 45 144 47 
145 45 147 48 
118 31 129 31 
148 47 148 57 
163 56 166 57 
93 28 98 29 
95 30 103 30 
126 49 126 60 
127 59 128 64 
127 65 132 66 
127 67 129 70 
133 65 142 65 
143 66 152 66 
153 67 153 78 
149 67 149 78 
150 75 151 79 
152 80 156 81 
153 79 164 79 
158 80 167 80 
165 81 166 85 
167 81 168 86 
169 83 172 85 
173 84 176 85 
169 82 180 82 
180 83 180 93 
178 83 178 94 
179 91 179 102 
179 103 187 103 
183 104 186 106 
180 100 185 101 
183 102 192 102 
178 95 178 106 
181 86 184 87 
193 103 198 104 
150 72 152 74 
174 86 174 96 
175 96 177 98 
141 66 142 70 
142 71 147 72 
143 69 147 70 
144 73 147 74 
142 73 143 78 
144 76 148 77 
193 105 195 108 
196 106 196 117 
197 111 198 116 
197 108 199 110 
197 117 197 128 
198 129 198 140 
193 109 195 112 
194 113 194 123 
195 113 195 124 
199 115 199 126 
196 118 196 129 
195 125 195 135 
196 136 197 141 
198 141 199 145 
178 107 182 108 
152 53 154 56 
155 56 162 56 
155 57 162 57 
153 57 154 61 
154 62 164 62 
162 63 164 66 
165 66 176 66 
177 66 179 69 
180 66 180 76 
181 66 183 69 
178 70 178 81 
179 77 187 77 
155 63 156 68 
157 66 159 69 
160 66 160 76 
161 74 172 74 
163 75 166 77 
167 76 177 76 
188 77 192 78 
191 79 199 79 
168 67 173 68 
174 69 175 73 
186 78 186 88 
187 79 189 82 
190 83 190 93 
191 91 193 94 
190 81 194 82 
195 82 195 92 
194 95 197 97 
196 91 199 93 
186 89 189 90 
191 83 194 85 
194 86 194 94 
159 70 159 77 
155 53 157 55 
160 58 169 58 
198 97 199 102 
155 60 166 60 
162 61 173 61 
165 62 173 62 
165 63 173 63 
170 64 181 64 
170 65 181 65 
161 72 166 73 
181 74 184 76 
184 66 189 67 
190 67 193 69 
194 67 195 72 
194 73 198 74 
48 28 53 29 
170 170 170 181 
170 182 173 184 
171 185 182 185 
175 186 178 188 
172 186 172 196 
173 197 175 200 
173 191 184 191 
185 192 188 193 
189 192 194 193 
192 194 194 196 
195 194 195 205 
189 194 191 197 
190 198 190 208 
176 199 177 203 
191 207 194 209 
187 194 188 199 
176 198 186 198 
176 204 185 204 
181 205 181 216 
177 205 180 207 
177 208 180 210 
191 202 194 204 
195 206 197 209 
196 210 198 213 
173 195 184 195 
171 176 182 176 
175 177 178 179 
172 177 174 180 
182 177 191 177 
188 178 189 182 
177 180 178 184 
179 180 180 184 
184 178 186 181 
197 214 199 217 
199 218 199 228 
185 182 187 185 
186 186 195 186 
193 187 194 190 
188 187 191 189 
183 185 184 189 
185 187 187 190 
175 192 180 193 
177 194 184 194 
189 199 189 209 
179 177 181 179 
185 205 187 208 
180 186 182 189 
171 171 173 174 
180 199 182 202 
180 203 188 203 
183 199 185 202 
185 209 186 213 
99 85 108 85 
105 86 110 87 
154 71 155 75 
186 171 187 175 
188 171 191 173 
188 174 190 176 
179 160 181 163 
11 15 14 17 
11 18 22 18 
19 19 21 21 
13 19 14 24 
15 20 16 25 
17 21 17 31 
18 26 18 36 
19 26 28 26 
19 36 24 37 
19 32 30 32 
31 32 40 32 
29 26 34 27 
30 28 35 29 
33 30 36 31 
31 33 33 36 
34 36 44 36 
34 37 45 37 
42 38 47 39 
40 38 40 49 
41 40 46 41 
41 47 52 47 
46 48 51 49 
53 48 54 53 
52 48 52 59 
42 42 46 43 
26 27 27 31 
19 38 19 49 
20 38 30 38 
20 45 31 45 
22 46 32 46 
23 47 23 57 
24 39 34 39 
31 40 35 41 
20 46 20 57 
21 46 21 57 
31 38 39 38 
22 56 22 67 
23 68 31 68 
28 69 38 69 
34 70 34 81 
35 73 39 74 
35 78 36 83 
37 79 39 82 
37 84 41 85 
41 86 44 88 
37 70 45 70 
40 86 40 96 
41 96 51 96 
42 97 43 102 
42 84 53 84 
40 71 48 71 
42 72 45 74 
46 72 54 72 
51 73 60 73 
41 72 41 83 
40 97 40 108 
41 106 52 106 
46 107 46 118 
41 103 43 105 
46 119 54 119 
47 115 55 115 
49 116 54 117 
56 116 56 126 
57 118 62 119 
61 120 62 125 
23 58 25 60 
26 61 27 66 
28 65 33 66 
28 67 38 67 
32 68 41 68 
56 74 64 74 
58 75 61 77 
62 77 64 79 
43 89 44 94 
44 95 52 95 
45 97 48 99 
49 99 53 100 
54 99 57 100 
56 101 63 101 
59 102 66 102 
59 103 59 113 
61 103 61 113 
57 124 58 129 
54 74 54 85 
55 82 59 83 
60 83 61 87 
57 84 58 89 
59 87 59 97 
60 94 63 96 
64 94 65 98 
60 90 62 93 
42 82 52 82 
62 113 69 113 
65 114 69 115 
47 85 52 86 
20 39 23 40 
47 120 48 124 
48 125 49 129 
49 130 60 130 
49 131 57 131 
51 132 54 134 
57 132 60 134 
57 135 59 138 
55 135 55 146 
50 127 54 128 
54 135 54 145 
56 140 61 141 
58 142 62 143 
56 142 57 147 
63 143 66 145 
62 83 64 86 
62 87 64 89 
63 90 65 93 
62 126 64 129 
62 130 67 131 
65 132 65 142 
49 132 50 136 
41 48 42 52 
49 73 49 81 
37 86 39 89 
19 35 30 35 
34 65 38 66 
40 72 40 82 
34 33 36 35 
49 50 49 61 
49 62 52 64 
53 62 54 67 
50 53 51 58 
50 60 55 61 
55 62 57 65 
45 107 45 117 
39 69 49 69 
50 70 54 71 
55 71 58 72 
24 53 29 54 
30 55 34 56 
41 53 46 54 
63 103 65 105 
64 106 75 106 
73 107 84 107 
81 108 92 108 
93 108 98 109 
88 109 88 119 
88 120 89 125 
89 119 100 119 
89 110 91 113 
92 112 103 112 
103 113 104 118 
105 119 105 129 
106 126 106 137 
107 134 112 135 
89 114 93 115 
90 116 93 118 
90 120 90 130 
94 116 99 117 
100 120 104 121 
101 122 101 132 
102 123 102 133 
103 125 104 130 
23 63 25 66 
22 19 25 21 
22 22 31 22 
30 23 40 23 
36 24 37 29 
38 24 39 29 
38 30 42 31 
26 23 29 25 
78 108 79 113 
80 113 83 115 
82 116 82 127 
83 121 84 125 
83 126 86 128 
85 129 85 139 
85 140 85 150 
86 140 97 140 
86 147 91 148 
86 151 88 154 
86 155 97 155 
86 143 97 143 
94 141 105 141 
86 136 93 136 
86 145 97 145 
95 146 106 146 
105 147 115 147 
102 147 103 152 
97 147 101 148 
100 149 100 159 
101 157 103 159 
97 149 99 152 
96 147 96 154 
93 146 94 150 
85 151 85 161 
86 158 97 158 
97 159 99 162 
87 159 96 159 
93 160 95 163 
96 164 101 165 
100 166 104 167 
96 166 96 177 
97 173 97 183 
95 164 95 175 
97 168 107 168 
108 169 110 172 
110 173 114 174 
100 169 101 174 
102 169 103 174 
111 170 114 172 
115 172 116 176 
98 179 109 179 
101 180 105 181 
100 180 100 190 
101 188 102 193 
101 194 101 204 
107 180 117 180 
110 179 121 179 
102 200 111 200 
110 201 121 201 
111 202 114 203 
103 142 107 143 
105 144 108 145 
87 160 87 170 
88 166 93 167 
91 168 93 171 
91 172 93 174 
94 170 94 181 
95 178 96 183 
94 182 94 192 
99 163 110 163 
110 164 113 166 
114 164 123 164 
119 165 129 165 
126 166 129 168 
86 129 88 132 
86 133 91 134 
86 135 97 135 
98 136 102 137 
89 131 100 131 
98 135 105 135 
111 204 115 205 
116 206 118 209 
105 148 107 151 
96 132 98 134 
104 164 109 165 
102 197 111 197 
108 198 119 198 
120 199 124 200 
125 201 126 205 
127 205 127 215 
127 203 131 204 
113 199 116 200 
128 206 139 206 
138 207 138 218 
132 207 136 208 
137 208 137 219 
127 216 132 217 
128 218 128 228 
129 222 130 227 
131 223 131 233 
132 231 142 231 
127 218 127 228 
127 229 127 239 
128 231 130 234 
132 224 137 225 
135 226 145 226 
132 232 137 233 
138 234 138 244 
96 144 104 144 
103 189 114 189 
106 190 109 192 
111 190 115 191 
106 193 108 196 
115 189 123 189 
120 190 123 191 
123 192 125 195 
104 190 105 195 
124 190 128 191 
126 192 129 194 
130 192 137 192 
137 193 148 193 
147 194 151 195 
152 196 162 196 
162 197 163 201 
162 202 173 202 
164 203 175 203 
168 204 173 205 
139 194 144 195 
131 193 132 198 
126 195 130 196 
164 198 167 200 
166 204 167 208 
168 206 170 209 
170 210 170 220 
171 213 173 216 
171 206 174 208 
171 217 180 217 
173 218 184 218 
175 219 186 219 
185 220 185 231 
186 226 196 226 
181 220 182 225 
183 224 183 234 
184 227 184 238 
186 221 189 223 
176 220 179 222 
186 220 196 220 
192 221 196 222 
194 223 197 225 
175 206 176 211 
176 212 179 213 
177 214 180 216 
188 227 189 232 
190 227 192 229 
191 230 196 231 
183 235 183 246 
142 196 145 198 
143 199 144 203 
145 201 146 205 
146 206 157 206 
152 207 153 211 
147 201 154 201 
148 202 158 202 
156 203 159 205 
152 203 155 204 
158 206 158 216 
158 217 162 218 
159 206 162 208 
160 219 169 219 
164 220 167 221 
168 221 168 232 
168 233 179 233 
180 234 180 245 
180 246 182 249 
181 234 182 239 
175 234 178 235 
179 234 179 244 
190 223 193 225 
163 220 163 230 
164 222 167 224 
164 226 165 230 
164 231 165 235 
166 235 168 238 
169 236 178 236 
169 237 173 238 
171 239 172 243 
173 241 177 242 
174 243 178 244 
170 239 170 248 
173 239 178 240 
175 237 178 238 
169 225 174 226 
174 227 179 228 
180 229 182 232 
193 227 196 229 
157 207 157 217 
144 227 145 231 
102 182 110 182 
120 202 123 204 
138 192 149 192 
130 235 131 240 
132 240 133 244 
132 245 133 249 
132 238 137 239 
134 245 135 249 
136 245 141 246 
84 129 84 139 
128 235 129 239 
142 246 151 246 
146 247 155 247 
150 248 155 249 
152 246 162 246 
158 219 159 224 
156 249 164 249 
142 199 142 210 
142 211 143 216 
144 211 145 215 
197 229 198 233 
199 234 199 244 
98 181 99 185 
94 136 97 138 
168 210 169 214 
95 188 95 198 
96 194 98 197 
99 194 99 205 
100 198 100 209 
194 232 195 236 
196 236 196 247 
197 243 198 247 
154 207 156 210 
154 211 154 222 
155 216 155 226 
156 226 157 231 
156 232 158 235 
156 218 157 223 
100 175 102 178 
103 176 114 176 
106 177 116 177 
188 233 193 234 
169 239 169 248 
119 210 119 220 
159 232 159 243 
160 237 161 242 
162 242 164 245 
164 246 168 247 
51 101 52 105 
53 105 54 110 
55 111 58 113 
46 73 46 81 
128 211 129 215 
130 214 133 215 
134 214 136 217 
142 232 147 233 
73 101 80 101 
80 102 84 103 
83 104 85 106 
75 102 79 103 
12 13 23 13 
23 14 34 14 
24 15 33 15 
29 16 33 17 
34 15 37 17 
34 18 39 19 
184 242 189 243 
187 244 188 248 
190 243 191 247 
192 248 197 249 
192 243 195 245 
181 82 183 85 
150 165 155 166 
151 167 156 168 
151 169 153 171 
61 132 62 137 
63 136 64 140 
180 164 183 166 
184 167 188 168 
160 232 162 234 
162 235 163 239 
164 236 165 240 
156 143 165 143 
114 167 116 169 
66 67 77 67 
75 68 85 68 
185 107 185 117 
186 110 186 120 
187 118 190 119 
190 120 193 122 
192 123 192 134 
187 114 190 115 
188 116 193 117 
193 132 194 137 
193 138 195 141 
193 126 194 130 
87 48 95 48 
90 49 93 51 
93 52 102 52 
94 53 98 54 
98 55 103 56 
95 55 95 66 
96 60 103 60 
102 61 107 62 
108 62 113 63 
114 64 114 75 
96 65 107 65 
96 66 105 66 
108 64 109 69 
110 68 112 71 
111 72 112 77 
110 65 112 67 
113 70 113 81 
114 76 114 86 
110 72 110 83 
111 81 112 86 
113 83 113 90 
106 66 107 71 
109 70 109 81 
114 89 124 89 
116 90 118 92 
119 90 123 91 
119 92 119 100 
121 92 131 92 
122 93 123 97 
131 93 131 103 
132 99 143 99 
133 100 134 105 
133 106 138 107 
137 108 147 108 
139 109 149 109 
134 108 134 119 
135 108 135 119 
136 114 141 115 
136 112 140 113 
139 106 148 106 
146 107 156 107 
156 108 164 108 
135 100 138 102 
139 103 147 103 
148 110 150 113 
124 95 127 96 
125 90 133 90 
134 90 139 91 
150 108 155 109 
152 110 161 110 
158 111 169 111 
168 112 171 113 
156 111 157 116 
162 112 165 114 
169 114 180 114 
169 115 178 115 
171 116 181 116 
179 117 182 119 
176 117 178 120 
172 113 180 113 
120 92 120 102 
121 97 121 107 
122 107 130 107 
99 67 102 69 
101 70 101 77 
102 70 105 72 
103 73 104 76 
137 116 139 119 
140 119 142 122 
143 120 145 123 
136 119 136 130 
137 126 148 126 
139 127 146 127 
147 128 152 129 
137 130 142 131 
157 167 157 177 
158 170 159 175 
148 135 151 136 
141 33 144 35 
143 36 152 36 
121 192 122 196 
122 197 127 198 
127 199 132 200 
128 201 131 202 
132 202 141 202 
141 203 141 214 
47 54 48 59 
198 171 199 176 
77 97 80 99 
77 100 87 100 
45 85 45 93 
46 92 51 93 
46 89 54 89 
49 90 53 91 
52 93 57 94 
115 83 118 85 
117 86 122 87 
119 84 129 84 
119 83 128 83 
122 85 133 85 
134 86 135 89 
128 86 131 88 
119 88 127 88 
130 84 141 84 
142 84 152 84 
134 85 144 85 
144 86 153 86 
150 87 158 87 
150 88 153 90 
151 91 153 94 
150 85 158 85 
152 95 153 100 
154 98 157 99 
158 99 161 101 
159 102 161 105 
155 88 166 88 
167 88 172 89 
156 89 166 89 
172 90 173 94 
172 95 172 106 
173 101 173 111 
167 90 167 100 
174 107 176 110 
69 107 70 112 
71 109 73 112 
71 113 71 123 
72 113 72 124 
73 113 75 116 
73 122 74 126 
113 134 116 136 
116 137 118 140 
119 141 122 143 
143 204 144 208 
145 209 150 210 
151 211 151 222 
152 223 154 226 
148 211 150 214 
104 79 106 82 
107 79 108 84 
68 33 70 36 
20 41 29 41 
28 42 37 42 
37 43 37 54 
38 47 38 57 
37 55 37 64 
38 63 46 63 
38 64 47 64 
48 65 50 68 
34 43 34 53 
39 51 40 56 
51 69 61 69 
57 50 59 53 
190 210 193 212 
115 103 115 114 
116 115 121 116 
119 117 127 117 
125 118 130 119 
119 118 121 120 
123 118 124 123 
119 121 120 125 
121 125 130 125 
126 126 134 126 
131 118 132 122 
133 122 135 125 
74 127 81 127 
81 128 81 138 
82 137 82 148 
82 149 82 159 
83 160 84 164 
85 162 85 173 
86 164 86 175 
87 171 90 173 
87 174 90 176 
83 153 84 157 
87 177 88 182 
89 182 91 185 
82 131 83 135 
91 177 93 179 
83 165 83 176 
84 170 84 180 
85 174 85 184 
96 198 96 208 
97 205 98 210 
97 200 98 204 
20 27 25 28 
21 29 23 31 
154 86 165 86 
163 87 172 87 
156 247 160 248 
60 104 60 114 
76 114 78 117 
76 118 80 119 
79 120 80 125 
50 97 55 98 
195 75 198 77 
196 69 199 71 
68 69 69 74 
70 74 73 76 
101 205 110 205 
109 206 113 207 
35 56 36 61 
72 17 82 17 
83 17 92 17 
88 18 91 20 
91 21 96 22 
88 21 90 23 
72 18 79 18 
79 19 82 21 
83 20 86 21 
74 19 77 21 
78 22 87 22 
181 113 184 115 
184 116 184 127 
184 128 185 132 
52 120 55 122 
133 153 136 155 
137 154 137 165 
138 162 138 173 
139 170 140 175 
141 175 144 177 
138 158 142 159 
138 160 142 161 
143 178 144 183 
190 179 192 182 
193 181 194 185 
130 69 133 71 
134 127 135 131 
140 91 141 95 
142 91 143 95 
142 96 145 98 
146 96 149 98 
150 96 150 106 
151 103 153 106 
144 93 147 95 
146 99 149 101 
154 104 157 106 
185 122 187 124 
3 3 5 6 
6 5 6 15 
7 15 10 17 
6 16 6 26 
7 27 9 30 
9 18 9 26 
10 22 10 32 
11 30 12 35 
13 35 15 38 
16 37 18 40 
16 41 16 51 
17 49 18 54 
105 88 110 89 
197 237 198 241 
79 46 82 48 
80 49 81 53 
82 49 82 60 
83 56 85 58 
86 58 88 61 
82 61 85 63 
86 62 88 65 
87 66 92 67 
89 68 94 69 
95 68 96 73 
97 70 98 74 
91 70 94 72 
99 74 100 77 
89 63 93 64 
92 73 94 75 
87 68 88 73 
87 74 91 75 
89 70 90 73 
28 30 32 31 
58 78 60 80 
61 81 64 82 
72 42 80 42 
75 43 82 43 
132 156 134 159 
135 159 136 163 
136 164 136 175 
134 160 134 171 
106 181 116 181 
117 181 122 182 
119 183 127 183 
126 184 127 188 
128 187 135 187 
136 187 145 187 
128 188 132 189 
139 188 144 189 
133 188 137 189 
129 190 137 190 
136 191 146 191 
147 191 158 191 
154 192 159 193 
103 137 104 140 
133 135 134 138 
63 37 72 37 
68 38 78 38 
71 39 76 40 
181 196 186 197 
194 237 195 241 
146 120 148 123 
146 124 155 124 
150 125 152 127 
153 127 154 131 
155 129 159 130 
160 131 171 131 
160 130 171 130 
117 167 117 177 
118 168 118 177 
118 178 129 178 
122 179 132 179 
128 180 132 181 
129 182 132 184 
132 185 137 186 
138 185 142 186 
119 177 128 177 
86 181 86 191 
119 173 120 176 
6 27 6 37 
6 38 11 39 
52 36 57 37 
55 38 60 39 
61 40 70 40 
84 181 84 192 
85 192 87 195 
67 66 77 66 
60 61 65 62 
65 63 72 63 
68 64 79 64 
76 65 85 65 
128 39 133 40 
131 41 136 42 
132 43 135 45 
167 57 176 57 
173 58 176 59 
176 60 178 62 
177 63 186 63 
187 63 189 65 
179 60 184 61 
184 69 189 70 
190 70 193 72 
17 14 19 17 
108 151 109 156 
110 151 121 151 
122 151 122 161 
123 155 131 155 
123 153 128 154 
113 152 117 153 
123 162 133 162 
130 163 131 167 
123 151 127 152 
132 163 133 168 
77 39 82 40 
137 170 137 181 
137 182 141 183 
137 184 147 184 
145 185 153 185 
145 186 156 186 
150 187 154 188 
157 186 158 190 
148 184 157 184 
152 189 156 190 
190 64 193 66 
139 234 143 235 
141 236 149 236 
142 237 153 237 
143 238 144 242 
148 238 153 239 
151 240 152 244 
154 238 155 242 
145 241 146 244 
146 245 155 245 
145 238 147 240 
148 240 150 243 
156 241 158 244 
186 128 188 130 
189 131 190 136 
112 148 123 148 
119 149 124 150 
166 226 166 234 
167 226 167 233 
146 230 151 231 
162 109 166 110 
146 49 147 54 
139 216 140 221 
141 220 146 221 
141 222 148 222 
67 25 75 25 
76 26 79 28 
71 31 82 31 
71 32 81 32 
177 84 177 95 
161 158 162 163 
163 159 163 168 
133 72 134 77 
135 75 140 76 
139 77 141 80 
137 77 138 82 
107 183 109 185 
110 184 113 186 
114 186 125 186 
111 187 120 187 
115 188 125 188 
44 75 45 80 
75 52 76 56 
77 52 78 56 
75 57 76 62 
77 61 80 62 
79 57 80 60 
123 166 124 171 
124 172 129 173 
129 174 133 175 
130 176 135 177 
135 178 136 183 
172 163 176 164 
181 91 189 91 
182 92 185 94 
183 95 186 97 
185 98 189 99 
188 100 192 101 
193 101 197 102 
121 44 123 47 
55 106 57 109 
190 164 191 169 
171 220 172 223 
171 224 180 224 
66 140 71 141 
71 142 80 142 
67 142 68 146 
69 143 80 143 
72 144 74 146 
75 144 80 145 
74 147 77 149 
78 149 79 154 
69 144 69 154 
70 145 70 155 
71 154 71 165 
72 159 74 162 
72 164 82 164 
72 163 80 163 
73 165 78 166 
81 165 81 175 
81 176 82 180 
83 180 83 190 
81 181 82 185 
81 186 82 191 
81 192 83 195 
72 158 81 158 
35 47 35 54 
83 18 87 19 
53 86 56 88 
24 55 29 56 
28 57 33 58 
29 59 33 60 
30 61 34 62 
101 185 106 186 
107 187 110 188 
101 207 106 208 
107 209 109 212 
109 213 111 216 
110 209 115 210 
22 12 32 12 
26 13 33 13 
109 194 113 195 
24 48 31 48 
25 49 33 49 
150 68 151 71 
185 61 196 61 
197 62 199 64 
191 62 195 63 
112 213 112 223 
113 222 115 225 
116 223 117 228 
113 218 117 219 
113 226 113 237 
114 231 121 231 
122 232 125 234 
114 230 123 230 
118 228 123 229 
113 220 117 221 
66 70 67 75 
186 92 189 94 
17 43 18 48 
43 34 48 35 
48 36 49 40 
86 144 95 144 
120 132 120 139 
97 184 97 192 
141 171 143 174 
146 226 151 227 
148 228 153 229 
101 40 102 45 
148 154 149 158 
150 156 152 159 
150 160 152 162 
111 43 116 44 
117 45 120 47 
121 48 125 49 
122 50 124 53 
124 54 124 65 
125 64 126 68 
114 45 116 48 
115 49 120 50 
114 234 119 235 
120 236 120 246 
121 237 124 239 
122 240 126 241 
125 242 127 244 
128 243 130 246 
128 247 131 248 
93 17 101 17 
90 160 92 163 
150 232 153 234 
22 47 22 55 
132 94 136 95 
136 96 141 97 
132 96 135 98 
50 77 52 79 
135 209 136 212 
158 81 160 84 
161 81 162 85 
168 80 176 80 
53 95 57 96 
169 158 171 160 
118 224 121 225 
122 224 124 227 
125 224 126 229 
63 114 63 124 
64 124 69 125 
142 115 144 117 
84 109 84 119 
112 92 114 95 
115 94 117 97 
80 109 81 112 
98 139 102 140 
145 33 147 35 
78 89 80 91 
157 117 157 127 
58 99 62 100 
156 117 156 128 
157 128 168 128 
166 129 177 129 
173 130 178 131 
169 128 178 128 
179 131 181 134 
182 131 183 136 
182 137 187 138 
182 139 192 139 
187 140 192 141 
66 62 73 62 
79 128 79 138 
72 140 77 141 
98 153 99 158 
136 86 138 89 
139 86 140 89 
141 89 149 89 
141 90 149 90 
145 91 150 92 
88 149 92 150 
93 151 94 154 
156 71 157 76 
103 44 108 45 
109 45 113 46 
80 128 80 138 
123 54 123 65 
123 66 123 77 
124 78 129 79 
124 72 126 75 
125 76 130 77 
131 76 131 83 
127 72 132 73 
127 74 130 75 
40 57 43 59 
44 58 45 61 
64 114 64 123 
65 117 68 119 
66 120 69 122 
70 123 70 133 
71 124 71 134 
72 130 75 132 
71 135 73 138 
76 133 78 136 
76 130 78 132 
97 42 97 51 
98 44 99 48 
35 75 37 77 
116 205 123 205 
122 206 126 207 
122 208 125 209 
126 210 126 221 
104 201 108 202 
104 203 107 204 
148 42 159 42 
150 43 161 43 
106 141 116 141 
112 142 115 144 
114 145 125 145 
117 146 121 147 
125 146 127 149 
123 242 124 247 
173 187 174 190 
175 190 184 190 
85 53 90 54 
144 67 148 68 
184 149 189 150 
146 55 146 64 
147 60 148 65 
149 64 153 65 
112 123 117 124 
165 64 169 65 
170 58 172 60 
84 80 95 80 
92 81 97 82 
13 31 15 33 
71 70 72 73 
110 28 111 33 
48 18 52 19 
119 184 124 185 
132 228 140 228 
188 208 188 218 
116 112 121 113 
163 207 163 217 
164 214 167 216 
165 217 169 218 
164 211 166 213 
133 196 134 201 
135 198 137 201 
135 196 140 197 
44 65 46 68 
112 211 115 212 
156 169 156 180 
95 74 96 77 
149 120 153 121 
38 42 39 46 
101 80 103 82 
140 104 144 105 
73 102 74 105 
187 112 192 113 
17 4 25 4 
66 126 69 128 
69 129 69 139 
135 73 139 74 
148 130 152 131 
189 235 190 240 
190 241 193 242 
191 235 192 240 
41 45 49 45 
123 136 125 139 
126 137 127 142 
157 181 167 181 
163 182 167 183 
62 70 64 72 
162 105 171 105 
168 106 169 110 
170 106 171 111 
125 108 133 108 
126 109 127 114 
126 115 130 116 
132 109 133 113 
139 211 140 215 
129 218 133 219 
132 220 137 221 
182 216 186 217 
123 248 127 249 
137 92 139 95 
179 120 183 121 
181 122 183 124 
181 125 182 130 
157 194 168 194 
167 195 170 197 
157 195 166 195 
71 149 73 152 
72 153 77 154 
78 155 81 157 
64 146 64 157 
65 147 66 151 
65 154 68 156 
68 157 69 161 
22 68 22 79 
23 80 25 83 
23 69 26 71 
27 70 28 74 
24 84 35 84 
33 85 35 88 
34 89 35 94 
36 91 39 93 
23 74 24 79 
25 76 30 77 
31 77 33 80 
154 229 155 233 
78 70 79 74 
41 55 44 56 
180 167 183 168 
146 31 153 31 
152 32 161 32 
29 85 32 87 
30 88 30 99 
31 93 31 103 
32 99 35 101 
36 99 39 101 
37 102 39 105 
32 97 37 98 
196 84 198 87 
151 138 158 138 
159 138 164 139 
159 140 170 140 
166 141 168 143 
161 141 164 142 
154 139 157 141 
115 37 124 37 
194 212 195 217 
79 166 80 170 
80 171 80 181 
80 182 80 192 
115 70 118 72 
119 72 122 74 
119 166 122 168 
155 137 166 137 
166 138 171 139 
172 139 179 139 
174 140 176 143 
178 140 180 143 
179 144 180 147 
70 26 73 28 
118 154 120 157 
121 155 121 163 
148 196 151 198 
77 104 80 106 
147 187 149 190 
141 218 150 218 
24 42 27 44 
48 87 51 88 
139 52 141 55 
142 56 145 58 
140 56 141 60 
142 59 143 64 
140 61 141 64 
166 115 167 119 
168 115 168 126 
169 126 177 126 
118 222 126 222 
118 223 125 223 
109 112 111 114 
91 121 93 123 
91 124 94 126 
95 124 96 129 
97 127 99 129 
26 5 37 5 
29 6 38 6 
39 6 48 6 
32 7 42 7 
37 8 46 8 
177 99 177 110 
66 132 66 139 
67 136 68 139 
31 63 36 64 
189 218 194 219 
83 69 85 72 
144 118 154 118 
122 169 122 176 
123 174 128 175 
191 95 193 98 
167 145 176 145 
170 146 177 146 
142 162 142 169 
92 42 93 47 
20 22 21 25 
102 63 107 64 
141 154 142 157 
118 38 123 39 
55 66 58 68 
51 136 51 147 
52 143 53 148 
54 149 61 149 
59 150 61 153 
56 150 58 153 
58 154 63 155 
60 156 60 166 
61 167 64 169 
65 168 66 172 
67 169 70 171 
71 172 75 173 
67 173 69 176 
70 173 70 183 
68 177 68 188 
68 189 70 191 
72 174 77 175 
75 176 78 178 
79 177 79 188 
61 163 70 163 
64 164 69 165 
61 164 63 166 
66 166 70 167 
71 184 71 195 
61 156 62 160 
72 190 76 191 
77 191 77 202 
78 195 80 198 
78 200 83 201 
83 202 84 207 
84 208 85 212 
86 211 91 212 
84 213 84 223 
85 222 88 224 
85 219 94 219 
91 220 94 222 
88 225 90 228 
91 228 100 228 
94 229 96 231 
85 216 89 217 
85 218 96 218 
97 218 100 220 
100 221 102 224 
91 223 96 224 
97 225 108 225 
101 226 103 229 
104 226 106 229 
90 229 91 234 
92 235 100 235 
95 236 98 238 
99 236 108 236 
100 237 105 238 
101 239 112 239 
111 240 112 245 
113 240 117 241 
116 242 119 244 
103 224 111 224 
112 225 112 236 
85 220 89 221 
106 237 111 238 
91 225 94 227 
75 179 76 184 
77 180 77 189 
78 189 79 193 
92 213 102 213 
99 214 103 215 
100 216 104 217 
78 202 78 212 
79 205 82 207 
83 208 83 218 
79 210 82 212 
82 213 82 224 
83 223 83 233 
84 225 86 228 
85 229 85 239 
86 237 94 237 
85 240 93 240 
92 241 103 241 
104 242 105 246 
106 244 110 245 
108 246 111 247 
86 241 87 246 
98 242 101 243 
90 241 91 245 
98 244 101 246 
98 247 103 248 
91 238 94 239 
104 247 107 248 
88 243 89 247 
87 229 89 232 
109 248 114 249 
115 248 122 248 
92 243 97 244 
92 245 94 248 
95 246 97 248 
75 185 76 189 
90 246 91 249 
92 249 101 249 
85 205 89 206 
89 207 91 210 
86 207 87 210 
98 229 100 232 
101 230 111 230 
103 231 104 235 
105 231 106 235 
107 233 109 235 
78 199 89 199 
86 200 93 200 
94 201 95 206 
93 201 93 212 
94 212 104 212 
94 207 95 211 
72 194 72 205 
73 202 74 207 
74 208 75 213 
72 206 72 216 
73 209 73 219 
74 214 75 218 
76 217 76 227 
77 224 80 226 
81 227 81 238 
82 229 82 239 
77 218 79 221 
80 227 80 238 
76 211 77 215 
82 240 83 245 
84 244 85 248 
73 194 75 197 
76 194 76 204 
80 239 81 243 
80 244 81 249 
84 232 84 242 
67 168 75 168 
74 169 76 171 
76 172 79 173 
109 226 111 228 
104 218 106 221 
107 220 110 222 
56 154 56 164 
57 160 59 163 
57 164 58 169 
59 165 59 176 
60 167 60 178 
61 172 63 174 
69 192 70 196 
70 197 71 202 
71 179 74 181 
73 182 74 186 
141 227 143 230 
122 106 132 106 
83 138 83 148 
84 143 84 152 
75 44 82 44 
180 109 182 112 
19 34 30 34 
107 240 109 242 
101 57 104 59 
105 59 110 60 
62 23 65 24 
156 159 157 164 
104 55 114 55 
113 56 114 61 
115 61 116 65 
115 58 118 60 
118 61 120 63 
118 64 119 69 
120 64 121 69 
106 56 109 58 
115 56 119 57 
166 158 168 161 
168 162 176 162 
177 162 177 173 
165 41 170 42 
165 43 167 45 
168 45 172 46 
171 47 179 47 
168 47 169 51 
170 50 179 50 
170 51 179 51 
180 51 182 53 
168 52 171 54 
172 52 174 55 
175 54 177 56 
182 54 185 56 
186 54 197 54 
195 55 198 57 
192 55 194 58 
186 55 190 56 
188 57 190 59 
195 59 199 60 
170 43 180 43 
177 44 180 46 
181 43 186 44 
181 45 186 46 
186 47 189 49 
190 49 192 51 
192 52 196 53 
193 49 198 50 
186 50 188 53 
182 57 186 58 
178 55 179 59 
175 52 179 53 
32 103 33 108 
34 104 35 109 
32 109 32 120 
33 113 34 117 
33 118 37 119 
35 120 40 121 
36 122 46 122 
45 123 45 134 
42 123 42 133 
43 125 43 135 
44 128 44 138 
46 126 47 130 
45 138 48 140 
49 140 49 150 
50 150 53 152 
50 153 53 155 
35 110 39 111 
40 112 44 113 
41 114 43 116 
37 112 39 115 
53 156 55 159 
54 160 54 170 
55 162 55 173 
35 113 36 117 
46 141 46 151 
47 150 47 160 
48 161 51 163 
49 164 51 167 
51 168 51 178 
52 168 52 178 
52 179 59 179 
60 179 65 180 
57 180 58 184 
59 180 59 190 
66 181 66 191 
67 182 67 192 
60 188 64 189 
65 189 65 199 
64 190 64 200 
63 190 63 201 
60 186 64 187 
53 174 55 177 
60 182 65 183 
61 184 65 185 
66 199 67 204 
68 199 68 209 
69 205 71 207 
69 210 70 214 
69 215 71 218 
70 219 72 222 
70 223 74 224 
70 225 71 230 
72 225 75 227 
66 205 67 210 
66 211 67 215 
75 228 75 238 
76 228 78 231 
79 232 79 242 
78 232 78 243 
47 161 47 171 
48 170 48 181 
49 173 50 177 
49 178 50 183 
51 180 54 181 
51 182 51 192 
52 183 55 185 
56 186 57 191 
52 190 54 193 
55 194 60 195 
61 196 61 207 
62 207 65 209 
62 202 64 205 
63 210 65 213 
54 186 55 189 
55 192 60 193 
60 196 60 207 
61 208 61 219 
62 210 62 220 
65 214 65 225 
66 220 67 225 
68 220 68 231 
69 224 69 234 
68 232 68 243 
67 226 67 237 
69 242 71 245 
72 242 73 246 
74 244 79 245 
72 247 76 248 
58 196 59 201 
176 165 176 174 
177 174 182 175 
158 112 158 123 
159 122 163 123 
158 124 167 124 
158 125 167 125 
158 126 165 126 
158 127 169 127 
110 92 111 97 
112 97 114 99 
114 100 118 101 
53 101 55 103 
43 7 54 7 
51 8 62 8 
58 9 66 9 
60 10 65 11 
66 11 74 11 
66 10 77 10 
63 12 73 12 
48 8 49 12 
50 12 61 12 
53 13 62 13 
77 11 78 15 
79 14 88 14 
79 16 89 16 
79 13 89 13 
66 13 69 14 
51 9 56 10 
89 14 99 14 
93 15 98 16 
99 16 110 16 
105 17 112 17 
100 14 111 14 
107 15 118 15 
114 16 115 21 
116 16 121 17 
122 17 123 21 
122 16 131 16 
125 17 126 22 
128 17 129 22 
130 17 134 18 
135 19 140 20 
140 21 151 21 
143 22 145 24 
146 25 153 25 
114 22 116 25 
117 25 124 25 
121 26 125 27 
141 22 141 30 
142 30 153 30 
129 23 139 23 
131 24 136 25 
137 26 139 28 
133 26 136 28 
117 18 121 19 
132 16 143 16 
138 17 149 17 
142 18 146 19 
147 20 156 20 
152 21 163 21 
154 22 158 23 
158 24 168 24 
162 25 167 26 
159 25 160 29 
159 30 164 31 
161 27 172 27 
173 27 176 29 
168 28 170 30 
171 30 182 30 
183 31 194 31 
181 31 181 41 
182 39 190 39 
190 40 192 42 
183 32 185 35 
174 31 179 32 
187 40 188 45 
189 43 194 44 
195 44 198 46 
189 45 194 46 
193 47 198 48 
199 47 199 57 
182 40 186 41 
163 28 167 29 
180 32 180 42 
185 36 187 38 
169 25 180 25 
181 26 191 26 
182 27 184 29 
186 27 188 29 
186 30 193 30 
191 27 194 29 
195 30 198 32 
193 32 194 36 
195 35 198 37 
197 38 198 43 
199 36 199 46 
159 23 169 23 
169 24 179 24 
133 29 137 30 
146 24 157 24 
155 25 156 30 
146 22 151 23 
186 32 189 33 
186 34 191 35 
143 25 144 28 
145 27 148 29 
168 96 171 97 
169 98 170 103 
142 81 145 83 
146 83 154 83 
179 104 182 106 
183 107 184 112 
187 71 188 76 
145 119 155 119 
172 135 179 135 
92 185 92 195 
93 196 94 199 
168 198 171 199 
92 180 93 183 
118 132 119 136 
71 47 73 50 
137 203 139 205 
172 227 173 232 
174 229 179 230 
120 103 120 111 
66 193 67 197 
110 136 112 138 
110 139 114 140 
54 152 55 155 
173 99 176 100 
40 110 44 111 
46 18 47 22 
48 21 56 21 
104 46 105 50 
106 46 108 49 
109 48 111 51 
112 52 121 52 
106 51 108 54 
109 54 120 54 
121 54 122 59 
146 179 147 183 
148 181 153 182 
148 183 156 183 
154 182 162 182 
158 183 162 184 
160 185 161 190 
161 191 164 193 
165 192 170 193 
172 160 177 161 
78 146 81 148 
181 70 183 73 
58 147 63 148 
152 218 153 221 
7 18 8 23 
169 141 171 143 
172 141 173 144 
78 29 85 29 
109 193 117 193 
117 194 120 196 
115 194 116 197 
52 161 53 166 
65 107 67 109 
65 110 68 112 
116 106 118 109 
103 41 106 43 
55 51 55 58 
104 173 109 174 
90 216 95 217 
157 47 158 52 
61 52 63 54 
63 35 67 36 
143 48 143 55 
188 125 191 127 
41 10 41 21 
87 94 88 99 
89 96 90 100 
89 101 90 106 
153 177 155 179 
112 114 112 122 
113 117 116 119 
115 120 118 121 
11 19 11 28 
157 63 161 64 
168 31 169 35 
170 36 175 37 
176 37 177 42 
172 38 173 42 
20 15 22 17 
23 18 33 18 
67 103 71 104 
65 79 65 89 
118 127 127 127 
128 128 133 129 
155 58 159 59 
169 81 177 81 
164 171 164 179 
165 174 167 177 
168 178 168 188 
169 187 171 190 
165 172 169 173 
174 103 176 106 
183 170 184 174 
165 249 176 249 
164 160 164 167 
157 197 160 198 
157 199 160 201 
184 239 188 240 
148 215 150 217 
91 127 93 129 
116 66 117 69 
175 149 183 149 
177 150 182 151 
180 152 188 152 
138 198 141 199 
138 200 141 201 
120 210 123 212 
124 210 125 215 
120 213 121 218 
122 217 124 219 
134 203 136 205 
182 205 182 214 
183 212 184 215 
43 48 45 51 
46 50 48 52 
64 174 66 176 
191 199 194 201 
127 17 127 26 
128 26 130 28 
7 9 10 11 
40 10 40 21 
32 70 33 74 
57 156 59 158 
30 70 31 75 
130 67 134 68 
135 67 136 72 
144 99 145 102 
139 238 141 241 
140 242 142 244 
69 237 74 238 
71 239 73 241 
74 241 77 243 
46 9 47 12 
61 48 65 49 
64 50 67 52 
64 53 65 56 
66 54 67 58 
139 100 142 101 
183 78 185 81 
116 202 119 204 
73 90 77 91 
36 94 38 96 
135 78 136 82 
45 141 45 152 
133 49 137 50 
85 213 88 214 
100 94 103 96 
72 54 72 61 
170 31 172 34 
105 18 107 21 
106 22 113 22 
38 61 43 62 
145 104 149 105 
78 66 86 66 
157 180 167 180 
33 120 34 125 
35 122 35 133 
36 126 37 131 
36 132 39 134 
36 135 36 146 
37 139 40 141 
38 127 39 131 
40 131 40 138 
41 132 41 142 
42 142 42 152 
43 149 44 153 
42 136 43 140 
43 141 44 146 
36 147 37 151 
37 152 41 153 
38 154 39 159 
40 156 43 158 
42 159 44 161 
45 162 45 172 
46 165 46 175 
46 176 46 186 
47 185 50 187 
50 188 50 199 
51 199 55 200 
47 175 47 184 
42 162 43 167 
44 166 44 177 
44 178 44 189 
45 180 45 191 
44 190 44 200 
45 201 48 203 
49 202 59 202 
49 204 56 204 
39 160 41 163 
45 204 48 206 
39 164 39 175 
40 176 43 178 
40 172 43 174 
42 179 42 189 
40 164 41 169 
43 189 43 200 
44 201 44 212 
45 211 55 211 
50 212 51 217 
45 213 49 214 
49 215 49 226 
48 215 48 225 
52 213 60 213 
50 218 55 219 
54 220 59 221 
60 222 62 225 
63 225 64 230 
65 230 66 235 
40 179 40 190 
40 191 40 202 
41 202 43 205 
41 206 42 211 
65 226 66 229 
56 222 58 225 
56 226 58 229 
59 229 62 231 
50 220 52 223 
53 223 54 228 
52 224 52 234 
53 229 55 232 
56 233 57 238 
58 234 61 235 
53 233 53 244 
54 239 62 239 
58 240 59 244 
59 245 68 245 
62 246 64 248 
65 246 70 247 
67 248 71 249 
57 240 57 248 
41 180 41 191 
41 192 41 201 
46 190 46 200 
47 197 49 200 
49 227 50 232 
51 232 51 242 
51 243 52 247 
52 248 56 249 
41 154 45 155 
46 154 46 164 
89 32 90 37 
53 22 55 25 
171 234 174 235 
109 133 116 133 
195 190 196 193 
136 44 137 47 
54 91 58 92 
128 37 133 38 
148 18 159 18 
152 19 163 19 
169 77 177 77 
100 161 109 161 
100 162 111 162 
110 161 120 161 
113 162 118 163 
50 156 51 160 
130 207 131 211 
127 97 128 101 
127 102 130 104 
52 44 54 46 
162 101 165 103 
166 101 168 104 
158 53 160 55 
169 116 170 120 
170 121 171 124 
172 121 173 125 
174 123 178 124 
47 188 47 196 
48 189 49 194 
165 170 169 171 
159 120 163 121 
94 93 97 95 
57 204 58 208 
47 77 48 81 
153 111 155 114 
60 120 60 129 
178 38 179 42 
80 213 80 222 
104 148 104 158 
105 155 107 158 
108 159 119 159 
113 160 120 160 
108 157 113 158 
45 208 48 210 
152 47 153 52 
21 33 30 33 
133 234 136 235 
188 183 191 185 
53 245 56 247 
130 168 131 173 
41 89 42 94 
129 62 139 62 
136 63 139 64 
138 41 143 42 
190 103 192 106 
180 122 180 130 
137 133 137 143 
160 22 171 22 
170 23 181 23 
157 26 158 31 
162 106 166 107 
196 195 196 205 
86 104 88 107 
146 148 147 152 
63 231 64 235 
157 178 161 179 
132 227 140 227 
25 72 26 75 
181 88 184 90 
80 71 82 74 
158 229 161 231 
134 241 137 243 
174 111 179 112 
108 149 118 149 
48 26 55 26 
25 37 33 37 
52 123 55 125 
75 125 78 126 
86 156 95 156 
88 157 96 157 
78 179 78 188 
179 172 182 173 
147 142 148 146 
149 145 152 146 
188 154 189 157 
46 131 47 135 
115 154 116 158 
154 95 159 96 
160 96 164 97 
164 98 166 100 
152 199 155 200 
86 89 94 89 
108 70 108 77 
116 73 117 77 
2 14 5 16 
98 49 103 50 
81 86 92 86 
40 65 43 67 
50 233 50 243 
85 84 89 85 
81 197 90 197 
73 220 75 222 
38 106 39 109 
9 40 11 42 
12 42 13 47 
14 47 15 52 
12 48 13 53 
13 54 13 64 
14 62 16 65 
14 56 19 57 
17 62 17 73 
18 69 19 74 
18 58 20 61 
18 63 20 65 
14 53 16 55 
19 75 19 86 
20 76 21 80 
20 83 20 94 
22 80 22 90 
23 84 23 94 
24 90 24 100 
25 93 28 94 
24 101 24 112 
25 102 26 107 
27 105 27 116 
28 115 30 118 
30 119 31 124 
28 108 31 110 
27 102 30 104 
30 125 31 130 
23 95 23 106 
32 124 32 134 
33 134 34 139 
25 97 29 98 
25 99 29 100 
21 89 21 99 
22 93 22 103 
27 117 27 128 
31 131 31 142 
32 142 32 153 
31 143 31 154 
31 155 32 160 
33 155 33 166 
34 163 38 164 
36 165 36 175 
36 176 36 187 
37 182 37 192 
37 193 38 197 
37 176 39 179 
39 196 39 206 
38 185 38 192 
33 167 33 178 
34 179 34 189 
35 187 35 198 
34 167 35 172 
35 173 35 183 
33 145 35 147 
36 194 36 204 
37 199 37 210 
38 207 38 218 
39 217 44 218 
45 217 45 227 
46 225 46 236 
47 235 48 240 
49 236 49 246 
36 205 36 216 
37 215 37 226 
38 221 39 225 
46 220 47 224 
40 219 42 222 
37 227 38 231 
39 227 40 232 
41 233 44 234 
42 235 45 237 
44 238 46 241 
41 228 42 232 
43 228 45 231 
34 160 37 162 
39 210 40 215 
43 219 44 224 
47 225 47 233 
46 242 47 247 
128 109 130 112 
131 109 131 116 
187 85 189 88 
170 90 171 94 
105 139 109 140 
77 82 78 87 
95 113 99 114 
114 237 118 238 
69 79 71 81 
146 138 150 139 
164 67 167 69 
157 35 161 36 
157 37 159 39 
160 40 163 42 
139 45 140 50 
180 94 181 98 
58 248 61 249 
56 196 57 200 
113 40 122 40 
163 78 174 78 
167 79 175 79 
47 42 49 44 
71 77 79 77 
77 78 80 79 
153 197 156 198 
137 67 140 69 
6 0 11 1 
12 2 22 2 
12 1 19 1 
22 3 33 3 
183 220 184 223 
92 19 97 20 
98 20 100 22 
99 23 104 24 
101 25 109 25 
7 31 9 34 
7 35 10 37 
55 240 56 244 
84 95 85 99 
151 112 152 116 
20 69 21 74 
110 183 118 183 
56 168 56 177 
137 121 138 125 
38 135 39 138 
61 175 63 178 
191 87 192 90 
122 98 125 100 
160 44 163 45 
98 174 99 178 
71 176 74 178 
124 93 129 94 
130 94 130 101 
163 115 165 118 
27 10 32 11 
63 217 64 221 
175 180 176 184 
121 108 123 111 
123 112 125 115 
22 104 22 114 
47 143 48 147 
48 148 48 158 
49 151 49 160 
92 99 94 102 
75 198 75 207 
60 97 63 98 
125 169 128 171 
172 244 173 248 
174 246 176 248 
98 104 99 107 
153 172 155 174 
133 51 135 53 
181 182 184 184 
110 152 111 156 
42 168 43 171 
142 223 150 223 
143 224 148 225 
96 61 99 62 
125 122 128 124 
164 90 165 94 
140 247 142 249 
85 115 86 120 
86 121 87 124 
90 40 99 40 
146 26 153 26 
150 27 152 29 
83 30 85 33 
86 31 87 35 
108 105 111 107 
111 108 113 110 
115 232 119 233 
89 58 91 61 
92 59 93 62 
62 104 62 111 
63 108 64 112 
79 202 82 204 
19 87 19 97 
20 95 20 106 
19 98 19 109 
20 109 20 119 
21 117 22 122 
23 122 25 125 
26 123 26 134 
23 117 26 119 
21 109 21 116 
22 123 22 134 
23 132 24 136 
23 129 25 131 
22 135 22 145 
26 135 27 140 
28 139 28 150 
29 146 30 150 
25 135 25 146 
26 147 26 157 
27 154 28 159 
23 141 23 151 
24 150 25 155 
24 156 24 166 
25 167 26 172 
27 167 32 168 
32 169 32 180 
25 173 25 183 
26 184 31 185 
26 186 26 197 
27 198 29 201 
27 192 30 194 
31 195 32 199 
27 188 30 190 
30 201 32 204 
26 173 31 174 
29 175 30 180 
27 202 29 205 
28 206 30 208 
31 206 31 216 
32 206 32 216 
33 211 33 221 
34 213 34 223 
27 195 30 197 
27 170 29 172 
29 209 29 220 
29 221 30 226 
26 142 27 146 
27 131 29 133 
25 165 29 166 
30 209 30 219 
31 220 32 225 
33 225 36 227 
31 226 31 236 
32 226 32 237 
33 232 37 233 
34 234 36 236 
37 237 38 242 
39 243 42 245 
37 243 38 247 
37 235 41 236 
40 246 42 248 
34 237 34 247 
35 242 36 246 
35 237 36 241 
43 243 45 245 
33 234 33 245 
43 246 45 248 
25 159 26 164 
27 162 32 163 
29 151 30 156 
29 134 30 139 
29 140 30 144 
35 215 35 223 
40 237 41 242 
24 137 24 147 
34 248 39 249 
26 183 33 183 
65 158 66 162 
89 186 91 189 
199 200 199 210 
99 18 104 19 
102 20 104 22 
105 23 110 24 
111 23 113 25 
22 115 26 116 
140 22 140 30 
38 180 39 184 
154 153 155 157 
7 5 10 7 
129 63 132 64 
80 150 81 154 
123 140 124 144 
130 156 131 160 
93 185 93 195 
123 101 125 104 
69 178 69 188 
12 19 12 29 
13 29 16 30 
160 203 162 205 
79 49 79 56 
44 100 47 102 
46 103 49 105 
86 138 91 139 
91 105 94 107 
37 20 39 22 
127 51 131 52 
127 53 132 54 
130 55 132 58 
133 59 136 61 
133 54 136 56 
137 56 139 59 
133 142 136 144 
116 110 119 111 
127 80 130 81 
46 60 48 62 
25 90 29 91 
72 133 75 134 
118 180 127 180 
123 181 127 182 
86 137 93 137 
55 78 57 81 
41 107 43 109 
145 115 148 117 
194 151 197 153 
198 154 199 158 
149 165 149 172 
103 131 105 134 
61 240 63 243 
183 151 190 151 
39 33 42 35 
84 78 88 79 
184 246 186 248 
75 49 78 51 
51 205 55 206 
52 207 55 209 
163 184 164 189 
165 184 166 188 
109 120 111 122 
177 33 179 36 
49 6 60 6 
58 7 69 7 
70 7 72 9 
73 7 84 7 
78 8 87 8 
82 9 87 10 
87 11 97 11 
98 11 102 12 
88 12 97 12 
98 13 109 13 
103 12 112 12 
111 13 122 13 
120 14 128 14 
112 14 119 14 
129 14 140 14 
141 14 145 15 
146 14 153 14 
148 15 156 15 
155 16 166 16 
165 17 168 19 
128 15 139 15 
88 9 97 9 
89 10 97 10 
167 20 172 21 
173 21 184 21 
73 8 77 9 
146 16 154 16 
155 17 164 17 
169 17 172 19 
173 17 175 19 
173 20 183 20 
176 19 187 19 
188 20 196 20 
197 20 197 29 
198 22 199 26 
176 17 181 18 
182 17 186 18 
81 116 81 125 
45 192 45 200 
186 107 191 108 
188 109 192 110 
170 69 173 71 
170 72 173 73 
115 249 122 249 
166 240 168 243 
148 34 153 35 
57 171 57 178 
101 88 104 89 
143 248 148 249 
90 201 91 205 
59 144 61 146 
33 228 36 229 
22 23 25 24 
167 30 167 39 
168 36 169 40 
92 232 96 233 
97 233 101 234 
28 186 33 187 
38 5 49 5 
75 159 78 161 
94 44 96 46 
174 214 176 216 
29 181 32 182 
87 109 87 119 
105 213 108 215 
72 192 76 193 
137 70 140 72 
115 78 120 79 
120 80 123 81 
115 80 118 82 
119 82 128 82 
38 198 38 206 
71 139 80 139 
101 218 103 220 
109 92 109 99 
95 104 97 107 
141 87 144 88 
185 232 187 235 
67 147 68 152 
154 100 157 101 
132 172 135 173 
47 112 52 113 
171 117 173 119 
118 76 122 77 
36 12 38 14 
144 128 146 131 
35 148 35 158 
169 230 171 232 
34 190 34 201 
35 202 35 212 
132 210 134 212 
33 148 34 153 
96 214 98 217 
31 111 31 118 
76 108 77 112 
109 53 120 53 
174 117 175 121 
144 79 148 80 
119 20 121 23 
47 118 55 118 
194 21 195 26 
25 85 28 87 
25 88 29 89 
62 44 63 47 
188 37 193 38 
25 78 29 79 
7 13 10 14 
47 73 48 76 
136 103 138 105 
58 102 58 110 
161 68 163 71 
26 175 28 177 
150 122 155 123 
148 179 151 180 
142 114 149 114 
34 202 34 211 
109 117 111 119 
83 73 86 74 
91 190 91 199 
86 56 93 56 
24 50 28 51 
29 50 31 52 
24 16 27 17 
58 236 62 237 
191 128 191 137 
164 52 166 55 
72 182 72 189 
198 162 199 165 
114 108 114 116 
36 152 36 159 
102 183 106 184 
193 39 196 40 
101 209 105 210 
69 235 74 236 
86 201 88 204 
139 125 149 125 
159 90 160 94 
161 93 163 95 
35 134 35 144 
86 91 86 99 
170 49 178 49 
92 111 101 111 
165 189 167 191 
141 142 144 144 
142 145 146 146 
102 201 103 204 
125 120 129 121 
52 217 60 217 
42 77 43 81 
36 124 41 125 
30 227 30 238 
30 239 31 244 
30 245 32 248 
159 115 162 117 
14 58 17 60 
88 183 88 194 
89 190 90 194 
46 248 51 249 
94 120 99 121 
100 122 100 130 
106 73 107 78 
98 92 107 92 
132 230 140 230 
89 45 91 47 
94 49 96 51 
3 17 5 19 
3 20 5 23 
3 24 3 34 
4 24 4 35 
5 35 5 45 
6 46 6 56 
6 57 11 58 
11 59 11 70 
6 40 8 43 
5 24 5 34 
12 69 12 80 
13 74 17 75 
14 76 18 77 
8 59 8 70 
9 60 10 64 
9 65 10 70 
9 71 11 74 
9 75 9 85 
10 79 11 84 
12 83 12 94 
13 86 15 89 
15 90 16 95 
15 96 16 101 
17 97 18 102 
13 91 14 95 
17 90 18 94 
16 78 18 81 
12 61 12 68 
13 67 16 69 
13 70 16 72 
7 50 9 53 
10 51 11 56 
7 54 9 56 
13 80 14 85 
8 71 8 81 
13 96 13 107 
14 100 14 111 
9 44 11 47 
11 85 11 96 
11 97 12 102 
10 86 10 97 
14 112 17 114 
18 114 19 119 
19 120 19 130 
20 129 21 134 
21 135 21 145 
14 115 16 118 
16 119 16 130 
17 120 18 125 
18 126 18 136 
18 137 20 140 
20 141 20 151 
21 151 21 162 
22 163 22 173 
23 165 23 175 
24 173 24 184 
24 185 25 189 
22 154 22 161 
22 174 22 184 
23 183 23 194 
17 130 17 140 
18 141 19 146 
21 146 22 150 
22 185 22 195 
23 195 23 206 
24 196 24 207 
25 206 26 210 
27 207 27 217 
25 211 26 215 
26 216 26 227 
27 224 27 234 
28 230 29 234 
29 235 29 246 
25 198 25 205 
28 216 28 227 
28 235 28 246 
23 154 23 163 
22 196 22 207 
23 207 23 218 
24 215 24 225 
25 226 25 237 
26 230 26 241 
25 238 25 248 
26 242 27 246 
13 108 13 119 
13 120 13 130 
14 127 14 137 
15 138 16 143 
17 144 17 155 
15 144 15 154 
16 150 16 160 
15 155 15 166 
16 166 18 169 
16 163 21 164 
21 165 21 175 
19 168 19 179 
20 171 20 182 
21 178 21 188 
17 156 19 159 
20 183 20 194 
18 148 19 153 
13 131 13 142 
21 189 21 199 
20 153 20 162 
15 129 15 137 
15 102 15 111 
16 106 17 111 
154 90 158 91 
132 229 140 229 
190 213 193 215 
65 236 65 244 
66 241 67 244 
149 80 151 82 
172 138 180 138 
67 19 72 20 
17 170 18 175 
17 176 18 180 
17 181 19 184 
18 185 18 195 
19 185 19 196 
20 197 20 208 
21 202 21 212 
22 210 22 221 
21 213 21 223 
23 220 23 231 
24 231 24 242 
17 185 17 196 
22 223 22 233 
18 196 18 206 
19 199 19 210 
20 210 20 221 
20 222 20 232 
21 228 21 239 
22 236 22 247 
23 237 23 247 
19 211 19 221 
19 222 19 233 
19 234 20 239 
167 46 167 55 
168 55 171 56 
95 118 102 118 
66 216 68 219 
79 159 81 162 
197 65 199 68 
114 242 115 246 
116 245 119 247 
82 165 82 174 
41 212 43 215 
173 34 176 35 
133 193 136 195 
41 120 46 121 
89 151 90 154 
113 213 117 214 
118 214 118 221 
37 142 40 144 
38 145 39 149 
26 82 34 82 
62 149 63 153 
161 220 162 225 
154 102 158 103 
56 210 60 211 
124 156 125 160 
125 161 133 161 
126 156 127 160 
164 152 166 154 
112 105 114 107 
70 115 70 122 
126 163 129 164 
26 179 28 182 
40 225 44 226 
167 70 169 73 
32 50 33 54 
179 78 181 81 
99 211 106 211 
61 59 66 60 
141 112 146 113 
89 214 92 215 
20 42 23 44 
42 192 42 200 
21 61 21 68 
16 32 17 35 
51 203 59 203 
7 59 7 69 
10 98 10 108 
11 108 12 113 
111 56 112 61 
171 209 174 211 
70 97 75 98 
70 99 73 100 
48 114 57 114 
100 53 105 54 
94 57 94 66 
161 209 162 213 
87 126 89 128 
185 21 188 23 
189 22 192 23 
115 98 118 99 
135 134 136 137 
50 15 58 15 
48 107 49 111 
109 18 112 20 
158 225 160 228 
25 95 29 96 
199 127 199 138 
4 7 5 12 
139 165 141 168 
86 41 88 43 
97 122 98 126 
173 74 176 75 
18 103 18 113 
121 242 122 247 
199 177 199 186 
180 48 185 49 
183 50 185 53 
14 9 17 11 
114 184 118 185 
92 132 95 134 
37 166 37 175 
96 55 97 59 
59 227 62 228 
26 247 29 249 
138 177 140 180 
173 44 175 46 
94 142 102 142 
30 24 35 25 
111 103 114 104 
87 233 89 236 
14 39 14 46 
19 6 28 6 
88 168 90 170 
88 8 97 8 
98 8 103 9 
104 8 106 10 
107 8 112 9 
104 11 115 11 
108 10 119 10 
118 11 128 11 
129 12 134 13 
135 13 146 13 
113 8 124 8 
124 9 131 9 
131 10 134 11 
135 12 145 12 
135 10 143 10 
137 11 146 11 
147 11 149 13 
113 9 122 9 
132 9 141 9 
142 9 152 9 
144 10 154 10 
150 11 158 11 
154 12 157 14 
158 14 162 15 
158 12 163 13 
163 14 167 15 
168 14 171 16 
172 15 182 15 
178 16 189 16 
190 16 194 17 
192 18 196 19 
159 11 170 11 
169 12 179 12 
171 11 181 11 
182 12 190 12 
183 13 194 13 
191 14 199 14 
183 14 187 15 
188 15 199 15 
120 10 129 10 
173 13 178 14 
155 10 165 10 
98 188 99 193 
65 30 66 34 
136 247 139 249 
95 239 99 240 
100 114 102 117 
141 136 142 139 
72 228 74 231 
49 168 50 172 
185 236 187 238 
185 71 186 76 
116 210 118 212 
159 161 160 165 
154 93 158 94 
50 22 52 24 
87 49 89 52 
79 11 84 12 
24 47 33 47 
188 120 189 124 
31 88 32 92 
33 89 33 96 
133 179 134 184 
35 71 39 72 
53 194 54 198 
44 31 55 31 
92 202 92 212 
173 196 180 196 
139 38 142 40 
17 160 19 162 
175 89 176 94 
177 28 181 29 
76 233 77 237 
74 137 78 138 
53 54 54 59 
100 160 109 160 
33 128 34 133 
28 111 29 114 
118 190 119 193 
36 10 39 11 
164 13 172 13 
24 190 25 194 
40 146 41 151 
1 4 2 9 
161 37 163 39 
186 228 187 231 
174 231 179 232 
73 86 76 87 
194 171 195 175 
100 34 104 35 
107 226 108 229 
12 0 20 0 
87 141 91 142 
99 15 106 15 
177 245 179 248 
130 34 132 36 
133 35 136 36 
57 47 59 49 
54 214 58 215 
81 198 89 198 
108 108 110 110 
95 226 100 227 
105 167 113 167 
88 164 92 165 
72 128 76 129 
34 3 45 3 
40 4 51 4 
51 5 60 5 
61 5 72 5 
71 6 81 6 
85 7 95 7 
181 240 182 245 
51 65 52 68 
41 46 48 46 
183 206 184 211 
151 95 151 102 
76 206 77 210 
102 104 104 107 
130 21 139 21 
130 22 138 22 
173 220 175 222 
196 130 197 134 
179 62 189 62 
11 114 12 118 
11 119 11 130 
12 130 12 141 
12 142 12 152 
13 150 13 160 
12 119 12 129 
12 153 12 163 
12 164 14 166 
12 167 12 177 
13 171 15 174 
16 172 16 183 
14 175 15 179 
15 180 15 191 
16 188 16 198 
16 199 16 209 
17 209 17 219 
18 209 18 219 
18 220 18 230 
17 220 17 231 
18 232 18 242 
18 243 20 245 
19 246 21 249 
13 178 13 188 
14 186 14 197 
15 193 15 203 
15 204 15 214 
16 210 16 220 
14 198 14 209 
13 167 15 170 
13 189 13 199 
132 223 141 223 
138 224 142 225 
93 23 97 24 
107 146 116 146 
174 132 178 133 
127 55 129 58 
129 59 131 61 
159 211 160 215 
103 39 108 40 
0 13 0 23 
1 24 1 34 
2 26 2 37 
3 36 3 47 
4 37 4 47 
3 48 4 53 
5 47 5 58 
5 59 5 70 
6 68 6 78 
7 79 7 89 
8 89 8 99 
9 100 9 111 
4 54 4 64 
8 100 8 111 
1 35 1 46 
1 47 2 51 
2 38 2 45 
1 52 1 62 
2 60 3 65 
1 63 1 74 
2 66 2 77 
3 66 3 76 
1 75 1 86 
2 80 4 82 
5 82 5 92 
6 89 6 99 
5 93 5 104 
6 105 6 116 
7 116 7 126 
8 118 9 123 
8 127 8 137 
7 107 7 115 
7 127 7 138 
4 75 5 79 
7 90 7 100 
2 83 3 87 
10 119 10 129 
9 132 9 143 
10 130 10 140 
11 138 11 148 
8 138 8 149 
9 144 9 155 
10 154 11 159 
10 160 10 170 
11 162 11 172 
8 114 9 117 
10 145 10 153 
11 173 11 183 
12 178 12 188 
11 184 11 195 
12 196 12 206 
13 205 13 216 
14 214 14 225 
15 222 15 233 
13 217 13 227 
14 227 14 238 
15 234 17 237 
16 238 17 243 
13 228 13 239 
15 238 15 248 
16 246 18 248 
14 239 14 249 
3 88 3 99 
4 90 4 101 
4 102 4 113 
5 107 5 117 
5 118 6 122 
4 71 5 74 
1 87 1 97 
2 98 2 109 
3 109 3 120 
4 121 4 131 
5 130 5 140 
6 130 6 141 
2 89 2 96 
2 110 2 121 
7 139 7 150 
8 150 8 161 
9 160 9 171 
9 172 9 182 
10 177 10 188 
7 151 7 162 
2 122 2 132 
3 126 3 136 
3 137 4 142 
5 141 5 152 
6 145 6 156 
6 157 6 167 
7 165 7 175 
8 168 8 179 
6 168 6 179 
7 176 7 187 
8 181 8 191 
9 186 9 196 
10 197 11 202 
11 203 11 213 
12 207 12 217 
6 180 6 191 
7 189 7 200 
8 198 9 202 
10 203 10 213 
10 214 10 224 
11 223 12 228 
10 225 10 235 
11 229 11 240 
12 232 12 243 
13 240 13 249 
11 218 12 222 
3 101 3 108 
10 236 10 246 
11 241 11 248 
4 143 4 154 
4 155 5 160 
4 161 5 166 
5 167 5 177 
5 178 5 189 
5 190 5 201 
6 192 6 203 
7 203 8 207 
9 204 9 215 
8 208 8 219 
9 218 9 228 
7 208 7 219 
2 54 3 59 
52 137 53 142 
43 180 43 188 
185 125 187 127 
50 75 53 76 
138 190 146 190 
33 140 34 144 
25 108 26 113 
73 5 80 5 
81 5 89 5 
84 6 95 6 
96 6 100 7 
90 5 100 5 
101 6 108 6 
102 7 113 7 
114 7 125 7 
126 8 137 8 
126 7 137 7 
101 5 111 5 
112 5 117 6 
118 6 127 6 
138 8 149 8 
85 109 86 113 
196 33 199 34 
146 174 147 178 
13 143 14 147 
14 148 14 158 
159 136 170 136 
169 137 179 137 
129 137 130 140 
168 26 179 26 
64 38 67 39 
185 133 188 135 
109 217 111 219 
137 128 142 129 
190 80 199 80 
190 154 192 157 
145 164 146 169 
26 21 36 21 
39 186 39 194 
182 178 183 181 
153 115 155 117 
164 209 167 210 
72 92 80 92 
81 82 82 85 
122 235 125 236 
168 91 169 95 
91 53 93 55 
21 0 26 1 
26 2 37 2 
38 2 48 2 
48 3 59 3 
57 4 67 4 
27 0 38 0 
37 1 44 1 
45 1 54 1 
55 1 60 2 
61 3 70 3 
68 4 79 4 
61 1 72 1 
63 2 74 2 
72 3 83 3 
80 4 91 4 
92 4 101 4 
102 4 112 4 
73 1 83 1 
82 2 91 2 
92 2 101 2 
99 3 108 3 
87 3 98 3 
109 3 119 3 
120 3 127 3 
122 4 127 5 
118 4 121 5 
128 4 138 4 
137 5 141 6 
142 5 147 6 
148 5 151 7 
132 5 136 6 
138 7 147 7 
139 4 148 4 
149 4 160 4 
152 5 154 8 
156 5 159 7 
160 5 165 6 
163 7 167 8 
164 9 174 9 
169 10 180 10 
175 9 183 9 
155 8 158 9 
160 7 162 9 
128 3 138 3 
166 6 177 6 
168 7 172 8 
173 7 178 8 
102 2 111 2 
112 2 121 2 
181 10 192 10 
189 11 198 11 
161 4 172 4 
173 5 184 5 
179 6 190 6 
189 7 194 8 
179 7 188 7 
195 8 199 9 
185 5 195 5 
173 4 183 4 
196 5 199 7 
184 4 192 4 
122 2 132 2 
14 120 15 125 
147 220 150 221 
154 77 158 78 
42 83 52 83 
160 171 161 175 
160 176 163 177 
28 105 30 107 
122 60 122 71 
146 196 147 200 
182 144 184 147 
36 106 37 109 
169 174 169 184 
73 13 76 15 
186 200 188 202 
7 220 7 230 
8 231 9 236 
8 237 8 248 
96 63 101 64 
28 43 33 44 
164 121 167 123 
57 120 59 123 
132 92 136 93 
148 177 152 178 
155 35 156 40 
29 119 29 129 
93 33 95 36 
95 37 99 38 
155 211 156 215 
61 190 62 195 
181 25 192 25 
145 207 150 208 
1 17 2 22 
147 204 151 205 
112 51 120 51 
74 150 76 152 
51 194 52 198 
58 35 61 36 
98 80 100 82 
144 235 154 235 
116 142 118 144 
189 216 193 217 
149 62 153 63 
139 123 142 124 
27 1 35 1 
185 60 194 60 
161 50 166 51 
2 133 2 144 
3 144 3 155 
3 156 3 166 
3 167 4 172 
3 173 4 178 
3 179 4 183 
3 184 3 195 
4 190 4 200 
6 204 6 214 
9 89 9 98 
77 246 79 249 
187 209 187 219 
103 223 111 223 
152 194 156 195 
2 145 2 156 
2 157 2 167 
2 168 2 178 
2 179 2 190 
0 24 0 35 
0 36 0 46 
0 47 0 58 
0 59 0 69 
0 70 0 80 
0 81 0 92 
0 93 0 104 
1 99 1 110 
0 105 0 115 
1 115 1 126 
0 116 0 126 
0 127 0 137 
0 138 0 148 
1 135 1 146 
1 147 1 158 
0 149 0 160 
1 160 1 170 
1 171 1 181 
1 182 1 192 
50 137 50 148 
184 9 193 9 
109 142 111 145 
59 70 61 72 
150 38 151 41 
4 201 4 212 
5 209 5 219 
5 220 5 231 
6 231 6 242 
7 231 7 241 
5 232 5 243 
6 243 7 248 
4 213 4 224 
4 225 4 236 
4 237 4 248 
4 249 12 249 
144 50 145 55 
26 20 36 20 
136 110 141 111 
182 22 184 24 
139 3 149 3 
150 3 160 3 
20 124 21 128 
53 19 57 20 
75 122 78 124 
84 1 93 1 
120 220 125 221 
15 82 17 85 
46 215 47 218 
49 205 50 209 
55 75 57 77 
102 199 112 199 
161 3 171 3 
172 3 183 3 
184 3 194 3 
195 3 199 4 
49 120 50 124 
97 169 99 172 
81 54 81 64 
63 30 64 33 
18 22 19 25 
123 12 128 13 
0 161 0 171 
0 172 0 182 
112 154 114 156 
113 38 117 39 
85 101 88 103 
114 165 118 166 
128 46 132 47 
164 204 165 208 
174 170 175 175 
77 167 78 171 
133 2 142 2 
7 48 11 49 
124 91 132 91 
198 218 198 227 
96 184 96 193 
175 225 180 226 
101 46 103 48 
94 1 104 1 
105 1 116 1 
101 153 103 155 
95 221 99 222 
