3655 
0 0 0 10 
1 0 2 4 
3 5 13 5 
12 6 13 11 
12 12 20 12 
14 13 16 15 
13 13 13 24 
14 18 14 28 
14 17 25 17 
3 6 3 16 
4 9 6 12 
4 17 4 27 
3 17 3 27 
6 6 8 8 
9 9 10 14 
8 9 8 19 
10 15 12 17 
9 19 12 20 
12 21 12 31 
15 16 26 16 
26 17 37 17 
5 25 6 30 
4 14 6 16 
7 16 7 26 
8 25 9 30 
10 26 11 31 
11 32 22 32 
32 18 39 18 
39 19 39 30 
40 26 40 36 
40 24 50 24 
51 24 53 27 
54 26 57 28 
45 25 45 35 
58 26 62 27 
53 28 53 38 
54 36 65 36 
46 25 49 26 
59 28 64 29 
64 30 67 32 
40 20 48 20 
49 21 57 21 
65 37 67 39 
54 22 65 22 
45 21 48 23 
64 37 64 47 
65 43 66 48 
67 49 69 51 
65 49 65 59 
67 45 69 48 
65 60 70 61 
68 62 75 62 
74 63 85 63 
70 63 71 68 
72 67 76 68 
41 36 46 37 
74 69 84 69 
79 70 84 71 
81 72 84 74 
85 70 87 73 
85 74 96 74 
86 75 88 78 
87 79 89 82 
90 81 95 82 
90 83 101 83 
95 84 105 84 
75 64 80 65 
78 66 80 68 
81 66 92 66 
52 28 52 38 
47 36 48 41 
51 28 51 39 
59 37 59 48 
60 43 63 45 
60 39 63 41 
61 46 63 49 
64 48 64 58 
62 50 63 55 
60 46 60 57 
61 58 61 69 
62 64 63 68 
64 69 66 71 
62 61 64 63 
67 72 76 72 
88 70 90 73 
85 67 92 67 
92 68 103 68 
104 69 107 71 
108 72 111 74 
109 75 117 75 
118 76 127 76 
125 77 125 88 
118 77 122 78 
125 89 125 99 
108 70 113 71 
125 100 130 101 
126 77 129 79 
126 80 128 83 
129 84 139 84 
132 85 142 85 
139 86 149 86 
140 87 144 88 
136 86 138 89 
126 84 126 95 
127 96 130 98 
130 99 141 99 
140 100 151 100 
148 101 158 101 
156 102 166 102 
162 103 173 103 
160 103 160 114 
161 112 162 117 
163 117 168 118 
169 118 169 128 
169 117 180 117 
175 118 186 118 
179 119 190 119 
190 120 193 122 
184 120 187 121 
194 123 194 133 
193 123 193 133 
185 122 187 125 
188 126 189 131 
182 120 183 125 
170 118 170 128 
170 129 171 134 
172 133 172 144 
184 125 184 135 
184 136 186 138 
185 139 187 142 
188 139 193 140 
185 131 187 133 
191 141 194 143 
194 144 197 146 
171 127 176 128 
176 129 178 132 
178 133 179 138 
176 133 177 138 
180 133 182 136 
161 107 172 107 
170 108 172 111 
173 108 183 108 
184 108 191 108 
170 112 174 113 
175 112 176 115 
177 113 184 113 
127 86 130 87 
130 88 133 89 
134 89 134 98 
135 96 146 96 
142 97 152 97 
143 98 148 99 
173 137 174 142 
175 140 176 145 
177 142 181 143 
131 90 133 93 
140 101 145 102 
144 103 147 105 
153 102 155 105 
188 121 189 124 
153 106 157 107 
157 108 157 119 
157 120 166 120 
164 121 166 123 
158 118 162 119 
167 121 167 131 
168 126 168 136 
158 108 159 113 
169 130 169 141 
170 139 170 150 
170 151 178 151 
171 152 180 152 
179 153 189 153 
184 154 194 154 
194 155 195 160 
194 161 199 162 
196 163 198 166 
190 153 199 153 
199 163 199 173 
177 153 178 158 
196 158 199 159 
171 148 179 148 
180 148 182 151 
183 148 194 148 
195 148 197 150 
176 149 179 150 
188 149 189 152 
190 149 193 151 
192 152 199 152 
181 109 185 110 
184 111 188 112 
173 109 176 111 
195 132 196 137 
175 139 183 139 
189 141 190 146 
168 108 169 113 
197 167 197 177 
198 168 198 179 
199 174 199 185 
175 119 178 121 
177 122 181 123 
175 122 176 126 
193 134 194 138 
156 108 156 119 
161 109 166 110 
163 111 165 114 
166 111 167 116 
168 115 171 116 
172 116 183 116 
139 100 139 110 
131 101 133 103 
145 87 155 87 
193 155 193 166 
194 164 194 174 
194 120 197 122 
197 123 197 133 
198 123 198 133 
198 134 198 144 
199 134 199 145 
154 88 155 92 
113 76 117 77 
114 78 115 83 
115 84 119 85 
119 86 121 88 
122 86 124 89 
115 86 116 91 
116 92 117 96 
117 97 118 101 
119 99 120 104 
121 105 121 116 
120 105 120 116 
120 117 122 119 
120 120 123 122 
117 89 120 91 
118 92 123 93 
118 94 122 95 
119 96 122 98 
123 97 123 107 
124 102 128 103 
128 104 136 104 
135 105 135 116 
136 105 136 116 
137 112 144 112 
139 113 140 117 
141 113 142 118 
134 105 134 115 
143 117 146 118 
147 119 149 122 
124 105 125 109 
143 116 154 116 
147 117 155 117 
123 108 123 119 
141 119 144 121 
126 110 128 112 
129 110 129 121 
130 121 140 121 
128 113 128 124 
131 105 133 107 
149 123 156 123 
151 124 151 134 
152 131 163 131 
155 132 157 135 
152 129 155 130 
157 123 162 124 
157 125 162 126 
163 124 164 128 
165 129 166 133 
158 135 158 146 
159 144 166 144 
167 145 169 147 
159 140 168 140 
160 141 163 143 
161 145 163 148 
169 148 169 159 
170 155 171 160 
172 161 176 162 
176 163 179 165 
164 142 169 143 
158 147 160 149 
154 124 156 127 
152 118 153 122 
154 122 163 122 
126 104 127 109 
150 118 151 122 
164 145 166 148 
164 149 164 159 
164 160 164 170 
164 171 175 171 
164 172 168 173 
167 148 167 159 
168 157 168 168 
165 165 167 168 
159 139 168 139 
128 125 129 130 
169 164 172 166 
191 144 193 147 
185 143 188 145 
135 92 145 92 
140 93 149 93 
145 94 155 94 
151 95 162 95 
135 93 139 94 
136 95 144 95 
61 70 63 73 
17 13 22 14 
22 15 33 15 
23 13 31 13 
31 14 39 14 
38 15 46 15 
40 14 50 14 
50 15 55 16 
56 15 57 20 
58 17 60 20 
34 16 45 16 
43 17 54 17 
51 18 55 19 
67 69 69 71 
90 79 101 79 
95 80 104 80 
105 80 113 80 
98 81 103 82 
105 81 110 82 
109 83 109 93 
110 90 112 93 
110 94 111 98 
111 99 114 100 
111 101 112 105 
110 83 113 85 
113 93 114 97 
111 106 113 109 
114 109 116 112 
107 83 107 93 
108 90 108 101 
109 97 109 108 
50 25 50 35 
174 172 176 174 
174 175 178 176 
179 176 184 177 
182 178 185 180 
186 179 194 179 
194 180 194 191 
195 187 198 189 
196 190 198 193 
199 190 199 201 
195 191 195 202 
196 196 196 207 
185 176 196 176 
196 177 196 186 
195 177 195 186 
197 204 199 207 
197 178 197 186 
189 180 193 181 
186 177 191 178 
177 173 184 173 
181 174 191 174 
1 8 1 19 
2 13 2 24 
177 140 181 141 
182 142 184 145 
173 172 173 182 
174 178 177 180 
174 182 174 192 
175 192 184 192 
177 193 178 198 
181 193 191 193 
182 194 184 197 
175 189 177 191 
178 189 186 189 
184 190 189 191 
188 194 189 199 
190 196 193 198 
177 199 179 201 
179 202 181 205 
181 206 181 217 
182 216 193 216 
193 217 195 220 
175 193 175 204 
176 202 176 212 
177 210 180 211 
180 212 180 222 
180 223 181 227 
181 228 183 231 
184 228 189 229 
190 230 192 232 
187 230 187 241 
188 236 188 246 
189 240 191 243 
193 233 197 234 
193 230 197 231 
190 228 199 228 
185 230 186 235 
177 203 178 208 
193 235 193 245 
194 240 195 245 
196 244 198 247 
189 244 191 247 
198 229 198 240 
182 215 193 215 
194 215 198 216 
199 217 199 227 
191 217 192 222 
193 222 198 223 
194 246 195 249 
182 211 192 211 
182 212 185 214 
187 212 189 214 
108 69 119 69 
116 70 119 72 
120 73 123 75 
165 149 166 154 
166 155 166 163 
152 128 160 128 
159 129 163 130 
184 175 195 175 
165 104 172 104 
167 105 172 106 
33 19 37 20 
49 27 49 37 
182 209 191 209 
182 210 192 210 
196 218 197 221 
173 165 174 170 
175 169 186 169 
187 170 192 171 
177 114 187 114 
188 114 191 116 
192 117 194 119 
195 118 199 119 
199 120 199 130 
191 155 191 165 
192 155 192 165 
20 18 31 18 
25 19 25 29 
26 19 27 24 
28 22 29 26 
30 26 30 37 
31 29 34 31 
35 32 36 36 
31 33 31 43 
28 27 29 32 
32 36 32 46 
33 45 34 50 
35 51 39 52 
35 45 36 50 
26 28 27 33 
35 29 38 31 
39 32 39 43 
40 42 51 42 
44 43 54 43 
51 44 52 49 
43 43 43 54 
43 55 54 55 
52 50 55 52 
55 53 59 54 
44 48 48 49 
45 50 50 51 
46 52 48 54 
32 47 32 58 
33 54 38 55 
36 56 36 67 
37 66 37 77 
38 70 46 70 
38 69 45 69 
37 78 47 78 
47 79 47 89 
48 79 50 82 
51 83 51 94 
51 95 51 106 
48 85 48 95 
49 87 50 92 
41 79 45 80 
45 81 46 86 
52 85 63 85 
49 93 49 103 
51 80 60 80 
58 81 68 81 
69 82 79 82 
61 82 63 84 
65 82 66 87 
71 83 80 83 
79 84 81 87 
63 86 63 96 
63 97 74 97 
64 90 65 95 
61 86 61 96 
62 90 62 101 
44 71 45 76 
46 76 51 77 
51 78 56 79 
52 103 57 104 
57 105 67 105 
67 106 77 106 
71 107 76 108 
74 109 84 109 
76 110 78 113 
78 114 83 115 
79 112 88 112 
83 113 91 113 
84 114 94 114 
90 115 91 120 
90 121 95 122 
93 115 95 118 
79 110 86 110 
85 111 96 111 
91 112 99 112 
92 123 95 124 
89 115 89 126 
96 122 106 122 
106 123 107 128 
108 124 119 124 
104 123 104 133 
109 125 109 136 
110 137 112 140 
110 131 120 131 
109 137 109 147 
110 142 120 142 
121 143 132 143 
123 144 134 144 
129 145 131 148 
112 143 113 148 
113 149 121 149 
114 144 116 147 
117 147 127 147 
118 148 128 148 
122 149 126 150 
127 149 128 154 
127 155 129 158 
129 159 136 159 
129 150 140 150 
134 151 135 156 
110 126 115 127 
109 148 110 153 
109 154 114 155 
111 156 114 157 
111 158 122 158 
123 159 124 164 
109 156 109 167 
110 161 115 162 
116 162 118 165 
119 166 128 166 
121 167 121 178 
122 167 133 167 
122 179 133 179 
132 180 134 182 
126 180 127 185 
122 175 131 175 
125 176 136 176 
137 176 137 187 
132 183 134 186 
133 187 136 188 
124 168 129 169 
133 189 141 189 
133 190 138 191 
122 168 123 173 
129 177 133 178 
122 174 133 174 
138 183 146 183 
124 172 129 173 
130 173 141 173 
134 174 139 175 
142 174 144 177 
144 178 154 178 
150 179 160 179 
152 180 162 180 
153 181 163 181 
144 179 147 181 
148 182 153 183 
150 184 152 186 
157 182 158 187 
159 184 163 185 
164 185 169 186 
170 185 171 190 
170 191 172 194 
171 195 172 199 
163 186 163 197 
164 198 166 201 
164 196 169 197 
161 186 161 196 
162 192 162 203 
163 201 163 212 
164 205 174 205 
164 204 173 204 
164 207 164 218 
164 219 168 220 
169 198 170 203 
167 221 171 222 
172 222 177 223 
174 224 174 235 
175 227 175 238 
176 238 186 238 
165 206 169 207 
165 217 176 217 
171 218 174 220 
170 206 171 211 
173 195 174 200 
176 231 177 236 
178 234 180 237 
181 235 184 237 
182 239 184 242 
114 132 122 132 
123 132 125 135 
126 135 129 137 
128 138 132 139 
130 140 140 140 
119 133 121 136 
120 137 121 141 
122 137 125 139 
137 141 137 148 
138 144 142 145 
140 146 143 148 
142 149 147 150 
126 138 127 142 
138 141 141 143 
46 71 48 74 
164 187 166 189 
115 155 118 157 
110 128 113 130 
114 128 118 129 
68 98 70 101 
50 93 50 104 
128 180 130 183 
129 184 129 195 
129 196 129 207 
130 208 131 212 
131 213 133 216 
134 215 138 216 
139 216 149 216 
144 217 147 218 
140 217 142 220 
143 219 145 222 
130 197 130 207 
131 198 142 198 
140 199 140 210 
141 199 152 199 
152 200 161 200 
136 199 137 204 
160 201 161 206 
162 207 162 217 
163 217 163 228 
131 199 134 201 
131 202 133 205 
156 201 156 212 
157 212 161 213 
157 209 160 211 
131 217 134 219 
164 226 167 228 
164 229 164 239 
148 218 159 218 
154 219 162 219 
162 220 162 230 
134 205 134 214 
135 205 137 208 
135 211 145 211 
135 213 146 213 
142 214 153 214 
154 215 158 216 
143 215 150 215 
151 215 153 217 
141 221 142 226 
143 226 153 226 
151 227 153 230 
150 227 150 238 
151 233 161 233 
157 234 160 235 
157 236 162 237 
154 234 154 244 
155 244 163 244 
155 237 156 242 
157 238 160 239 
151 234 153 237 
149 227 149 237 
146 219 149 221 
147 222 149 225 
150 222 154 223 
155 222 157 225 
158 226 160 229 
159 230 161 232 
158 222 160 225 
71 102 75 103 
135 160 139 161 
139 162 139 172 
140 167 148 167 
143 168 146 170 
147 171 151 172 
145 171 146 176 
147 173 149 175 
148 176 157 176 
158 177 167 177 
147 168 154 168 
150 169 159 169 
158 170 163 171 
155 170 157 173 
158 172 162 173 
155 174 159 175 
140 169 141 172 
118 159 122 160 
164 225 173 225 
141 205 148 205 
141 206 142 210 
51 107 54 109 
140 221 140 232 
141 230 145 231 
145 232 146 237 
147 236 148 240 
149 239 152 240 
153 241 153 249 
145 238 146 243 
141 233 141 244 
147 241 151 242 
152 241 152 249 
142 243 143 248 
142 232 144 235 
143 236 144 241 
145 177 154 177 
176 227 179 229 
130 196 138 196 
125 165 134 165 
96 123 103 123 
98 124 100 126 
126 132 136 132 
168 187 169 192 
111 132 112 136 
113 134 117 135 
113 136 116 138 
140 175 141 180 
75 97 77 100 
159 245 161 248 
101 124 101 134 
102 132 102 143 
103 133 103 144 
104 141 106 144 
142 200 151 200 
150 173 154 174 
113 139 117 140 
153 184 156 185 
153 186 153 197 
154 192 156 195 
155 186 156 191 
157 192 158 197 
157 189 159 191 
161 239 162 242 
163 243 173 243 
171 244 176 245 
82 86 82 97 
83 97 88 98 
83 95 92 95 
85 96 94 96 
93 95 101 95 
97 96 97 106 
99 96 100 100 
102 96 107 97 
106 98 106 108 
107 99 107 110 
107 111 110 113 
89 98 89 109 
90 107 100 107 
92 108 102 108 
95 109 104 109 
92 97 94 99 
134 220 139 221 
130 168 134 169 
130 170 134 171 
162 246 173 246 
174 246 184 246 
183 247 187 248 
185 249 193 249 
178 247 182 248 
152 187 152 198 
170 226 173 227 
142 141 147 142 
147 143 149 145 
147 146 150 147 
147 148 156 148 
153 149 156 151 
157 151 160 152 
161 151 162 156 
163 154 163 165 
161 157 162 162 
141 149 141 160 
148 149 150 151 
151 149 152 153 
152 154 154 157 
49 56 50 60 
51 58 56 59 
53 60 53 71 
54 70 54 77 
54 68 57 69 
57 70 58 74 
59 72 60 76 
61 75 63 78 
64 77 67 79 
68 78 73 79 
66 80 73 80 
74 80 79 81 
80 81 85 82 
68 77 79 77 
74 78 85 78 
75 79 86 79 
54 64 57 65 
55 60 60 61 
51 57 59 57 
86 82 86 92 
87 88 92 89 
87 87 94 87 
92 90 95 92 
165 178 172 178 
90 123 90 133 
91 131 99 131 
91 123 91 130 
91 132 92 137 
91 138 95 139 
96 139 101 140 
93 132 98 133 
99 132 100 137 
94 140 94 151 
95 151 103 151 
104 151 107 152 
108 153 108 163 
103 152 103 163 
104 153 104 164 
105 154 107 157 
95 152 98 154 
99 154 101 156 
96 155 98 158 
102 157 102 167 
95 150 106 150 
103 166 104 171 
105 168 108 170 
106 171 109 173 
110 173 110 183 
109 168 117 168 
110 169 114 170 
111 177 116 178 
111 179 116 180 
112 181 115 182 
116 182 125 182 
119 183 120 188 
120 189 127 189 
128 190 128 201 
119 189 119 200 
117 180 121 181 
116 169 117 174 
121 190 123 193 
124 194 127 195 
121 194 122 198 
124 192 127 193 
123 199 123 210 
123 211 125 214 
123 215 130 215 
124 206 128 207 
126 213 129 214 
92 129 97 130 
95 146 98 148 
99 147 108 147 
99 148 103 149 
105 127 105 138 
106 130 107 134 
121 184 124 185 
38 72 40 74 
41 73 43 75 
168 247 170 249 
172 185 173 189 
96 93 100 94 
118 169 118 178 
119 171 120 176 
68 105 79 105 
64 75 74 75 
151 231 154 232 
93 67 104 67 
105 68 114 68 
145 151 146 156 
171 179 172 183 
194 235 195 239 
196 239 197 243 
113 72 115 74 
165 190 167 193 
95 85 104 85 
101 86 105 87 
99 86 100 90 
101 91 105 92 
101 88 104 90 
175 206 175 215 
176 214 179 216 
101 98 102 103 
101 104 103 107 
103 98 104 102 
105 100 105 111 
140 122 144 123 
145 123 145 133 
146 129 147 133 
146 125 148 128 
148 129 148 140 
149 134 150 139 
149 126 150 131 
149 141 154 142 
155 142 157 145 
119 150 120 155 
195 167 196 171 
144 244 147 246 
148 244 151 246 
147 247 150 249 
120 123 125 124 
126 125 127 129 
83 91 85 94 
143 115 152 115 
178 190 183 191 
177 115 186 115 
129 149 137 149 
125 151 126 156 
126 134 135 134 
131 135 134 137 
135 135 138 137 
139 135 141 138 
142 139 147 140 
133 138 138 139 
115 99 115 107 
147 88 150 90 
148 91 152 92 
150 93 161 93 
162 94 171 94 
168 95 176 95 
177 95 178 100 
178 101 189 101 
187 102 198 102 
179 97 189 97 
189 98 192 100 
183 98 188 99 
172 94 182 94 
183 95 194 95 
194 96 196 98 
197 99 199 101 
183 94 192 94 
184 96 193 96 
184 102 185 106 
175 96 176 101 
175 102 177 105 
136 192 147 192 
142 193 145 195 
136 193 139 195 
140 193 141 197 
144 196 151 196 
148 193 151 195 
51 110 51 121 
52 113 61 113 
62 113 72 113 
178 232 183 233 
96 116 101 117 
97 118 107 118 
102 117 113 117 
97 119 107 119 
108 119 111 121 
112 120 115 122 
104 120 107 121 
65 76 74 76 
152 134 153 138 
67 87 71 88 
70 89 72 92 
72 93 80 93 
73 89 81 89 
78 90 81 92 
80 94 81 99 
82 99 83 104 
84 101 85 105 
86 103 88 106 
80 100 81 104 
95 125 97 128 
148 103 151 105 
180 124 181 129 
114 171 115 176 
149 152 149 163 
150 163 155 164 
152 165 160 165 
155 166 159 167 
161 166 163 168 
150 160 153 162 
185 192 194 192 
163 247 167 248 
121 153 123 156 
52 94 59 94 
55 95 57 98 
58 98 60 101 
52 95 54 97 
53 98 54 102 
184 243 187 245 
134 166 138 167 
136 168 138 170 
142 135 146 136 
45 44 49 45 
163 95 164 100 
163 101 174 101 
188 132 191 134 
171 125 174 126 
135 181 136 186 
177 145 179 147 
169 172 170 177 
97 111 104 111 
102 112 103 116 
91 72 100 72 
92 73 103 73 
101 74 104 76 
105 74 106 79 
107 76 110 78 
98 74 100 77 
133 133 144 133 
192 115 197 116 
107 141 108 146 
51 40 56 41 
56 42 58 44 
33 42 38 43 
155 152 156 156 
157 154 157 163 
158 161 160 164 
158 157 160 160 
155 157 156 162 
172 158 175 160 
176 160 187 160 
183 161 188 162 
181 161 182 166 
181 167 186 168 
183 163 187 164 
187 165 190 166 
105 163 106 167 
71 114 76 115 
74 116 84 116 
82 117 82 128 
83 125 85 128 
86 129 88 132 
77 117 77 128 
78 129 78 139 
79 129 84 130 
85 131 85 142 
81 131 82 136 
78 140 81 142 
81 143 92 143 
93 144 93 154 
94 152 94 162 
95 157 95 168 
96 168 96 179 
97 169 98 174 
78 118 80 121 
83 118 84 123 
85 116 88 118 
85 144 85 154 
86 146 91 147 
88 148 91 150 
92 149 92 160 
93 156 93 166 
94 167 94 178 
95 173 95 183 
96 182 105 182 
81 144 83 146 
84 145 84 155 
85 156 89 157 
98 183 102 184 
103 183 107 184 
103 185 106 187 
107 187 109 190 
110 190 114 191 
115 190 115 201 
105 188 105 198 
106 194 107 199 
108 198 112 199 
104 188 104 198 
111 192 114 194 
113 200 114 205 
115 206 115 217 
116 212 119 214 
116 217 124 217 
116 218 117 223 
113 206 113 216 
114 216 114 226 
118 218 120 221 
115 202 120 203 
119 204 119 211 
121 203 121 214 
120 206 120 215 
115 221 115 232 
116 229 117 234 
99 169 100 173 
101 170 102 175 
103 176 108 177 
104 178 105 181 
106 178 109 180 
86 151 88 154 
89 152 90 155 
90 156 90 167 
91 167 91 177 
88 158 88 169 
88 170 88 181 
89 175 90 179 
90 180 90 191 
89 181 89 192 
90 193 99 193 
95 194 97 197 
98 196 100 199 
100 200 100 211 
101 210 106 211 
107 211 111 212 
101 208 106 209 
100 193 103 195 
91 186 92 191 
98 200 98 211 
98 212 103 213 
92 170 93 174 
101 203 110 203 
106 204 110 205 
110 206 112 209 
109 200 112 202 
87 133 89 136 
88 137 89 142 
97 198 97 208 
75 117 75 128 
76 119 76 130 
77 129 77 139 
120 216 128 216 
127 217 130 219 
96 166 101 167 
85 119 88 121 
99 174 100 179 
101 179 103 181 
89 161 89 172 
109 213 112 215 
112 216 112 227 
113 220 113 230 
109 216 111 219 
110 220 110 231 
110 232 112 235 
113 233 113 244 
111 223 111 231 
114 240 115 245 
116 240 119 242 
115 246 118 248 
119 243 130 243 
117 249 128 249 
120 240 124 241 
129 249 140 249 
119 246 122 247 
129 244 134 245 
131 246 133 248 
90 192 101 192 
116 224 124 224 
116 225 118 228 
119 225 129 225 
126 226 136 226 
137 227 137 237 
137 238 140 240 
138 233 140 235 
123 226 123 237 
124 233 125 238 
126 237 131 238 
126 233 130 234 
126 235 136 235 
124 226 125 231 
127 239 130 241 
135 236 135 247 
136 246 139 248 
138 228 139 232 
132 236 134 239 
132 240 133 243 
134 227 136 230 
99 200 99 211 
87 158 87 169 
87 170 87 180 
97 176 98 181 
124 232 132 232 
133 232 136 234 
94 179 94 190 
95 190 99 191 
95 185 100 186 
95 187 102 187 
95 188 100 189 
101 188 103 191 
114 206 114 215 
108 206 109 210 
144 223 146 225 
156 88 166 88 
164 89 165 93 
167 88 176 88 
176 89 181 90 
172 89 173 93 
174 91 178 92 
157 89 162 90 
160 91 163 92 
54 66 58 67 
170 212 173 213 
196 248 199 249 
58 114 66 114 
124 110 125 115 
126 113 127 118 
140 104 142 106 
40 53 42 55 
185 181 187 184 
188 182 191 184 
191 185 192 190 
119 227 119 238 
120 232 122 235 
120 229 122 231 
15 33 18 35 
18 36 29 36 
23 37 28 38 
24 39 24 50 
29 37 29 47 
30 42 30 52 
25 39 25 49 
26 46 28 49 
31 49 31 60 
25 51 25 61 
26 52 28 54 
29 54 29 64 
30 54 30 64 
31 63 34 65 
32 59 35 61 
97 141 99 144 
159 194 160 199 
135 144 136 148 
90 103 95 104 
93 105 96 106 
154 198 158 199 
52 86 54 89 
54 90 57 92 
137 217 139 219 
135 209 139 210 
160 214 161 218 
79 72 80 76 
197 196 198 200 
147 153 148 158 
35 63 35 74 
126 211 129 212 
35 75 35 86 
36 87 40 88 
36 89 41 90 
38 91 43 92 
43 93 45 96 
36 79 40 80 
36 81 40 82 
40 83 43 85 
44 84 44 92 
37 83 39 86 
81 137 83 139 
63 26 66 27 
136 154 137 158 
159 182 164 183 
117 111 117 121 
118 115 119 120 
125 159 126 164 
141 89 145 90 
101 198 103 200 
68 39 71 41 
72 41 76 42 
77 43 88 43 
82 44 93 44 
92 45 96 46 
97 47 97 57 
98 49 100 51 
89 45 90 50 
101 50 103 52 
104 53 106 56 
107 57 107 66 
108 59 111 61 
112 59 112 67 
108 62 111 64 
104 50 113 50 
110 51 114 52 
105 51 108 52 
109 51 109 58 
110 57 115 58 
116 58 116 67 
116 68 126 68 
122 69 133 69 
133 70 133 81 
124 70 129 71 
128 72 130 75 
110 54 119 54 
117 55 120 56 
117 66 126 66 
125 67 134 67 
131 68 142 68 
134 69 135 74 
136 71 141 72 
117 62 126 62 
123 63 125 65 
126 64 136 64 
127 65 138 65 
132 66 142 66 
141 67 152 67 
150 68 158 68 
150 69 159 69 
150 70 158 70 
150 71 150 81 
159 70 160 75 
151 74 155 75 
156 74 156 85 
151 82 155 83 
151 80 155 81 
146 68 146 78 
157 80 158 85 
159 86 163 87 
147 77 149 80 
151 76 153 79 
161 76 164 78 
162 79 163 83 
162 84 171 84 
164 83 175 83 
173 84 175 87 
164 80 167 82 
168 80 172 81 
168 82 179 82 
180 83 183 85 
180 86 183 88 
184 84 194 84 
188 85 189 90 
165 85 167 87 
165 79 173 79 
173 80 178 81 
179 80 183 81 
195 85 195 94 
196 90 198 93 
121 57 124 59 
159 68 169 68 
162 69 166 70 
167 70 170 72 
170 68 177 68 
171 73 173 76 
172 77 176 78 
177 78 188 78 
187 79 188 83 
174 75 178 76 
179 77 188 77 
189 77 190 82 
191 82 199 82 
191 78 193 81 
194 78 197 79 
103 53 103 64 
104 62 106 65 
196 94 199 95 
178 79 186 79 
184 81 186 83 
75 43 76 48 
77 47 88 47 
85 48 87 51 
85 52 88 54 
85 55 86 59 
87 59 90 61 
88 55 91 57 
77 48 78 53 
79 54 83 55 
80 56 82 59 
77 54 78 58 
88 62 96 62 
171 69 175 70 
176 71 179 72 
178 73 182 74 
183 73 193 73 
180 71 184 72 
185 74 189 75 
185 72 196 72 
186 76 194 76 
195 76 199 77 
185 71 194 71 
79 51 84 52 
135 75 142 75 
135 76 136 81 
136 82 147 82 
139 83 150 83 
138 76 139 80 
140 77 142 80 
145 84 155 84 
147 85 155 85 
150 86 157 86 
143 77 145 80 
113 53 124 53 
124 54 129 55 
98 48 108 48 
92 47 92 57 
92 58 96 59 
93 54 96 56 
93 51 96 53 
95 60 100 61 
100 62 102 65 
98 62 99 66 
93 48 96 50 
77 59 79 61 
80 60 84 61 
80 48 84 49 
130 55 134 56 
130 57 135 58 
136 58 139 60 
134 59 135 63 
136 61 138 63 
131 59 133 62 
78 44 81 46 
102 53 102 61 
72 43 74 46 
135 122 138 124 
139 123 139 131 
179 130 183 131 
155 178 164 178 
75 90 77 92 
177 125 179 127 
116 125 125 125 
120 126 124 127 
120 128 123 130 
121 131 132 131 
171 121 172 124 
190 85 191 90 
192 87 194 89 
192 90 194 93 
171 118 174 120 
30 25 38 25 
36 26 38 28 
31 26 35 27 
119 79 121 82 
122 81 124 83 
65 115 66 120 
66 121 67 126 
68 124 73 125 
68 126 73 127 
66 127 67 132 
68 133 70 136 
68 128 71 130 
72 129 75 131 
67 133 67 144 
67 145 78 145 
74 146 74 156 
68 141 73 142 
67 115 68 120 
75 148 76 152 
68 139 75 139 
74 140 77 142 
74 143 79 144 
77 152 80 154 
81 155 82 160 
78 155 79 160 
82 161 85 163 
68 121 73 122 
77 148 82 149 
82 150 83 154 
75 156 75 167 
76 166 85 166 
80 167 81 171 
81 172 84 173 
85 173 85 184 
76 157 77 162 
76 163 81 164 
77 165 86 165 
82 170 86 171 
71 146 73 149 
71 150 71 161 
72 154 72 165 
73 160 74 165 
69 116 72 117 
71 134 75 135 
75 146 80 147 
68 138 75 138 
82 174 83 178 
83 179 83 190 
84 182 84 193 
85 194 85 205 
86 205 94 205 
92 206 94 209 
88 206 91 207 
86 199 95 199 
93 200 94 204 
96 199 96 210 
97 211 97 221 
89 200 92 201 
95 205 95 216 
98 217 99 222 
100 222 100 233 
101 234 103 237 
102 238 103 242 
104 241 112 241 
108 242 111 244 
109 245 111 247 
112 246 114 249 
101 232 104 233 
104 242 106 245 
104 240 111 240 
96 215 96 226 
94 210 94 220 
95 219 95 229 
85 185 86 189 
101 224 104 226 
58 104 69 104 
148 201 153 202 
154 203 155 207 
152 203 152 212 
153 205 153 213 
148 203 151 204 
26 41 28 44 
79 167 79 178 
80 175 81 179 
80 180 80 191 
81 184 81 195 
82 194 82 205 
83 197 83 207 
84 203 84 213 
82 206 82 216 
82 217 93 217 
85 209 86 213 
87 211 91 212 
88 213 92 214 
91 218 93 221 
94 221 94 231 
94 232 97 234 
94 235 99 236 
82 179 82 190 
189 109 199 109 
192 110 193 114 
56 29 58 32 
59 31 61 34 
62 33 71 33 
64 34 74 34 
67 35 78 35 
75 36 85 36 
75 37 78 39 
76 40 86 40 
79 41 90 41 
81 42 90 42 
81 37 84 39 
85 38 96 38 
95 39 106 39 
101 40 110 40 
107 41 112 42 
107 43 109 46 
110 46 115 47 
116 48 127 48 
122 49 129 49 
128 50 139 50 
124 50 127 52 
136 51 143 51 
130 51 132 54 
138 52 148 52 
143 53 146 55 
113 41 114 45 
133 53 138 54 
103 41 105 44 
137 55 141 56 
141 57 148 57 
142 58 153 58 
146 59 155 59 
143 59 145 62 
154 60 157 62 
155 63 166 63 
164 64 172 64 
169 65 171 67 
173 64 181 64 
157 64 162 65 
162 66 165 67 
176 65 181 66 
181 67 184 69 
184 70 195 70 
182 66 193 66 
194 66 199 67 
188 67 192 68 
182 64 190 64 
147 54 158 54 
155 55 158 57 
146 62 147 66 
148 66 159 66 
148 62 151 64 
152 63 154 65 
149 52 152 53 
153 52 156 53 
153 71 157 72 
86 201 88 204 
57 37 58 41 
90 194 94 195 
91 196 94 198 
143 143 145 145 
141 227 144 229 
111 159 115 160 
22 19 22 29 
23 27 23 34 
24 27 24 35 
96 159 99 161 
96 162 98 164 
99 162 100 165 
107 53 108 56 
124 209 129 210 
83 83 85 86 
84 87 85 90 
183 146 187 147 
167 199 168 202 
138 203 139 207 
92 63 96 64 
178 103 181 105 
179 106 183 107 
56 86 59 87 
59 88 60 92 
150 143 154 144 
33 44 40 44 
66 133 66 144 
101 49 109 49 
102 124 103 129 
114 237 117 239 
103 45 105 47 
188 233 192 234 
188 155 189 159 
86 135 86 142 
141 69 144 70 
15 29 20 30 
148 184 149 189 
148 190 150 192 
82 168 86 169 
61 17 64 19 
65 18 67 20 
68 20 77 20 
78 20 79 24 
80 20 80 30 
81 21 82 26 
81 28 90 28 
88 29 91 31 
83 27 94 27 
77 21 77 31 
94 28 99 29 
100 30 103 32 
65 17 76 17 
72 18 77 19 
92 32 97 33 
92 34 93 37 
94 36 103 36 
103 37 111 37 
81 30 85 31 
85 32 90 33 
87 34 90 36 
103 38 114 38 
108 39 119 39 
113 40 121 40 
115 41 118 43 
120 39 130 39 
127 40 135 40 
133 41 135 44 
136 43 141 44 
127 41 130 42 
136 40 139 42 
118 44 120 47 
121 45 125 46 
121 47 129 47 
128 48 136 48 
133 49 143 49 
142 50 153 50 
154 51 163 51 
133 45 144 45 
140 46 143 47 
144 48 155 48 
153 49 163 49 
162 50 171 50 
164 49 175 49 
165 51 165 62 
166 59 177 59 
166 56 177 56 
178 56 187 56 
166 55 174 55 
166 57 175 57 
183 57 187 58 
185 59 190 60 
190 61 198 61 
178 59 181 61 
181 62 191 62 
188 63 198 63 
188 56 199 56 
178 57 182 58 
144 46 148 47 
145 45 154 45 
150 46 160 46 
161 46 164 48 
150 47 159 47 
166 54 175 54 
170 60 175 61 
142 44 153 44 
129 43 132 45 
175 62 180 63 
119 43 127 43 
169 51 179 51 
173 52 178 53 
178 54 187 54 
185 55 195 55 
180 51 183 53 
175 55 183 55 
197 57 199 60 
78 29 79 34 
80 33 83 35 
164 51 164 61 
159 82 161 85 
23 21 24 26 
81 64 91 64 
85 65 96 65 
143 209 148 210 
148 211 151 213 
192 235 192 246 
187 168 190 169 
157 207 160 208 
64 65 66 68 
92 69 94 71 
172 65 175 67 
170 58 177 58 
78 97 79 102 
52 112 61 112 
62 112 73 112 
129 82 134 83 
87 185 88 190 
87 191 88 195 
7 27 7 37 
8 38 9 43 
10 41 14 42 
15 42 19 43 
18 44 23 45 
21 46 23 49 
22 50 23 55 
24 52 24 62 
25 62 25 73 
26 63 27 68 
28 69 33 70 
28 71 28 81 
34 69 34 80 
28 82 30 85 
30 86 31 90 
32 71 33 75 
8 36 15 36 
14 37 17 39 
15 40 20 41 
20 42 23 43 
10 43 10 54 
11 54 11 65 
11 45 16 46 
17 47 20 48 
11 52 16 53 
13 54 15 56 
16 54 19 56 
12 59 17 60 
12 62 20 62 
21 62 21 72 
22 66 23 70 
24 71 24 81 
25 75 25 85 
26 86 26 97 
27 89 28 94 
26 76 26 84 
27 78 27 88 
27 95 29 98 
28 99 28 110 
29 110 32 112 
29 99 30 104 
14 63 14 74 
15 69 19 70 
15 71 18 73 
17 74 19 77 
17 78 18 83 
19 84 22 86 
15 63 20 64 
20 65 20 76 
11 47 13 49 
23 87 24 91 
25 91 25 101 
16 57 20 58 
21 57 22 61 
22 71 22 81 
23 78 23 86 
18 49 20 51 
18 52 21 53 
19 78 20 83 
33 112 33 122 
34 121 36 124 
37 122 48 122 
44 123 45 128 
46 126 51 127 
50 128 53 130 
43 123 43 133 
44 131 49 132 
46 133 50 134 
50 135 58 135 
50 136 53 138 
54 139 57 141 
50 139 51 144 
52 141 53 145 
53 146 58 147 
54 142 56 144 
51 131 62 131 
57 132 61 133 
62 132 62 142 
63 135 64 140 
65 139 65 150 
54 129 64 129 
63 130 65 133 
54 130 62 130 
54 137 57 138 
58 138 61 140 
58 141 60 144 
61 145 61 156 
62 151 65 153 
62 148 64 150 
46 123 51 124 
48 125 58 125 
62 154 62 165 
63 161 64 165 
65 161 65 171 
66 163 66 174 
67 174 68 179 
69 180 79 180 
69 177 74 178 
67 172 75 172 
74 173 75 176 
77 181 78 186 
79 187 79 198 
80 195 80 205 
78 187 78 198 
75 177 77 179 
63 159 68 160 
67 161 68 165 
69 162 71 165 
73 181 74 186 
74 187 74 198 
75 199 79 200 
78 201 79 206 
75 183 76 187 
77 201 77 212 
78 212 81 214 
78 215 78 226 
79 222 79 232 
75 188 77 191 
75 192 77 195 
75 201 75 212 
76 201 76 211 
80 207 81 211 
79 218 88 218 
79 219 84 220 
82 221 87 222 
82 223 83 228 
84 226 86 228 
82 229 84 231 
86 219 89 220 
76 213 76 224 
77 216 77 227 
78 227 78 238 
77 228 77 238 
77 239 77 248 
77 249 88 249 
78 244 82 245 
83 246 85 248 
86 246 91 247 
91 248 102 248 
83 245 92 245 
78 239 87 239 
78 246 82 247 
79 234 86 234 
78 240 81 242 
82 241 87 242 
84 240 95 240 
96 241 101 242 
98 243 102 244 
91 241 94 243 
99 245 102 247 
95 249 105 249 
80 227 81 232 
93 244 97 245 
94 246 97 247 
38 123 38 133 
39 128 39 138 
84 224 93 224 
91 225 92 230 
89 225 89 236 
90 233 92 236 
93 229 93 239 
94 237 98 238 
90 237 92 239 
87 229 87 238 
58 126 62 127 
14 75 15 80 
16 76 16 86 
15 81 15 91 
61 157 61 167 
62 167 64 169 
46 128 49 130 
34 118 39 119 
35 120 46 120 
39 121 50 121 
50 122 61 122 
58 123 63 124 
86 243 89 244 
67 180 68 184 
25 102 26 107 
27 105 27 116 
40 132 42 135 
66 151 69 152 
69 153 70 158 
30 98 39 98 
32 99 33 104 
34 99 39 100 
35 101 44 101 
42 102 47 103 
33 105 42 105 
34 104 44 104 
48 102 48 112 
49 107 50 112 
44 105 46 108 
47 106 47 117 
48 117 50 120 
40 106 43 108 
42 109 44 111 
43 112 46 114 
38 106 39 111 
45 115 46 119 
22 63 24 65 
29 108 37 108 
30 109 37 109 
32 89 32 97 
29 80 33 81 
34 81 34 92 
35 93 36 97 
37 96 41 97 
15 92 15 103 
16 104 17 109 
16 92 24 92 
22 93 24 96 
21 93 21 104 
18 93 19 98 
20 99 20 109 
22 98 24 100 
18 109 18 119 
19 112 22 114 
23 112 25 115 
26 115 26 125 
27 123 27 133 
28 131 31 133 
29 134 34 135 
32 131 37 132 
29 136 38 136 
27 121 31 122 
32 121 32 130 
19 118 22 120 
21 121 23 123 
29 137 32 139 
30 140 31 145 
32 140 34 143 
28 127 30 130 
35 137 35 147 
36 142 47 142 
43 143 43 154 
44 147 49 148 
50 148 54 149 
50 150 52 153 
55 149 59 150 
60 151 60 162 
60 163 60 174 
36 148 37 153 
35 148 35 159 
40 143 40 154 
41 154 41 165 
42 155 53 155 
46 156 48 159 
42 159 44 161 
41 149 42 153 
51 156 55 157 
42 163 42 173 
43 163 48 164 
47 165 50 167 
43 173 43 184 
42 162 53 162 
43 167 45 170 
46 170 51 171 
52 170 53 174 
48 160 59 160 
54 163 55 167 
56 163 58 165 
58 166 58 177 
59 175 66 175 
58 178 63 179 
64 180 66 183 
58 180 58 190 
54 158 58 159 
48 168 57 168 
48 169 56 169 
57 169 57 180 
59 187 59 198 
60 197 71 197 
68 198 73 199 
69 200 70 204 
74 200 74 211 
64 198 65 203 
60 199 60 210 
61 203 62 207 
63 206 63 217 
64 214 73 214 
66 215 68 218 
69 217 73 218 
74 217 75 221 
67 219 68 224 
70 215 75 216 
60 191 61 196 
73 219 73 230 
67 198 67 209 
61 209 61 219 
62 212 62 223 
63 221 65 223 
57 181 57 191 
40 155 40 166 
60 190 68 190 
68 209 70 212 
68 225 70 227 
71 225 71 236 
72 228 72 239 
73 237 73 248 
73 232 74 236 
75 236 76 241 
76 242 76 249 
74 237 74 248 
44 178 53 178 
45 179 55 179 
45 180 52 180 
53 181 56 183 
49 181 52 183 
54 175 56 178 
57 192 57 202 
58 201 58 212 
60 176 65 177 
46 181 47 186 
48 185 50 188 
48 189 50 191 
51 186 52 191 
53 188 54 193 
55 189 55 200 
47 187 47 197 
48 192 48 203 
49 198 53 199 
50 200 54 201 
52 202 52 212 
50 202 50 213 
51 205 51 216 
52 217 53 221 
54 218 55 223 
51 217 51 228 
52 222 52 233 
52 234 55 236 
56 236 61 237 
53 222 53 233 
56 218 59 220 
57 221 61 222 
54 230 56 232 
57 232 62 233 
57 234 62 235 
54 224 65 224 
59 225 60 230 
59 231 69 231 
67 232 70 233 
62 225 66 226 
64 227 66 230 
52 213 57 214 
49 194 54 195 
56 191 56 201 
53 215 60 215 
60 180 62 183 
62 184 65 185 
64 186 68 187 
45 161 56 161 
48 184 55 184 
54 185 56 187 
53 210 56 212 
48 149 49 154 
71 209 73 212 
38 149 38 160 
38 161 39 165 
39 150 39 160 
59 238 64 239 
65 238 67 241 
68 240 70 243 
71 242 72 246 
44 179 44 190 
45 183 45 194 
46 191 46 202 
69 244 70 248 
19 115 21 117 
46 203 46 214 
68 205 70 208 
22 105 23 110 
58 192 58 200 
24 121 24 132 
25 127 25 138 
26 138 26 148 
27 148 32 149 
27 150 29 153 
31 150 33 153 
28 154 28 165 
27 145 29 147 
30 152 30 163 
31 154 34 156 
31 161 32 166 
33 157 33 168 
34 160 35 165 
36 166 36 176 
37 171 40 173 
41 174 42 178 
35 166 35 177 
36 178 39 180 
38 181 38 192 
36 181 37 186 
36 187 36 198 
37 193 37 203 
38 204 43 205 
38 199 39 202 
40 200 45 201 
44 206 45 210 
39 181 39 191 
40 182 41 186 
40 191 44 192 
42 193 43 198 
38 194 41 196 
26 134 28 137 
27 138 28 142 
40 187 42 190 
36 162 37 165 
27 117 30 118 
36 137 38 140 
48 172 50 175 
48 176 53 177 
33 169 33 180 
34 176 34 187 
34 188 34 199 
35 189 35 199 
64 210 67 212 
65 213 75 213 
44 149 46 152 
42 156 45 157 
47 205 49 207 
60 240 60 248 
61 249 71 249 
61 244 62 248 
68 234 69 238 
40 202 43 203 
36 154 37 158 
22 124 22 135 
23 132 23 143 
24 141 24 152 
74 222 75 226 
69 182 69 193 
70 193 73 195 
61 242 66 243 
64 244 68 245 
44 143 46 146 
47 144 49 146 
72 200 72 207 
67 171 78 171 
78 207 79 211 
134 177 136 179 
128 142 136 142 
13 63 13 73 
34 117 42 117 
142 154 142 165 
143 157 143 165 
144 159 147 161 
145 162 146 166 
92 161 92 168 
188 172 193 173 
77 73 78 76 
138 212 147 212 
32 82 33 86 
174 93 184 93 
79 133 80 137 
30 91 31 95 
164 240 169 241 
169 242 176 242 
126 227 127 231 
194 73 199 74 
185 198 186 203 
187 198 187 207 
188 204 189 208 
188 203 195 203 
190 206 195 207 
75 49 76 54 
61 227 63 230 
54 37 56 39 
71 36 74 38 
73 200 73 207 
159 137 164 138 
54 225 57 227 
57 228 58 231 
136 73 143 73 
133 192 135 195 
76 172 77 176 
144 106 146 109 
86 172 86 182 
97 34 106 34 
106 35 116 35 
112 36 120 36 
113 37 124 37 
125 37 135 37 
133 38 137 39 
113 61 115 64 
164 221 166 224 
181 219 184 221 
185 221 187 224 
188 224 190 227 
191 224 194 226 
14 48 15 51 
118 222 123 223 
124 222 129 223 
125 224 132 224 
130 225 139 225 
114 85 114 92 
46 215 46 226 
47 220 50 221 
47 225 48 230 
47 231 48 235 
49 232 49 242 
50 240 55 241 
49 226 50 231 
51 229 51 239 
52 238 57 239 
49 243 51 246 
52 246 55 248 
58 238 58 249 
47 236 48 241 
59 240 59 249 
54 242 56 245 
56 246 57 249 
173 129 173 136 
174 133 175 136 
74 47 74 57 
74 58 76 60 
123 38 131 38 
116 194 118 197 
98 52 99 57 
141 184 142 188 
143 184 143 191 
144 187 145 190 
41 30 44 32 
184 89 185 92 
0 11 0 22 
76 94 79 96 
63 234 66 236 
171 248 175 249 
115 150 117 152 
120 190 120 201 
62 192 65 194 
134 100 137 102 
53 44 55 47 
190 57 195 58 
192 59 196 60 
25 116 25 126 
37 102 41 103 
175 183 178 185 
179 184 181 186 
179 187 184 188 
182 185 187 186 
186 187 189 188 
33 129 37 130 
185 107 195 107 
196 107 199 108 
147 109 149 112 
150 109 153 111 
154 109 155 114 
179 155 182 157 
179 158 183 159 
140 125 141 130 
142 128 143 131 
69 173 71 176 
77 107 87 107 
95 113 99 114 
120 237 122 239 
97 40 99 42 
98 43 100 46 
170 62 174 63 
101 93 105 94 
157 96 161 97 
158 98 161 100 
64 204 66 206 
177 217 178 220 
24 153 26 156 
27 156 27 167 
26 157 26 167 
26 168 27 172 
28 173 29 177 
29 178 30 183 
28 170 30 172 
29 184 33 185 
32 186 32 197 
31 173 31 183 
32 175 32 183 
24 157 24 168 
25 161 25 171 
26 173 26 183 
27 177 27 188 
28 184 28 194 
32 198 32 208 
33 204 36 206 
32 209 40 209 
34 210 39 211 
40 210 40 221 
34 212 39 213 
41 212 44 213 
29 187 30 191 
31 191 31 201 
29 192 29 202 
30 200 30 211 
31 209 31 219 
32 215 32 226 
33 226 42 226 
43 226 44 231 
35 227 36 231 
37 230 38 235 
39 231 41 233 
42 234 42 244 
37 228 41 229 
33 223 37 224 
33 218 35 221 
43 245 48 246 
43 247 48 248 
36 232 36 243 
37 236 41 237 
37 244 40 246 
37 242 41 243 
41 246 42 249 
43 237 43 244 
44 239 46 241 
45 231 46 235 
37 247 40 249 
39 238 41 241 
37 214 38 219 
39 215 39 225 
40 223 45 224 
33 126 36 128 
154 249 165 249 
122 99 122 110 
120 242 131 242 
119 49 120 52 
83 156 84 159 
118 183 118 192 
172 153 174 155 
175 153 176 156 
56 45 57 49 
37 37 38 40 
174 50 185 50 
186 50 194 50 
193 51 197 52 
194 53 198 54 
131 72 132 77 
131 78 132 81 
36 207 41 208 
117 143 120 145 
117 146 126 146 
100 214 103 216 
101 217 106 218 
102 219 105 221 
105 222 108 224 
109 224 109 235 
107 225 108 229 
105 225 106 230 
107 230 108 235 
106 231 106 238 
107 237 110 238 
107 218 108 221 
15 23 17 26 
34 114 39 115 
91 178 93 181 
92 182 93 185 
153 98 157 99 
137 46 139 48 
158 176 167 176 
40 17 42 19 
79 122 80 126 
89 76 93 77 
93 78 101 78 
95 30 99 31 
93 134 96 136 
97 134 98 138 
127 90 130 92 
127 93 129 95 
176 243 183 243 
70 183 71 187 
72 183 72 192 
25 142 25 151 
29 73 31 76 
29 77 33 78 
52 115 61 115 
61 116 64 118 
131 220 133 222 
57 203 57 212 
154 118 155 121 
57 116 59 119 
175 224 178 226 
175 239 177 241 
178 239 179 242 
1 20 1 31 
2 30 4 33 
5 33 6 38 
5 39 7 42 
4 34 4 44 
5 43 6 48 
7 48 7 58 
8 53 9 58 
10 55 10 65 
10 66 11 71 
12 72 12 83 
13 78 13 88 
14 88 14 99 
6 49 6 59 
8 59 8 69 
9 69 9 79 
10 74 10 85 
11 81 11 91 
11 92 13 95 
197 135 197 142 
85 223 93 223 
154 246 157 248 
76 131 76 139 
155 231 158 232 
135 222 137 224 
132 108 133 112 
191 64 194 65 
168 228 168 239 
169 237 174 238 
169 234 172 236 
169 230 172 232 
169 228 173 229 
171 239 174 241 
181 117 191 117 
111 195 114 197 
144 197 149 198 
112 110 113 114 
114 114 115 119 
116 116 116 123 
102 33 113 33 
114 33 119 34 
119 35 127 35 
125 36 136 36 
137 37 148 37 
149 38 159 38 
154 39 165 39 
151 39 152 43 
156 40 167 40 
157 41 164 41 
146 38 148 41 
153 43 161 43 
161 44 166 45 
167 44 168 48 
169 48 180 48 
177 49 188 49 
155 44 159 45 
160 38 169 38 
170 39 179 39 
180 40 183 42 
183 43 185 46 
183 47 188 48 
184 42 195 42 
170 40 179 40 
176 41 177 45 
177 46 182 47 
178 43 181 45 
196 42 197 47 
198 45 199 50 
47 209 49 212 
8 32 10 34 
11 33 14 35 
139 64 143 65 
147 227 148 232 
150 154 151 158 
145 113 150 114 
185 126 187 129 
95 230 99 231 
165 212 167 215 
110 55 114 56 
110 43 112 45 
130 151 131 155 
132 152 133 156 
30 22 34 23 
192 103 193 106 
194 104 197 106 
67 86 76 86 
149 106 152 108 
190 127 192 129 
37 93 39 95 
16 65 18 68 
37 61 48 61 
49 62 52 64 
49 65 51 67 
39 62 44 63 
39 64 47 64 
41 65 43 68 
47 65 48 69 
49 69 50 74 
180 170 183 172 
158 103 159 107 
118 57 120 60 
118 61 128 61 
40 128 42 131 
136 237 136 244 
137 242 140 244 
140 245 141 248 
66 153 67 158 
159 54 163 55 
161 56 163 59 
103 248 111 248 
52 118 56 119 
55 120 64 120 
101 206 106 207 
46 29 47 34 
54 202 55 207 
165 208 168 210 
168 211 169 215 
170 215 173 216 
128 227 131 229 
62 198 63 201 
18 84 18 91 
19 87 21 90 
52 81 53 84 
54 83 58 84 
194 80 198 81 
41 33 44 35 
142 151 144 153 
187 136 190 138 
132 208 133 212 
72 219 72 226 
116 102 118 105 
117 106 118 109 
119 106 119 113 
21 73 21 83 
179 218 179 225 
154 208 155 213 
188 200 193 201 
87 144 90 145 
161 42 171 42 
169 43 170 47 
171 46 175 47 
171 43 174 45 
158 60 161 62 
108 195 110 197 
142 137 147 138 
68 146 70 148 
37 59 47 59 
39 60 48 60 
41 143 42 148 
182 202 184 205 
180 91 183 92 
130 172 137 172 
136 69 140 70 
128 35 139 35 
124 218 126 221 
130 188 131 193 
157 76 160 77 
106 192 110 193 
136 125 138 128 
126 119 127 123 
193 211 196 213 
197 211 198 214 
104 112 106 115 
104 116 113 116 
64 246 67 248 
151 55 154 57 
121 186 124 188 
138 178 139 182 
106 138 108 140 
74 228 76 230 
195 224 197 226 
177 181 184 181 
179 182 184 183 
97 145 106 145 
55 99 56 102 
57 102 68 102 
44 175 47 177 
120 248 128 248 
123 244 126 246 
124 170 129 171 
179 75 183 76 
119 162 121 165 
186 155 187 159 
15 18 17 21 
18 22 21 23 
26 55 27 60 
68 52 68 59 
69 56 71 58 
104 31 115 31 
107 32 118 32 
101 227 103 230 
90 84 94 85 
95 86 97 89 
72 56 73 60 
162 71 166 72 
166 73 170 74 
163 73 165 75 
168 75 170 78 
98 58 101 59 
66 90 69 92 
70 93 71 96 
195 127 196 131 
164 179 167 181 
165 182 168 184 
113 102 114 105 
70 188 71 192 
158 133 163 134 
160 135 165 136 
165 170 172 170 
30 113 32 115 
69 220 71 223 
65 63 68 64 
67 65 69 68 
29 159 29 168 
70 50 71 54 
138 36 148 36 
67 83 70 85 
180 39 187 39 
186 40 193 40 
132 94 133 98 
96 227 98 229 
137 106 138 111 
116 79 118 82 
67 73 72 74 
66 22 69 24 
70 22 71 27 
72 27 75 29 
72 24 75 26 
76 25 76 34 
67 25 68 28 
68 29 70 32 
72 30 74 33 
40 115 43 116 
183 150 187 151 
51 165 53 167 
41 21 43 23 
128 56 129 60 
34 200 36 203 
27 119 32 120 
130 118 133 120 
111 173 113 176 
14 11 22 11 
140 42 147 42 
164 194 168 195 
136 162 138 165 
48 135 49 140 
183 217 188 218 
188 219 190 222 
123 77 124 80 
14 7 16 10 
17 8 22 9 
17 10 27 10 
24 11 28 12 
23 8 34 8 
29 9 33 10 
31 11 39 11 
40 12 49 12 
44 13 53 13 
54 13 58 14 
40 11 51 11 
52 11 63 11 
59 12 66 12 
63 13 70 13 
71 14 74 16 
71 13 82 13 
77 14 88 14 
78 15 79 19 
86 15 90 16 
87 17 87 26 
88 24 93 25 
90 26 98 26 
82 15 83 20 
84 21 85 26 
60 13 62 16 
88 17 99 17 
95 18 98 20 
100 17 100 28 
101 28 111 28 
101 18 101 27 
102 21 104 24 
105 23 107 26 
108 26 118 26 
113 27 124 27 
116 28 127 28 
122 29 127 30 
126 31 135 31 
131 32 133 34 
134 34 145 34 
146 34 151 35 
97 21 98 24 
119 29 121 31 
152 34 161 34 
157 35 161 36 
161 37 171 37 
172 38 182 38 
152 35 155 37 
102 18 107 19 
107 20 110 22 
109 23 111 25 
112 25 123 25 
122 26 132 26 
133 26 136 28 
137 27 138 31 
139 27 148 27 
149 28 156 28 
144 28 147 30 
144 31 148 32 
149 31 160 31 
156 32 166 32 
165 33 168 35 
147 33 155 33 
167 36 176 36 
148 30 157 30 
177 36 187 36 
187 37 192 38 
193 38 198 39 
163 33 164 36 
148 29 159 29 
160 29 165 30 
169 33 172 35 
173 35 182 35 
51 12 58 12 
64 14 69 15 
80 15 81 19 
112 23 122 23 
116 24 126 24 
124 25 134 25 
105 27 112 27 
112 28 115 30 
92 18 93 23 
149 27 160 27 
161 27 169 27 
165 28 174 28 
175 29 177 32 
168 29 172 30 
176 33 187 33 
180 34 188 34 
185 35 196 35 
195 36 199 37 
189 34 198 34 
178 31 185 31 
180 32 191 32 
111 21 120 21 
111 22 119 22 
35 8 44 8 
41 9 46 10 
36 9 39 10 
91 16 102 16 
101 17 110 17 
108 18 119 18 
120 18 123 20 
124 19 129 20 
114 19 118 20 
127 21 137 21 
135 22 138 24 
139 24 142 25 
142 26 150 26 
130 22 133 24 
151 26 160 26 
143 24 153 24 
154 25 164 25 
161 26 172 26 
145 25 152 25 
154 24 164 24 
165 25 175 25 
172 27 181 27 
178 28 182 29 
181 30 190 30 
188 31 198 31 
94 22 96 25 
190 33 197 33 
29 12 36 12 
34 13 43 13 
167 89 168 93 
169 91 171 93 
61 240 64 241 
132 227 133 231 
37 143 38 147 
159 52 163 53 
114 183 117 185 
116 186 117 191 
40 93 42 95 
140 38 145 39 
150 219 153 221 
86 122 88 125 
47 9 51 10 
52 10 63 10 
53 105 56 106 
57 107 66 107 
65 108 66 111 
67 108 68 111 
69 110 74 111 
55 107 56 111 
57 108 62 109 
60 110 64 111 
103 246 106 247 
154 136 157 138 
154 139 157 140 
14 6 22 6 
21 7 32 7 
79 215 81 217 
73 84 76 85 
88 225 88 236 
63 195 66 196 
75 196 77 198 
194 113 197 114 
186 92 190 93 
85 190 86 193 
37 56 39 58 
49 83 50 86 
139 23 150 23 
122 31 125 32 
43 136 46 138 
43 139 46 141 
53 153 58 154 
50 196 53 197 
176 84 179 86 
34 214 36 216 
40 138 42 141 
189 51 191 54 
150 205 151 210 
82 75 84 77 
17 93 17 102 
18 100 19 105 
85 230 86 233 
110 164 114 165 
113 166 117 167 
45 87 46 92 
47 93 47 101 
88 19 90 22 
26 184 26 194 
27 193 27 204 
28 199 28 209 
29 206 29 216 
30 217 30 228 
31 226 31 237 
32 229 32 239 
33 230 34 235 
35 235 35 245 
34 236 34 247 
32 240 33 245 
27 205 27 216 
28 210 28 221 
29 220 29 230 
30 231 30 241 
31 238 31 249 
8 70 8 81 
9 82 9 92 
10 92 10 102 
11 96 13 99 
163 229 163 240 
32 248 35 249 
130 157 135 158 
46 93 46 101 
151 23 158 23 
159 23 167 23 
168 24 178 24 
168 23 178 23 
179 24 182 26 
183 26 188 27 
189 27 193 28 
194 27 196 30 
183 25 192 25 
189 26 199 26 
179 23 187 23 
32 210 33 213 
72 87 76 88 
138 184 140 187 
87 40 95 40 
91 41 94 43 
130 112 131 117 
120 70 123 72 
124 73 126 75 
84 17 86 19 
172 206 173 211 
174 207 174 216 
90 98 91 102 
41 86 43 88 
22 101 24 104 
171 201 174 203 
121 41 126 42 
76 167 78 170 
54 123 57 124 
22 136 22 146 
23 144 23 155 
22 147 22 158 
23 158 23 168 
22 159 22 169 
29 107 37 107 
23 169 23 179 
24 173 24 184 
25 180 25 191 
23 180 23 190 
23 191 24 196 
25 194 25 204 
25 205 26 210 
25 211 26 216 
25 217 25 228 
25 229 26 234 
27 234 28 239 
26 218 27 223 
29 235 29 246 
26 224 28 227 
26 235 26 245 
27 244 28 249 
19 24 21 27 
87 91 90 93 
195 138 196 143 
72 21 75 22 
101 41 102 46 
122 177 127 178 
108 102 108 110 
59 135 61 137 
144 184 147 186 
146 187 147 191 
194 111 199 112 
103 16 112 16 
63 126 65 128 
176 249 183 249 
184 52 187 53 
78 106 85 106 
103 172 105 174 
146 60 150 61 
162 31 173 31 
189 47 191 49 
177 170 179 172 
44 38 46 41 
144 71 145 75 
171 145 173 147 
57 50 59 52 
129 122 134 123 
132 124 133 129 
134 125 135 130 
110 87 113 89 
107 186 115 186 
112 187 115 189 
99 146 106 146 
116 204 118 207 
58 23 63 24 
58 25 66 25 
72 98 74 101 
165 230 166 234 
167 230 167 238 
131 160 132 164 
133 160 134 164 
22 170 22 181 
22 182 22 193 
127 159 128 164 
129 161 130 164 
3 1 8 2 
4 3 14 3 
5 4 16 4 
14 5 24 5 
23 6 33 6 
34 7 44 7 
45 7 50 8 
9 1 12 2 
13 1 16 2 
15 3 25 3 
21 4 30 4 
29 5 39 5 
37 6 47 6 
17 1 21 2 
22 1 25 2 
26 1 29 3 
56 155 59 157 
42 206 43 211 
192 62 199 62 
86 126 88 128 
18 37 21 39 
165 97 173 97 
166 98 171 99 
84 235 86 238 
136 74 143 74 
69 119 74 120 
147 166 154 166 
79 236 81 238 
67 168 70 170 
71 168 73 170 
28 65 30 68 
153 67 161 67 
24 109 26 111 
100 53 101 56 
37 174 40 176 
152 124 153 127 
190 75 199 75 
100 141 101 144 
103 201 107 202 
104 57 105 61 
144 201 146 203 
175 186 178 187 
136 129 138 131 
196 154 198 157 
47 215 48 218 
175 166 177 168 
11 100 13 103 
14 100 14 111 
15 107 15 118 
16 111 16 121 
14 112 14 122 
15 119 15 130 
16 126 19 128 
20 126 21 131 
15 131 15 142 
16 143 21 144 
16 135 17 140 
18 139 20 142 
17 145 19 148 
17 149 21 150 
19 129 19 137 
19 151 19 161 
20 153 20 163 
21 159 21 170 
21 132 21 141 
16 132 18 134 
16 122 19 124 
17 151 17 161 
14 123 14 134 
65 98 66 101 
180 200 184 201 
33 38 36 40 
130 27 132 30 
131 86 135 87 
139 29 141 32 
147 68 148 73 
116 49 117 52 
117 63 122 64 
190 204 195 205 
120 226 122 228 
63 155 65 158 
64 207 66 209 
43 97 44 100 
142 30 143 33 
97 69 101 70 
18 18 19 21 
142 56 149 56 
19 162 19 172 
20 173 20 184 
21 181 21 192 
20 164 20 171 
21 193 21 204 
22 204 23 208 
22 201 24 203 
22 197 24 200 
24 205 24 216 
24 217 24 227 
23 209 23 220 
23 221 23 232 
23 233 23 244 
24 233 24 244 
25 235 25 246 
125 56 127 58 
42 43 42 52 
66 52 67 56 
39 45 40 49 
67 228 70 230 
33 93 34 96 
117 67 124 67 
179 98 182 100 
44 56 46 58 
140 59 142 61 
66 93 68 96 
99 101 100 105 
130 124 131 129 
167 223 171 224 
105 232 105 239 
140 151 140 161 
111 183 113 185 
154 226 157 227 
30 192 30 199 
84 131 84 142 
37 167 40 169 
32 144 33 147 
167 102 174 102 
130 19 141 19 
142 19 153 19 
150 20 161 20 
160 21 171 21 
163 22 173 22 
135 20 146 20 
146 21 156 21 
148 22 157 22 
199 234 199 245 
140 107 142 110 
169 179 170 183 
58 95 60 97 
198 114 199 117 
54 23 57 25 
151 88 153 90 
157 203 159 206 
51 7 55 8 
55 9 66 9 
65 10 70 11 
70 12 81 12 
56 7 65 7 
59 8 68 8 
69 8 74 9 
75 8 80 9 
72 10 80 10 
75 11 86 11 
87 12 98 12 
95 13 97 15 
98 15 109 15 
98 13 109 13 
106 14 117 14 
111 15 122 15 
120 16 125 17 
124 18 133 18 
87 11 97 11 
98 11 109 11 
99 12 107 12 
166 52 171 53 
176 69 179 70 
64 121 65 125 
7 60 7 70 
122 33 127 34 
107 114 111 115 
176 194 176 201 
165 96 174 96 
41 26 43 29 
44 196 45 199 
77 108 88 108 
18 155 18 166 
30 242 30 249 
121 218 122 221 
50 232 50 239 
54 34 58 35 
60 187 63 189 
46 75 53 75 
184 28 188 29 
97 224 99 226 
35 134 38 135 
61 172 63 174 
48 6 59 6 
161 105 166 106 
154 228 157 229 
189 83 198 83 
197 84 199 86 
8 22 11 24 
154 220 158 221 
157 240 160 242 
186 44 189 46 
190 44 194 45 
192 46 194 48 
128 106 130 109 
51 56 59 56 
49 38 50 41 
68 143 72 144 
171 71 175 72 
84 99 88 100 
49 215 50 219 
116 208 118 210 
12 37 13 40 
57 75 58 79 
51 133 56 134 
20 185 20 196 
20 197 20 207 
21 205 21 215 
22 211 22 222 
22 223 22 233 
22 234 22 244 
44 214 44 222 
111 151 114 153 
27 228 28 232 
136 117 138 120 
52 242 53 245 
37 45 38 50 
60 62 60 71 
172 41 175 42 
135 90 140 91 
2 34 2 45 
3 43 3 53 
4 51 4 62 
5 52 5 63 
5 64 5 74 
6 68 6 79 
7 80 7 90 
8 86 8 97 
6 80 6 90 
6 91 7 96 
2 46 2 57 
3 58 3 69 
4 69 4 80 
5 77 5 88 
8 98 8 109 
9 106 11 109 
9 110 9 120 
10 121 13 123 
10 113 12 116 
11 124 13 127 
13 128 13 138 
11 128 12 133 
12 134 12 144 
13 143 14 148 
15 145 15 156 
16 149 16 159 
16 160 16 171 
17 170 17 180 
18 175 19 180 
19 181 19 191 
18 181 18 192 
19 193 19 204 
16 172 16 183 
17 183 17 194 
18 193 18 203 
18 204 18 214 
19 207 19 217 
20 215 20 225 
20 226 20 236 
21 230 21 241 
16 184 16 194 
21 218 21 229 
8 110 8 120 
13 113 13 120 
17 195 17 206 
17 207 17 218 
18 215 18 225 
18 226 19 231 
12 107 13 112 
17 162 17 169 
18 167 18 174 
20 237 20 248 
21 247 23 249 
2 58 2 68 
2 69 2 79 
3 79 3 90 
4 88 4 99 
5 94 5 104 
6 100 7 104 
7 105 7 115 
4 100 4 111 
5 110 5 121 
6 114 6 125 
5 122 5 133 
6 134 11 135 
6 131 10 132 
6 127 8 130 
9 136 11 139 
6 136 8 139 
7 140 8 144 
9 145 12 147 
7 124 10 126 
8 145 8 156 
9 151 9 162 
10 151 12 154 
13 155 13 166 
10 158 10 168 
11 165 12 170 
13 171 13 182 
14 176 14 187 
15 182 15 193 
11 171 11 182 
12 179 12 189 
11 183 11 194 
12 195 14 197 
15 198 16 202 
12 191 14 194 
15 203 15 214 
16 212 16 222 
17 219 17 230 
13 198 14 203 
14 204 14 214 
5 105 6 109 
14 166 14 175 
15 170 15 181 
12 171 12 178 
14 157 15 162 
13 204 13 215 
14 215 15 220 
13 216 13 227 
14 226 15 231 
16 230 16 241 
17 232 19 235 
15 232 15 243 
16 243 17 247 
18 236 19 240 
18 241 19 246 
14 221 15 225 
12 198 12 208 
8 157 8 168 
9 166 9 176 
10 176 10 186 
9 177 9 187 
10 187 10 197 
8 169 8 180 
11 197 11 208 
11 209 12 214 
12 215 12 225 
10 198 10 209 
10 210 10 220 
11 216 11 226 
16 203 16 211 
3 91 3 102 
11 227 12 232 
13 230 13 241 
14 239 14 249 
16 248 19 249 
13 242 13 249 
64 188 67 189 
2 80 2 91 
2 92 2 103 
2 104 2 115 
3 109 3 119 
3 120 3 131 
4 127 4 138 
5 136 5 147 
5 148 5 159 
6 144 6 155 
7 154 7 165 
7 166 7 176 
7 177 7 188 
6 156 6 167 
6 168 6 179 
6 180 6 190 
7 189 7 200 
8 197 9 202 
6 191 6 201 
9 203 9 213 
9 214 9 225 
9 226 10 231 
8 192 9 195 
7 146 7 153 
7 202 7 213 
8 210 8 220 
7 214 7 225 
7 226 7 236 
8 232 8 242 
9 234 11 237 
11 238 11 248 
7 237 7 248 
8 245 10 248 
4 139 4 149 
4 150 4 161 
5 161 5 171 
5 172 5 183 
9 238 10 243 
12 234 12 245 
45 62 48 63 
45 213 45 222 
40 179 42 181 
41 216 42 220 
158 153 160 155 
59 103 70 103 
30 2 40 2 
34 3 45 3 
41 2 50 2 
46 4 49 5 
51 2 54 3 
51 4 56 5 
57 4 67 4 
66 5 77 5 
74 6 85 6 
74 7 84 7 
58 5 65 5 
81 8 90 8 
88 9 92 10 
81 9 86 10 
93 10 103 10 
78 5 87 5 
88 5 97 5 
90 6 94 7 
97 6 100 8 
101 7 108 7 
101 8 110 8 
109 7 119 7 
120 7 131 7 
127 8 137 8 
113 8 123 8 
109 9 114 10 
130 9 139 9 
120 9 122 12 
123 9 124 14 
132 7 141 7 
140 8 150 8 
151 9 151 17 
152 12 160 12 
148 9 149 13 
158 13 161 15 
152 11 162 11 
152 15 155 17 
152 10 163 10 
162 16 164 18 
164 19 174 19 
175 20 179 21 
146 9 147 14 
148 15 150 17 
97 9 106 9 
140 9 143 11 
142 12 144 15 
140 12 141 16 
142 17 147 18 
152 18 161 18 
126 8 126 17 
127 13 136 13 
127 9 129 12 
127 14 132 15 
129 16 133 17 
130 10 135 11 
136 10 139 12 
138 13 139 18 
164 11 169 12 
170 12 180 12 
179 13 190 13 
190 14 198 14 
194 15 195 20 
196 21 197 25 
173 13 177 14 
175 15 186 15 
175 16 184 16 
166 13 168 15 
181 17 183 20 
184 19 189 20 
166 16 170 17 
168 18 179 18 
188 21 191 23 
192 22 195 24 
187 14 188 18 
189 16 192 18 
190 19 193 20 
98 5 108 5 
108 6 117 6 
118 6 128 6 
171 13 172 17 
151 8 162 8 
153 9 162 9 
154 19 163 19 
158 16 161 17 
156 13 157 17 
170 11 181 11 
182 12 190 12 
191 12 194 13 
68 4 79 4 
40 4 44 5 
163 9 174 9 
173 10 184 10 
175 9 186 9 
187 9 192 10 
189 11 198 11 
199 12 199 22 
193 9 198 10 
55 2 64 2 
55 3 66 3 
67 3 78 3 
79 3 90 3 
84 4 95 4 
91 3 102 3 
100 4 107 4 
108 4 118 4 
116 5 127 5 
119 4 130 4 
129 5 137 5 
131 6 141 6 
131 4 141 4 
141 5 152 5 
148 6 153 7 
154 6 159 7 
134 16 136 18 
162 13 164 15 
117 9 119 11 
72 47 73 51 
67 166 72 167 
126 196 126 205 
54 170 56 173 
59 161 59 172 
140 40 145 41 
81 120 81 128 
98 127 100 130 
160 7 171 7 
172 8 182 8 
163 8 170 8 
172 7 183 7 
183 8 190 8 
166 60 168 62 
11 6 11 13 
37 32 38 36 
45 46 49 47 
136 152 139 153 
34 112 39 113 
2 116 2 127 
2 128 2 138 
3 138 3 148 
3 149 3 160 
2 139 2 150 
8 181 8 190 
140 21 145 22 
10 140 11 144 
62 143 64 146 
43 18 48 19 
87 83 89 86 
87 209 91 210 
76 62 87 62 
110 171 113 172 
8 48 9 52 
126 46 135 46 
141 201 142 204 
192 130 192 138 
186 103 191 104 
115 38 122 38 
49 247 51 249 
184 7 194 7 
195 7 199 8 
111 143 111 150 
113 16 118 17 
39 123 42 125 
34 166 34 175 
152 170 154 172 
45 227 46 230 
62 56 63 60 
139 190 142 191 
54 29 55 33 
5 184 5 195 
5 196 5 206 
6 203 6 214 
5 207 5 218 
67 191 68 196 
40 110 41 114 
53 151 58 152 
44 242 48 243 
151 145 154 146 
85 206 87 208 
115 9 116 13 
38 76 43 77 
192 208 199 208 
195 209 198 210 
44 65 46 68 
12 61 20 61 
169 167 172 169 
99 120 102 121 
153 5 162 5 
160 6 169 6 
170 6 181 6 
182 6 193 6 
142 6 147 7 
137 132 144 132 
36 21 37 24 
55 70 56 75 
165 244 169 245 
198 68 199 72 
14 149 14 156 
175 218 176 221 
33 56 35 58 
28 55 28 64 
186 105 191 106 
78 25 79 28 
95 141 96 145 
86 197 90 198 
53 202 53 209 
96 90 98 92 
66 146 67 150 
124 200 125 205 
63 98 64 101 
0 23 0 33 
0 34 1 39 
1 40 1 50 
156 58 160 59 
152 13 155 14 
118 133 118 140 
31 99 31 106 
30 1 40 1 
41 1 50 1 
51 1 59 1 
60 1 71 1 
65 2 76 2 
72 1 83 1 
82 2 90 2 
84 1 93 1 
94 2 105 2 
105 3 116 3 
106 2 116 2 
94 1 101 1 
102 1 113 1 
117 3 126 3 
127 3 137 3 
117 2 124 2 
125 2 132 2 
47 222 50 224 
94 37 101 37 
192 32 199 32 
7 121 9 123 
108 123 115 123 
193 68 197 69 
127 202 128 205 
104 214 108 215 
186 85 187 90 
182 222 184 224 
31 66 34 68 
70 71 77 71 
51 72 53 74 
132 145 134 148 
11 72 11 79 
1 51 1 61 
1 62 1 73 
33 32 34 37 
90 140 93 142 
122 204 122 215 
178 178 180 180 
128 141 136 141 
94 35 103 35 
96 96 96 104 
3 0 14 0 
41 43 41 52 
171 135 171 144 
1 74 1 84 
1 85 1 95 
142 4 151 4 
152 4 161 4 
162 4 172 4 
173 5 184 5 
185 5 196 5 
173 4 181 4 
182 4 191 4 
192 4 199 4 
195 48 197 50 
106 83 106 94 
2 151 2 162 
3 162 4 166 
2 163 2 173 
3 170 4 174 
2 174 2 185 
3 183 3 194 
4 185 4 195 
4 196 4 207 
3 179 4 182 
3 175 4 178 
4 208 4 218 
4 219 5 223 
5 224 5 234 
6 231 6 242 
5 235 5 245 
3 195 3 206 
3 207 3 217 
3 218 3 228 
4 228 4 239 
3 229 3 239 
4 240 4 248 
4 249 12 249 
180 161 180 168 
185 69 192 69 
54 126 56 128 
5 17 6 22 
194 193 194 201 
54 81 57 82 
43 232 44 236 
144 247 146 249 
153 96 156 97 
102 77 104 79 
59 62 59 71 
49 163 53 164 
69 6 73 7 
70 42 71 46 
133 2 142 2 
143 2 147 3 
148 2 159 2 
148 3 158 3 
159 3 170 3 
160 2 168 2 
171 3 181 3 
182 3 193 3 
169 2 180 2 
116 244 121 245 
120 84 123 85 
1 96 1 106 
1 107 1 118 
1 119 1 130 
1 131 1 141 
1 142 1 153 
1 154 1 164 
1 165 1 176 
1 177 1 187 
2 187 2 198 
2 199 2 209 
2 210 2 220 
31 167 32 172 
