3671 
0 0 9 0 
9 1 10 6 
4 1 4 12 
5 12 7 14 
6 15 17 15 
18 16 18 26 
19 23 24 24 
25 25 29 26 
25 27 32 27 
19 26 22 27 
19 28 21 31 
22 29 25 31 
19 16 22 18 
24 32 33 32 
28 28 31 30 
28 31 38 31 
32 30 41 30 
41 31 43 34 
33 33 38 34 
20 32 22 35 
23 35 24 40 
24 41 32 41 
30 42 41 42 
42 42 46 43 
37 43 39 45 
27 42 28 47 
11 16 12 21 
47 43 56 43 
48 44 53 45 
57 43 61 44 
57 45 58 50 
48 46 53 47 
49 48 54 49 
55 49 56 54 
48 48 48 59 
49 59 53 60 
49 61 59 61 
57 62 59 65 
25 23 30 24 
24 42 26 45 
26 46 26 57 
27 49 30 51 
29 52 32 54 
61 45 63 48 
64 46 65 50 
64 51 75 51 
67 52 69 54 
70 54 80 54 
81 54 91 54 
83 55 86 56 
74 52 78 53 
70 55 71 60 
72 59 76 60 
71 61 80 61 
81 62 81 73 
82 68 84 71 
85 68 88 70 
86 71 86 82 
87 76 95 76 
88 77 95 77 
82 73 85 75 
96 76 101 77 
101 78 108 78 
107 79 117 79 
117 80 122 81 
116 80 116 90 
107 80 110 82 
114 80 115 84 
111 81 113 84 
113 85 115 88 
111 85 112 90 
113 90 115 93 
87 55 97 55 
97 56 107 56 
99 57 101 60 
102 61 106 62 
106 63 115 63 
116 64 116 74 
117 74 126 74 
126 75 126 86 
127 82 131 83 
127 84 130 86 
127 87 130 89 
129 90 140 90 
141 91 144 93 
117 66 117 73 
118 71 121 73 
110 64 111 69 
145 93 145 104 
118 68 121 70 
102 58 110 58 
127 76 130 78 
111 70 113 73 
114 73 115 78 
116 76 121 77 
116 78 125 78 
127 75 136 75 
132 91 137 92 
134 93 136 96 
137 97 137 108 
138 106 142 107 
146 100 156 100 
155 101 160 102 
152 101 153 105 
154 105 154 115 
155 105 156 110 
156 111 161 112 
158 113 159 118 
161 113 163 116 
160 117 161 121 
156 113 156 124 
157 119 159 122 
157 124 157 134 
137 76 137 86 
138 83 141 85 
155 114 155 125 
146 94 157 94 
156 95 164 95 
150 95 151 99 
152 97 163 97 
154 98 157 99 
158 98 167 98 
158 99 169 99 
161 96 171 96 
170 97 178 97 
171 98 180 98 
180 99 191 99 
189 100 194 101 
158 124 166 124 
165 125 175 125 
167 126 169 129 
162 125 163 129 
163 130 168 131 
158 125 160 128 
169 130 176 130 
170 131 171 136 
172 134 182 134 
172 131 175 133 
176 131 187 131 
183 132 184 137 
185 134 195 134 
186 135 197 135 
193 136 196 138 
192 136 192 147 
193 141 195 144 
186 136 191 137 
197 136 198 140 
198 141 199 146 
185 136 185 146 
186 138 188 141 
188 142 188 152 
188 131 198 131 
190 132 194 133 
196 141 197 146 
198 147 198 158 
199 148 199 159 
197 147 197 157 
189 141 190 146 
105 59 109 60 
19 19 21 22 
193 145 194 149 
195 148 196 152 
102 76 113 76 
169 132 169 143 
59 66 68 66 
60 67 61 71 
62 70 73 70 
70 71 79 71 
66 71 68 74 
69 72 77 72 
70 73 72 75 
67 75 69 78 
70 79 81 79 
80 80 81 85 
69 79 69 89 
70 84 73 85 
72 86 81 86 
70 90 75 91 
71 92 75 93 
76 92 87 92 
76 93 79 95 
78 96 89 96 
86 93 90 94 
73 80 76 82 
77 80 78 84 
73 73 78 74 
89 97 92 99 
91 100 91 110 
92 109 97 110 
92 102 99 102 
96 103 101 104 
98 109 99 113 
74 94 74 105 
75 102 80 103 
75 104 79 105 
80 104 85 105 
78 106 80 109 
70 80 72 83 
87 95 98 95 
100 102 109 102 
103 103 113 103 
105 104 109 105 
105 106 110 107 
108 108 117 108 
110 104 115 105 
116 106 126 106 
114 109 116 112 
117 112 117 123 
114 113 114 124 
115 116 116 120 
114 125 117 127 
117 128 122 129 
118 107 122 108 
123 109 123 119 
124 113 132 113 
129 114 131 117 
129 118 132 120 
133 114 144 114 
138 115 138 125 
121 109 122 113 
122 114 122 125 
123 125 127 126 
123 122 131 122 
127 123 132 124 
129 125 131 128 
131 129 140 129 
134 130 139 131 
137 132 147 132 
142 115 152 115 
128 125 128 135 
128 136 131 137 
132 136 133 141 
129 130 130 134 
131 134 135 135 
133 118 136 120 
133 115 137 116 
140 130 149 130 
133 124 136 126 
137 127 147 127 
148 127 150 129 
144 128 147 129 
149 131 151 134 
124 109 129 110 
80 93 85 94 
81 97 84 99 
145 133 148 135 
177 130 186 130 
87 74 91 75 
92 75 101 75 
81 61 92 61 
84 62 85 66 
93 62 96 64 
156 126 156 137 
81 55 82 59 
81 60 90 60 
124 115 128 116 
128 79 133 80 
134 79 134 88 
57 54 60 56 
57 57 62 58 
135 82 136 87 
135 88 140 89 
141 90 150 90 
150 91 154 92 
155 93 163 93 
163 94 173 94 
173 95 181 95 
175 96 182 96 
181 97 185 98 
142 83 152 83 
142 84 151 84 
153 83 160 83 
156 84 157 89 
161 84 165 85 
163 86 173 86 
170 87 171 92 
158 90 161 92 
147 85 155 85 
148 86 152 87 
152 88 155 90 
172 137 176 138 
173 139 184 139 
179 140 183 141 
184 140 184 151 
172 87 176 88 
11 2 22 2 
16 3 25 3 
26 3 27 7 
14 3 14 14 
15 13 23 13 
22 14 32 14 
27 15 38 15 
25 15 26 19 
27 16 37 16 
37 17 41 18 
27 17 32 18 
33 17 35 20 
36 17 36 28 
37 25 44 25 
45 25 47 28 
48 27 48 37 
49 36 54 37 
38 26 41 28 
49 38 57 38 
43 26 44 30 
19 4 21 7 
22 7 24 10 
54 39 59 40 
47 29 47 39 
37 23 48 23 
49 23 51 26 
52 26 52 35 
53 34 63 34 
40 24 48 24 
64 35 68 36 
69 37 73 38 
74 38 74 49 
72 39 72 50 
75 44 82 44 
75 49 83 49 
80 50 89 50 
80 51 91 51 
52 23 57 24 
57 25 59 27 
57 28 62 29 
54 25 55 29 
42 18 50 18 
44 19 47 21 
44 22 52 22 
48 19 58 19 
49 20 60 20 
61 21 65 22 
65 23 65 33 
66 34 75 34 
69 35 79 35 
70 36 80 36 
75 37 76 42 
77 40 81 41 
81 42 92 42 
86 43 88 46 
66 30 70 31 
89 45 96 45 
53 21 58 22 
61 23 63 26 
66 28 75 28 
75 29 84 29 
84 30 92 30 
90 31 100 31 
94 32 103 32 
80 30 81 35 
82 30 83 35 
84 36 86 39 
66 26 70 27 
71 26 82 26 
75 27 85 27 
85 28 88 29 
89 28 98 28 
92 29 102 29 
96 30 107 30 
106 31 117 31 
112 32 117 33 
110 32 111 37 
112 36 122 36 
117 37 122 38 
119 39 124 40 
119 41 120 46 
120 47 127 47 
107 32 108 37 
107 38 109 41 
123 36 125 38 
126 36 136 36 
128 37 138 37 
132 38 140 38 
134 39 145 39 
144 40 147 42 
116 34 127 34 
135 40 143 40 
137 41 142 42 
143 41 143 52 
144 45 154 45 
151 46 162 46 
151 47 156 48 
147 46 150 48 
144 46 146 49 
144 51 144 62 
145 55 146 60 
145 62 149 63 
157 47 160 49 
158 50 158 60 
159 57 167 57 
161 58 161 68 
147 60 154 60 
145 61 156 61 
156 62 157 67 
158 62 159 67 
165 58 166 62 
167 63 167 73 
168 70 178 70 
170 71 175 72 
178 71 186 71 
183 72 188 73 
187 74 188 78 
168 69 179 69 
167 59 178 59 
179 59 190 59 
181 60 182 65 
180 69 190 69 
189 78 193 79 
194 78 197 80 
193 80 193 91 
195 81 195 92 
170 73 173 74 
186 74 186 85 
191 60 191 71 
192 72 193 77 
192 69 194 71 
192 60 192 68 
196 83 199 85 
186 86 187 91 
188 89 190 92 
190 93 198 93 
181 66 184 68 
176 71 176 81 
177 72 181 73 
176 82 185 82 
178 74 182 75 
176 83 179 85 
184 83 184 94 
185 84 185 95 
172 60 180 60 
175 61 178 62 
176 63 177 67 
105 31 105 41 
106 42 116 42 
112 43 114 46 
107 43 110 45 
115 43 115 53 
116 53 124 53 
80 37 83 39 
182 83 183 88 
189 70 190 75 
85 52 89 53 
87 38 90 40 
91 39 101 39 
94 40 96 43 
179 61 180 66 
22 4 25 6 
121 48 132 48 
41 19 43 22 
60 40 69 40 
70 41 71 45 
145 50 149 51 
90 50 98 50 
97 51 101 52 
102 51 104 54 
105 51 109 52 
108 53 110 55 
110 56 117 56 
161 125 161 136 
162 132 167 133 
166 134 166 145 
167 146 169 148 
167 140 168 144 
162 134 163 138 
164 136 165 140 
164 141 165 145 
29 44 31 47 
31 48 39 48 
37 49 45 49 
46 49 47 54 
41 50 44 52 
97 44 98 49 
82 62 83 67 
163 46 168 47 
169 47 174 48 
171 49 182 49 
179 50 180 54 
170 49 170 58 
171 50 175 51 
174 52 175 56 
178 50 178 58 
181 50 188 50 
188 51 198 51 
189 52 190 57 
164 48 164 56 
165 52 166 56 
172 52 173 57 
181 55 184 57 
191 52 194 53 
194 54 198 55 
193 54 193 64 
165 48 168 50 
183 49 193 49 
194 49 198 50 
196 56 198 58 
198 59 199 63 
178 86 179 90 
127 90 127 101 
128 101 129 106 
128 96 132 97 
133 97 135 100 
136 101 136 112 
130 107 133 109 
137 94 140 96 
142 86 145 88 
118 120 119 125 
120 121 121 126 
82 80 83 85 
84 83 94 83 
89 84 89 92 
90 91 98 91 
90 84 100 84 
97 92 106 92 
92 85 97 86 
92 87 102 87 
96 88 107 88 
105 89 107 91 
108 90 109 95 
110 93 111 98 
112 96 115 98 
116 99 119 101 
120 102 125 103 
120 99 125 100 
100 89 102 91 
117 109 120 111 
63 67 65 69 
66 68 71 69 
72 68 76 69 
25 39 33 39 
148 64 153 65 
193 150 193 160 
194 160 199 161 
194 156 195 159 
111 53 114 55 
124 119 127 121 
55 41 58 42 
59 41 69 41 
68 42 69 47 
115 94 119 95 
120 96 123 98 
49 28 50 33 
75 62 77 65 
78 64 79 69 
80 65 80 76 
142 108 143 113 
144 111 146 113 
144 109 152 109 
86 106 89 108 
88 109 88 120 
89 121 93 122 
89 116 97 116 
98 117 101 119 
98 116 109 116 
102 119 107 120 
98 120 98 131 
91 123 92 128 
102 117 112 117 
113 117 113 128 
99 122 109 122 
102 123 106 124 
93 123 97 124 
100 123 100 134 
101 135 103 138 
97 125 97 136 
102 125 110 125 
106 126 107 131 
106 132 109 134 
109 126 110 131 
111 126 111 136 
112 132 122 132 
112 136 114 139 
115 136 124 136 
125 137 126 141 
127 142 137 142 
129 143 133 144 
132 145 137 146 
137 147 142 148 
132 147 136 148 
143 149 154 149 
153 150 157 151 
134 143 144 143 
115 139 116 144 
117 139 122 140 
117 141 122 142 
120 143 123 145 
123 146 126 148 
119 143 119 154 
120 151 130 151 
120 153 123 155 
134 149 137 151 
140 144 143 146 
144 145 155 145 
156 145 161 146 
157 147 162 148 
120 152 130 152 
145 146 153 146 
149 147 153 148 
116 145 116 156 
154 152 155 157 
127 146 129 149 
130 149 133 150 
112 130 122 130 
156 154 166 154 
166 155 175 155 
170 156 178 156 
179 157 181 160 
178 157 178 168 
181 161 186 162 
185 163 193 163 
177 157 177 167 
181 163 182 167 
182 159 189 159 
187 160 191 161 
188 164 196 164 
182 157 190 157 
136 152 140 153 
140 154 151 154 
141 153 149 153 
121 133 124 135 
98 136 98 146 
98 147 102 148 
101 149 110 149 
101 150 108 150 
101 151 108 151 
102 152 102 163 
103 154 108 155 
103 161 106 163 
107 164 111 165 
107 163 116 163 
109 166 114 167 
111 168 112 173 
113 169 121 169 
121 170 121 181 
122 175 131 175 
130 176 141 176 
131 177 132 182 
133 178 137 179 
136 177 147 177 
148 178 158 178 
154 179 157 181 
133 181 140 181 
111 174 119 174 
119 175 120 180 
103 164 103 174 
104 164 106 167 
114 168 124 168 
126 176 129 178 
130 177 130 188 
159 179 161 182 
162 180 162 191 
163 190 174 190 
174 191 178 192 
170 191 171 196 
172 197 176 198 
176 199 179 201 
180 202 189 202 
184 203 184 214 
185 205 196 205 
192 206 192 216 
193 207 198 208 
163 185 174 185 
171 186 182 186 
180 187 183 188 
193 210 194 214 
195 211 198 213 
195 214 195 225 
196 218 199 220 
196 214 199 216 
185 207 190 208 
191 208 191 218 
192 218 193 223 
111 149 113 151 
172 199 174 201 
174 202 174 212 
174 213 175 217 
175 209 179 210 
175 211 180 212 
176 213 177 218 
176 219 186 219 
177 220 187 220 
183 221 191 221 
187 222 190 224 
191 222 191 232 
189 225 190 230 
192 226 197 227 
193 228 195 231 
196 229 199 231 
196 232 197 236 
175 157 176 162 
176 163 176 174 
177 174 188 174 
177 175 177 184 
178 175 181 177 
186 175 189 177 
178 179 189 179 
177 172 182 173 
183 173 193 173 
189 178 198 178 
178 181 185 181 
181 182 192 182 
187 183 190 185 
193 182 193 193 
194 191 194 201 
190 175 197 175 
193 176 198 177 
194 185 197 187 
198 188 198 199 
199 193 199 203 
188 186 188 197 
189 192 190 197 
189 198 192 200 
191 201 193 204 
191 192 192 197 
185 211 190 212 
128 179 128 190 
129 191 133 192 
110 118 112 121 
119 131 127 131 
167 186 169 189 
114 150 115 154 
195 197 197 200 
163 181 170 181 
171 182 175 183 
122 170 126 171 
126 172 129 174 
130 172 141 172 
140 173 150 173 
147 174 155 174 
156 175 164 175 
160 176 164 177 
165 176 169 177 
130 173 134 174 
110 134 110 144 
111 145 113 147 
158 181 158 192 
159 185 160 190 
161 190 161 201 
162 202 162 213 
163 205 166 207 
163 203 173 203 
166 208 166 218 
166 219 174 219 
168 220 172 221 
173 220 176 222 
174 223 177 224 
174 225 174 236 
163 210 165 213 
175 235 180 236 
167 215 170 217 
164 204 172 204 
173 204 173 215 
175 228 183 228 
184 229 184 239 
104 172 109 173 
107 174 109 177 
103 153 112 153 
110 154 111 159 
112 158 117 159 
118 160 126 160 
125 161 133 161 
182 180 189 180 
186 181 197 181 
133 180 142 180 
142 172 153 172 
189 231 189 242 
190 243 193 245 
194 245 199 246 
194 243 199 244 
190 239 194 240 
190 242 199 242 
171 215 172 218 
170 197 171 201 
184 58 191 58 
181 52 184 54 
185 54 187 57 
184 187 184 197 
185 187 187 190 
185 198 188 200 
177 221 181 222 
178 223 186 223 
179 224 184 225 
33 35 35 37 
36 35 39 37 
40 37 43 39 
44 38 46 41 
35 38 39 39 
47 40 51 41 
107 61 110 62 
170 99 173 101 
171 102 180 102 
179 103 184 104 
182 105 183 110 
174 99 177 100 
184 106 191 106 
188 107 193 108 
185 107 185 117 
186 117 191 118 
192 118 195 120 
196 118 199 119 
198 120 199 125 
171 103 171 113 
186 107 186 115 
187 111 188 115 
172 110 176 111 
172 112 175 114 
176 114 184 114 
189 112 194 113 
192 114 197 115 
192 116 199 116 
194 121 194 129 
172 115 172 124 
141 95 141 104 
164 87 169 88 
98 53 101 55 
183 167 194 167 
189 168 193 169 
189 170 199 170 
196 171 198 174 
189 171 194 172 
144 144 155 144 
170 126 174 127 
175 128 186 128 
172 108 175 109 
192 109 196 110 
130 101 134 102 
135 103 135 113 
89 114 93 115 
172 89 177 90 
177 91 182 92 
178 93 183 94 
98 78 100 80 
71 62 74 64 
125 176 125 186 
125 187 125 197 
126 191 126 201 
127 194 130 196 
132 127 135 128 
109 178 111 181 
112 180 114 182 
115 183 119 184 
115 185 115 196 
116 194 117 198 
120 185 120 196 
121 196 122 200 
121 186 124 188 
123 199 125 201 
121 189 123 192 
115 181 120 182 
111 182 111 193 
112 192 112 203 
113 197 113 207 
114 202 118 203 
117 204 128 204 
127 205 127 216 
128 207 137 207 
128 211 137 211 
135 212 138 214 
138 215 147 215 
148 216 149 220 
150 217 150 227 
148 215 156 215 
151 219 158 219 
158 220 167 220 
166 221 166 231 
167 230 170 232 
171 233 172 237 
173 236 173 247 
174 247 179 248 
177 249 185 249 
174 239 178 240 
176 241 178 243 
179 239 182 241 
179 242 181 244 
155 220 157 223 
156 224 161 225 
156 226 157 231 
158 226 163 227 
158 228 158 239 
159 238 170 238 
159 231 160 236 
161 234 164 236 
162 239 171 239 
164 240 165 244 
167 240 172 241 
170 242 172 245 
162 228 163 232 
153 220 153 230 
154 227 154 237 
165 234 170 235 
143 216 143 226 
159 239 161 241 
160 242 162 245 
167 221 167 229 
163 221 165 223 
128 212 128 223 
129 219 134 220 
131 221 133 223 
134 223 135 228 
136 225 137 230 
131 224 133 227 
134 221 139 222 
138 226 141 228 
128 224 129 228 
130 227 130 237 
131 237 132 242 
133 241 136 242 
136 243 140 244 
141 243 143 246 
142 247 147 248 
146 249 157 249 
144 245 155 245 
156 246 163 246 
144 246 152 246 
131 243 134 245 
135 246 139 247 
150 247 158 247 
150 248 158 248 
158 249 167 249 
159 248 167 248 
131 233 133 236 
134 234 143 234 
138 235 142 236 
159 247 168 247 
130 238 130 248 
128 209 133 210 
151 224 152 228 
151 229 151 240 
152 231 153 236 
114 204 114 214 
115 206 118 208 
119 207 121 210 
115 209 117 212 
118 213 123 214 
124 215 126 217 
126 218 127 223 
118 215 121 217 
115 215 115 225 
116 219 119 221 
116 226 126 226 
116 222 119 224 
116 225 126 225 
120 219 122 222 
123 220 125 223 
127 226 127 236 
128 235 129 239 
180 245 185 246 
181 247 190 247 
182 248 193 248 
117 75 125 75 
44 53 45 58 
46 57 46 68 
47 63 52 64 
48 65 52 66 
53 65 54 69 
54 70 55 75 
55 76 59 77 
60 76 60 86 
55 78 56 82 
56 73 65 73 
58 78 58 89 
59 79 59 90 
60 87 64 88 
61 89 62 94 
63 89 64 94 
56 83 57 88 
63 74 65 76 
65 91 67 94 
62 95 66 96 
67 95 67 106 
68 95 73 96 
73 97 73 108 
74 108 74 119 
75 113 77 115 
78 115 86 115 
75 119 86 119 
80 116 83 118 
68 105 70 108 
75 111 80 112 
81 111 86 112 
82 113 87 114 
123 128 126 130 
125 169 136 169 
127 170 132 171 
134 170 144 170 
137 171 146 171 
168 156 168 166 
169 167 169 175 
170 171 174 172 
170 175 175 176 
173 177 174 181 
169 156 169 166 
170 159 172 162 
171 163 172 168 
173 164 175 167 
149 135 151 138 
121 42 132 42 
133 42 136 44 
137 45 141 46 
141 47 141 58 
141 59 142 64 
143 63 144 68 
123 43 128 44 
126 45 131 46 
137 43 142 44 
142 55 143 58 
135 45 135 55 
137 47 140 49 
132 45 134 47 
165 89 169 90 
151 218 160 218 
156 153 164 153 
185 209 190 210 
194 102 196 105 
60 65 68 65 
69 65 73 66 
64 52 64 63 
65 56 66 61 
67 60 69 63 
145 64 145 74 
146 69 148 72 
149 70 154 71 
155 71 155 81 
156 71 160 72 
156 73 156 82 
149 72 154 73 
157 81 168 81 
168 82 173 83 
170 84 175 85 
150 74 152 77 
159 73 159 80 
160 76 163 78 
160 79 167 79 
165 80 173 80 
195 69 196 74 
197 73 199 76 
86 67 97 67 
92 68 102 68 
92 69 95 70 
95 71 100 72 
93 71 94 74 
97 69 107 69 
99 70 109 70 
107 71 109 73 
108 74 113 75 
102 71 105 73 
140 222 142 224 
131 84 132 89 
96 33 97 38 
98 36 102 37 
98 34 103 35 
102 38 104 41 
125 162 126 166 
59 47 60 51 
61 49 62 54 
63 51 63 62 
99 40 99 49 
157 135 158 140 
159 141 161 144 
159 135 160 139 
80 120 80 131 
81 130 92 130 
83 131 92 131 
88 132 93 133 
81 120 81 129 
82 123 89 123 
87 124 89 127 
84 124 85 129 
82 125 83 129 
86 129 96 129 
84 132 86 135 
86 136 88 139 
84 136 85 140 
84 141 86 144 
87 141 91 142 
87 143 90 145 
91 146 93 149 
94 146 97 148 
92 150 92 160 
93 158 94 163 
93 155 98 156 
99 155 100 160 
101 156 101 167 
102 166 102 177 
103 178 106 180 
93 164 100 164 
96 165 96 176 
97 166 97 176 
92 161 92 171 
91 143 94 145 
93 150 94 154 
95 151 99 152 
102 178 102 189 
103 184 108 185 
103 182 107 183 
109 185 109 196 
110 190 110 200 
111 194 111 205 
105 186 105 197 
106 190 108 192 
102 190 103 195 
104 196 104 207 
105 200 109 201 
105 207 107 210 
108 209 113 210 
111 211 113 214 
105 205 109 206 
108 207 112 208 
93 170 95 172 
81 131 81 142 
82 143 82 154 
83 147 90 147 
83 148 83 158 
84 156 91 156 
84 159 84 169 
82 132 82 141 
83 136 83 146 
88 157 89 161 
88 162 90 165 
90 166 91 171 
90 172 90 183 
91 180 92 185 
93 186 98 187 
97 188 99 190 
100 191 100 201 
101 202 101 213 
102 211 104 214 
91 177 96 178 
102 215 109 215 
102 202 103 206 
96 188 96 199 
97 198 97 208 
110 215 111 219 
112 217 113 221 
98 201 98 212 
99 202 100 207 
98 213 98 223 
99 208 100 213 
104 216 109 217 
91 174 94 176 
99 220 109 220 
105 221 109 222 
107 223 107 234 
108 230 118 230 
114 231 121 231 
115 232 116 236 
115 237 118 238 
115 239 125 239 
125 240 128 242 
119 238 127 238 
118 232 125 232 
88 148 89 152 
124 240 124 248 
105 213 110 214 
108 226 113 227 
85 168 86 172 
93 185 101 185 
100 186 101 190 
139 122 144 123 
145 123 148 125 
149 124 154 125 
20 36 22 39 
22 40 22 50 
23 48 25 51 
126 186 127 190 
86 84 88 86 
116 137 124 137 
116 138 123 138 
185 214 186 218 
187 214 189 216 
188 217 190 220 
110 160 115 161 
114 162 121 162 
167 206 171 207 
171 208 172 212 
169 208 170 213 
182 175 184 177 
91 186 91 197 
92 187 92 198 
93 190 94 194 
92 199 95 201 
89 117 92 118 
163 188 166 189 
105 42 105 49 
105 50 114 50 
177 187 179 189 
92 103 94 106 
92 107 96 108 
154 172 158 173 
70 89 81 89 
80 90 84 91 
73 109 73 119 
162 194 167 195 
162 196 165 198 
166 197 168 200 
55 66 57 69 
111 99 112 102 
144 43 151 43 
147 44 156 44 
155 45 165 45 
157 44 166 44 
194 232 195 237 
169 60 170 65 
171 62 174 64 
171 65 175 66 
162 121 165 123 
166 122 171 123 
17 16 17 26 
117 234 125 234 
123 235 125 237 
176 103 178 105 
177 106 181 107 
178 108 181 110 
180 111 184 112 
85 162 86 167 
87 164 87 174 
88 168 88 179 
89 170 89 180 
120 149 124 150 
180 203 182 205 
183 203 183 214 
182 206 182 217 
119 211 122 212 
131 132 136 133 
136 134 137 139 
138 136 143 137 
142 138 147 139 
143 140 147 141 
147 142 156 142 
148 143 158 143 
131 183 134 185 
131 186 135 187 
136 187 145 187 
146 187 154 187 
152 188 152 198 
149 188 149 199 
150 192 151 197 
153 196 158 197 
158 198 158 208 
158 209 158 217 
159 198 159 209 
159 212 161 215 
153 198 155 200 
154 188 155 193 
156 191 157 195 
145 188 147 191 
160 203 161 207 
156 200 157 204 
162 214 165 216 
135 185 146 185 
136 186 143 186 
148 190 148 201 
149 202 149 213 
148 202 148 213 
150 212 152 214 
143 188 144 193 
145 192 146 197 
147 198 147 208 
145 198 145 208 
146 202 146 212 
163 199 165 202 
144 219 144 229 
145 226 145 236 
146 235 148 238 
145 237 145 244 
146 232 150 233 
149 235 149 243 
150 243 158 243 
146 239 147 244 
145 221 146 224 
178 193 181 195 
182 193 183 197 
183 198 184 201 
134 138 135 141 
34 40 39 41 
148 175 150 177 
151 175 154 177 
136 128 143 128 
142 174 145 176 
124 111 133 111 
124 112 134 112 
92 52 94 54 
120 156 130 156 
121 157 124 159 
126 157 131 158 
131 159 142 159 
132 157 140 157 
132 158 141 158 
136 160 137 165 
134 160 135 165 
134 166 145 166 
144 167 154 167 
134 167 142 167 
134 168 145 168 
143 160 145 163 
146 160 148 162 
149 160 150 165 
151 165 154 166 
151 163 162 163 
161 164 165 165 
151 162 159 162 
160 162 167 162 
138 165 147 165 
153 168 158 169 
165 166 167 169 
167 170 168 175 
159 168 161 170 
162 171 165 173 
141 157 151 157 
145 158 156 158 
154 159 165 159 
159 160 162 161 
125 243 129 244 
111 109 112 113 
111 114 113 116 
36 49 36 59 
36 60 45 60 
37 56 39 59 
38 61 43 62 
37 52 39 55 
84 86 85 89 
159 54 161 56 
177 129 186 129 
140 133 143 135 
112 65 114 68 
150 179 151 184 
152 182 154 184 
155 184 157 186 
170 222 172 225 
170 226 172 229 
171 230 173 232 
185 236 186 240 
187 239 188 243 
154 216 157 217 
130 212 133 214 
132 215 134 218 
135 217 138 219 
139 217 141 219 
175 237 180 238 
110 41 118 41 
71 108 71 119 
72 111 72 122 
159 191 160 195 
84 170 84 181 
85 179 85 190 
86 190 90 191 
86 179 87 184 
88 185 90 187 
89 192 89 203 
90 198 91 203 
92 202 96 203 
90 204 91 209 
92 206 93 211 
93 212 93 223 
94 218 97 219 
94 211 96 214 
94 221 95 226 
181 76 185 77 
45 29 45 36 
150 210 154 211 
155 211 157 213 
174 101 185 101 
184 102 192 102 
188 103 192 104 
193 94 195 97 
163 178 171 178 
145 122 153 122 
191 185 192 190 
136 173 139 175 
135 235 137 238 
136 239 140 240 
137 241 142 242 
110 223 113 225 
187 80 192 81 
187 82 192 83 
189 84 192 86 
152 110 153 114 
138 160 140 163 
141 160 142 164 
168 223 169 228 
39 15 49 15 
50 15 55 16 
56 16 65 16 
63 17 74 17 
57 17 61 18 
60 19 69 19 
62 20 71 20 
67 21 77 21 
67 22 72 23 
78 22 88 22 
81 23 92 23 
85 24 89 25 
90 24 92 26 
93 27 100 27 
93 25 98 26 
99 26 109 26 
70 24 81 24 
74 25 84 25 
39 16 49 16 
46 17 55 17 
175 202 177 205 
40 54 41 59 
42 54 43 58 
168 179 171 180 
102 63 104 65 
105 65 107 68 
144 136 148 137 
154 66 155 69 
156 69 166 69 
161 70 163 72 
141 65 142 70 
62 97 63 101 
62 102 62 112 
63 103 66 105 
63 111 68 112 
64 113 64 124 
65 117 65 128 
66 127 75 127 
76 128 77 133 
70 128 75 129 
71 130 73 133 
68 128 69 132 
78 130 78 141 
79 135 79 146 
80 143 81 148 
63 106 66 108 
75 130 75 141 
66 118 70 119 
66 120 71 121 
70 122 71 126 
64 97 66 100 
67 128 67 139 
68 138 70 140 
71 140 72 144 
71 145 73 148 
73 143 78 144 
74 149 81 149 
78 150 81 152 
79 153 81 156 
82 157 82 168 
80 157 81 162 
82 169 82 180 
83 169 83 179 
71 134 72 138 
75 150 77 153 
77 154 77 164 
78 157 78 167 
63 113 63 123 
79 157 79 167 
80 167 81 171 
66 129 66 139 
68 113 70 115 
66 123 68 125 
64 125 64 135 
65 131 65 142 
64 136 64 146 
65 144 66 149 
67 145 70 147 
67 148 67 158 
68 158 69 162 
68 155 71 157 
72 155 74 158 
75 157 76 162 
72 159 72 170 
73 167 74 172 
75 171 75 182 
76 176 81 177 
76 171 78 173 
77 174 81 175 
76 180 77 185 
78 183 78 194 
79 193 84 194 
79 185 80 190 
81 185 81 192 
82 191 85 192 
70 161 71 166 
73 165 77 166 
169 144 180 144 
176 145 177 150 
178 148 182 149 
179 150 181 152 
20 40 20 50 
21 50 21 60 
22 59 22 70 
23 62 32 62 
21 41 21 49 
30 63 35 64 
34 65 41 65 
38 66 41 68 
42 66 44 69 
45 70 50 71 
49 72 52 74 
49 75 49 86 
32 65 32 75 
32 76 34 78 
33 69 34 73 
35 73 37 76 
35 77 35 88 
36 82 36 93 
37 85 44 85 
38 77 48 77 
36 64 45 64 
42 70 44 73 
45 72 48 74 
40 86 47 86 
48 86 48 97 
49 90 49 100 
41 87 43 90 
44 87 47 89 
44 90 46 92 
47 91 47 101 
50 80 54 81 
54 82 54 93 
53 82 53 93 
55 91 59 92 
52 82 52 92 
57 93 60 95 
51 82 51 93 
52 94 56 95 
56 96 61 97 
52 96 55 97 
52 98 56 99 
52 100 55 102 
35 66 37 69 
38 69 39 74 
40 75 48 75 
23 63 23 74 
23 75 23 85 
24 70 27 71 
24 75 25 79 
26 78 31 79 
28 80 33 81 
31 82 32 86 
31 87 32 92 
33 82 33 93 
34 92 35 96 
25 80 26 85 
24 81 24 92 
34 97 42 97 
39 98 39 109 
37 98 38 102 
40 102 44 103 
40 98 42 101 
43 100 46 101 
23 86 23 97 
38 103 38 114 
39 110 44 111 
39 112 50 112 
46 113 53 113 
54 114 54 125 
55 115 60 116 
55 117 60 118 
61 116 61 127 
55 119 57 121 
57 122 59 125 
56 122 56 133 
25 88 30 89 
25 90 28 92 
30 90 30 101 
31 94 33 97 
30 102 32 105 
33 106 35 109 
31 106 31 117 
32 114 37 115 
37 116 38 121 
39 120 41 123 
37 122 37 133 
38 127 48 127 
37 134 38 139 
39 140 47 140 
40 141 50 141 
31 118 32 123 
33 110 36 112 
49 128 49 139 
39 117 42 119 
33 124 33 134 
34 127 36 130 
34 134 36 136 
36 137 36 147 
37 143 39 146 
40 146 41 150 
41 151 41 162 
40 145 50 145 
42 156 42 167 
43 160 45 163 
46 162 55 162 
46 164 57 164 
47 163 56 163 
43 156 45 159 
42 151 45 153 
45 154 56 154 
57 155 61 156 
54 155 56 158 
57 157 62 158 
62 159 65 160 
60 159 61 163 
62 162 64 164 
65 165 68 167 
66 168 66 178 
65 168 65 179 
67 169 70 171 
71 170 71 181 
72 181 74 184 
67 172 68 177 
75 185 75 195 
76 196 78 199 
55 165 63 165 
63 166 64 170 
60 166 61 171 
60 172 60 183 
61 181 61 191 
61 192 63 195 
62 184 70 184 
69 185 72 187 
72 173 73 178 
74 173 74 180 
58 119 60 121 
50 129 53 131 
54 131 54 142 
55 139 57 141 
58 139 63 140 
55 142 59 143 
58 144 58 153 
59 147 60 151 
61 150 66 151 
63 152 65 154 
66 153 66 164 
46 142 49 144 
55 114 62 114 
33 119 36 120 
33 121 35 123 
62 155 65 156 
39 114 42 116 
48 128 48 138 
62 185 64 188 
65 185 67 188 
38 125 47 125 
38 126 48 126 
63 171 64 175 
39 136 41 139 
40 128 42 130 
43 130 44 135 
43 114 53 114 
48 115 52 116 
50 117 53 119 
48 117 49 122 
50 122 53 124 
45 115 46 119 
46 120 47 124 
40 104 42 106 
60 122 60 132 
61 129 61 138 
42 147 46 148 
43 149 53 149 
51 150 56 151 
61 178 64 180 
30 65 31 69 
62 126 63 131 
62 132 63 137 
72 188 72 198 
73 192 73 202 
74 201 79 202 
73 203 84 203 
73 204 82 204 
83 204 85 206 
75 205 75 216 
76 214 84 214 
80 215 85 216 
75 217 78 219 
82 217 86 218 
76 212 87 212 
78 220 87 220 
81 221 82 226 
83 226 85 228 
84 229 95 229 
83 225 92 225 
92 230 103 230 
97 231 100 233 
97 234 97 245 
98 239 109 239 
98 236 106 236 
92 231 94 234 
94 235 94 246 
97 246 99 249 
101 233 105 234 
84 213 91 213 
92 213 92 224 
87 214 88 219 
89 215 90 220 
89 221 91 224 
98 243 108 243 
104 244 115 244 
116 244 119 245 
101 244 103 247 
104 247 109 248 
25 86 30 87 
87 230 90 231 
88 232 88 242 
89 235 92 237 
89 232 91 234 
90 238 93 240 
91 241 93 244 
86 228 96 228 
26 75 29 77 
36 77 37 81 
61 174 62 177 
98 237 102 238 
103 237 114 237 
85 230 86 235 
40 107 43 108 
42 109 53 109 
54 109 58 110 
57 111 61 112 
48 110 52 111 
65 189 69 190 
67 191 67 202 
68 197 70 200 
70 191 71 195 
77 200 88 200 
84 201 88 202 
50 144 57 144 
51 145 54 147 
46 160 53 160 
42 78 46 79 
46 80 48 83 
110 176 115 177 
113 183 113 194 
114 193 114 201 
161 86 162 89 
65 52 66 55 
101 132 104 134 
105 132 105 142 
106 142 109 144 
106 135 107 140 
56 74 60 75 
168 72 169 76 
170 75 174 76 
171 77 174 79 
114 215 114 226 
114 227 124 227 
122 228 125 230 
116 228 120 229 
163 117 166 119 
167 118 170 120 
106 156 109 157 
86 205 87 209 
173 121 176 123 
177 122 179 124 
178 125 187 125 
184 126 192 126 
191 127 193 130 
98 172 101 174 
68 99 70 102 
71 102 72 107 
197 69 199 72 
50 132 51 137 
155 149 166 149 
166 150 169 152 
170 152 175 153 
176 154 187 154 
185 155 190 156 
170 150 173 151 
161 150 165 151 
55 30 60 31 
59 32 62 33 
177 74 177 81 
178 76 180 79 
179 80 183 81 
50 138 53 140 
138 207 141 209 
140 210 142 213 
143 211 145 214 
83 45 85 48 
86 49 96 49 
160 221 162 223 
73 205 74 209 
73 210 73 220 
74 221 78 222 
86 62 89 63 
75 101 86 101 
82 102 87 103 
86 104 90 105 
180 85 181 90 
87 81 91 82 
92 81 97 82 
98 81 103 82 
101 83 110 83 
101 84 106 85 
107 86 110 87 
121 193 124 194 
164 70 165 75 
66 179 68 182 
101 123 101 131 
115 164 118 166 
119 167 127 167 
128 167 132 168 
57 98 59 101 
60 102 60 110 
59 102 59 110 
147 91 149 93 
151 150 152 153 
196 94 197 98 
198 99 198 110 
197 99 197 110 
124 41 134 41 
172 135 180 135 
140 108 141 112 
42 80 44 83 
61 84 65 85 
66 86 67 90 
95 190 95 198 
25 9 29 10 
179 162 180 167 
84 32 86 35 
87 34 91 35 
88 36 92 37 
86 48 95 48 
138 229 141 231 
134 193 137 195 
134 196 138 197 
139 196 142 198 
137 198 138 203 
137 204 140 206 
141 199 142 204 
143 204 144 208 
143 199 144 203 
25 35 27 38 
145 116 147 118 
148 118 153 119 
145 119 147 121 
148 116 152 117 
71 76 74 78 
69 174 69 182 
70 174 70 183 
146 104 149 106 
148 107 153 108 
117 42 118 46 
149 52 150 56 
151 53 156 54 
153 55 156 57 
149 57 152 58 
146 230 150 231 
141 152 150 152 
57 126 58 131 
59 127 59 138 
86 227 95 227 
176 115 184 115 
146 88 150 89 
172 194 176 195 
91 56 93 58 
94 59 98 60 
179 168 187 168 
179 169 188 169 
162 217 165 219 
197 120 197 129 
130 104 134 105 
136 198 136 206 
142 96 142 104 
143 96 143 107 
144 107 147 108 
62 141 63 146 
46 150 49 152 
50 152 55 153 
109 46 110 49 
86 87 88 90 
121 54 124 56 
122 57 132 57 
130 58 135 59 
130 60 130 70 
131 61 140 61 
137 62 137 72 
132 60 140 60 
128 58 129 62 
129 63 129 74 
130 74 139 74 
139 75 147 75 
139 76 141 79 
142 77 145 79 
146 80 149 82 
142 80 145 82 
138 69 139 73 
131 64 131 73 
132 71 136 72 
127 58 127 69 
128 66 128 74 
132 66 133 70 
134 67 136 70 
148 75 149 79 
150 78 153 80 
133 121 136 123 
146 150 149 151 
115 54 120 55 
120 56 120 67 
121 63 125 64 
122 65 124 68 
118 56 118 67 
119 59 119 66 
96 227 105 227 
164 76 167 78 
162 62 164 64 
165 64 166 68 
84 120 87 122 
139 62 140 67 
48 101 49 105 
48 106 53 107 
155 224 155 234 
87 236 87 247 
88 246 90 249 
185 231 188 233 
158 150 160 152 
81 107 85 108 
82 109 87 110 
75 100 86 100 
29 92 29 102 
3 1 3 11 
120 146 122 148 
122 69 124 72 
140 155 145 156 
191 87 192 92 
146 168 149 170 
147 171 155 171 
75 120 76 125 
76 126 79 127 
128 138 131 140 
64 194 65 199 
86 186 87 189 
44 108 52 108 
62 183 69 183 
88 207 89 211 
117 185 119 188 
134 191 141 191 
139 192 140 195 
111 228 115 229 
136 53 138 56 
137 57 140 59 
194 58 195 62 
196 59 197 63 
198 64 199 68 
95 74 103 74 
85 194 87 197 
85 198 88 199 
190 241 198 241 
117 199 120 201 
119 202 123 203 
195 168 199 169 
74 134 74 142 
93 126 96 128 
114 145 115 149 
83 221 86 222 
138 178 146 178 
143 179 144 184 
147 178 147 186 
148 179 149 184 
145 179 146 183 
149 185 153 186 
175 126 182 126 
179 127 188 127 
93 118 97 119 
94 120 97 122 
37 19 40 21 
138 248 141 249 
38 131 42 132 
142 188 142 195 
68 203 70 206 
69 207 69 218 
70 212 72 215 
70 207 72 209 
70 217 70 228 
71 219 72 224 
73 221 73 232 
71 229 71 240 
72 229 72 240 
73 238 73 248 
74 249 81 249 
74 243 77 245 
75 246 78 248 
73 234 74 237 
75 234 78 236 
79 236 81 239 
82 239 85 241 
86 240 86 248 
81 240 81 248 
82 247 85 249 
75 237 77 239 
77 240 80 242 
83 242 85 245 
74 229 82 229 
78 243 80 245 
72 241 72 249 
74 228 82 228 
81 230 84 232 
81 233 84 235 
84 236 86 238 
54 126 55 130 
84 151 85 155 
168 242 169 245 
169 246 171 249 
167 100 167 111 
168 102 170 104 
168 110 170 113 
171 114 171 121 
168 106 170 109 
111 106 115 107 
175 229 178 231 
179 231 182 233 
175 232 177 234 
183 232 183 243 
184 241 186 243 
126 202 134 202 
130 203 132 205 
5 3 8 4 
7 5 8 10 
91 245 92 249 
93 247 96 249 
156 232 156 242 
111 238 114 240 
83 57 90 57 
100 28 111 28 
112 29 117 30 
118 31 129 31 
125 32 135 32 
129 33 132 35 
133 35 142 35 
140 36 151 36 
142 37 146 38 
147 39 155 39 
118 30 129 30 
163 191 166 193 
120 94 124 95 
13 16 13 26 
14 19 14 29 
15 20 15 31 
16 20 16 30 
17 29 18 33 
14 30 14 40 
15 40 16 44 
19 33 19 44 
15 38 18 39 
170 139 172 142 
130 208 137 208 
25 63 28 65 
29 64 29 74 
30 71 31 76 
116 246 118 249 
119 249 128 249 
95 162 99 163 
31 50 35 51 
35 52 35 61 
33 52 33 62 
23 60 30 60 
100 49 104 50 
121 104 125 105 
50 82 50 93 
51 94 51 104 
148 120 152 121 
45 132 46 137 
127 162 130 164 
161 102 165 103 
164 104 165 108 
166 107 166 116 
164 109 165 113 
96 105 101 106 
97 107 100 108 
184 183 186 185 
80 178 81 183 
82 182 83 187 
123 176 123 185 
173 160 174 163 
61 141 61 149 
159 84 160 88 
196 237 199 238 
196 239 199 240 
169 191 169 202 
137 126 147 126 
146 227 149 229 
95 242 96 246 
195 193 197 195 
93 165 94 169 
101 196 103 198 
106 32 106 41 
56 100 56 107 
57 103 58 107 
113 57 117 58 
115 59 117 62 
131 152 132 156 
163 182 167 183 
166 184 175 184 
17 4 18 8 
193 139 196 140 
73 120 74 125 
108 232 112 233 
131 197 133 200 
125 53 129 54 
128 55 133 56 
111 142 113 144 
123 161 124 165 
174 115 175 120 
176 116 184 116 
179 117 180 121 
177 117 178 121 
160 208 161 211 
68 18 75 18 
77 43 85 43 
99 139 104 140 
101 141 103 144 
103 145 107 146 
108 145 110 148 
167 44 170 45 
171 44 176 45 
177 46 181 47 
177 44 187 44 
177 45 188 45 
182 46 187 47 
189 46 197 46 
196 47 199 48 
188 44 198 44 
199 49 199 58 
189 45 198 45 
190 233 193 235 
79 45 81 47 
105 211 110 212 
108 123 112 124 
8 12 11 14 
43 119 44 124 
95 143 97 145 
27 52 28 57 
29 55 30 59 
31 55 32 60 
118 143 118 153 
76 18 81 19 
79 20 89 20 
88 21 99 21 
97 22 108 22 
98 23 105 23 
109 22 112 24 
110 25 119 25 
117 26 125 26 
124 27 129 28 
130 28 135 29 
133 30 144 30 
141 31 151 31 
152 32 162 32 
157 33 159 36 
160 37 161 41 
113 26 116 28 
158 37 159 41 
162 40 165 42 
166 43 177 43 
156 33 156 43 
138 31 140 34 
103 24 108 25 
160 33 161 36 
162 33 164 36 
165 36 176 36 
172 37 174 40 
175 37 177 40 
162 37 171 37 
178 41 182 42 
177 36 188 36 
172 41 176 42 
165 34 176 34 
169 35 179 35 
183 37 192 37 
184 38 195 38 
195 39 198 40 
186 39 194 39 
186 40 189 42 
190 43 199 43 
179 37 182 39 
148 32 150 35 
90 20 99 20 
100 20 103 21 
104 20 113 20 
114 21 123 21 
104 21 113 21 
124 22 135 22 
131 23 136 24 
133 25 144 25 
135 26 144 26 
144 27 154 27 
145 26 156 26 
155 28 158 29 
159 29 163 30 
164 31 168 32 
169 31 178 31 
179 32 182 34 
183 35 193 35 
194 36 199 37 
183 32 185 34 
186 33 196 33 
162 39 171 39 
167 40 171 41 
144 32 145 35 
149 28 153 29 
152 30 156 31 
183 39 185 42 
188 34 198 34 
114 20 125 20 
126 21 136 21 
112 133 115 134 
172 196 180 196 
136 50 140 51 
187 225 188 230 
54 59 58 60 
73 29 74 33 
75 31 77 33 
58 159 59 164 
173 141 178 142 
173 143 183 143 
73 185 74 190 
128 197 130 200 
124 153 126 155 
127 153 130 154 
50 95 50 105 
136 27 138 29 
165 224 165 233 
63 28 64 32 
154 201 155 206 
156 206 157 210 
139 120 143 121 
191 54 192 57 
170 173 174 174 
165 236 170 237 
189 147 191 149 
192 149 192 160 
164 30 173 30 
107 166 108 170 
174 57 177 58 
139 117 144 118 
39 86 39 96 
40 95 45 96 
44 97 46 99 
40 93 45 94 
50 120 53 121 
31 23 34 25 
11 3 13 6 
95 111 96 115 
106 152 113 152 
108 96 109 101 
34 131 36 133 
108 137 109 141 
61 196 61 207 
62 199 63 203 
64 201 66 204 
67 204 67 214 
68 214 68 224 
64 205 65 209 
66 208 66 218 
67 215 67 226 
68 227 69 231 
68 232 70 235 
62 207 63 212 
63 213 64 217 
68 236 70 238 
68 239 70 242 
65 218 65 229 
66 228 66 238 
67 228 67 238 
70 243 71 248 
99 93 107 93 
105 94 106 98 
178 202 179 207 
126 205 126 214 
43 128 47 129 
99 216 100 219 
129 180 129 190 
79 223 80 227 
93 100 104 100 
100 101 107 101 
148 140 153 141 
32 47 40 47 
78 87 83 88 
5 7 6 11 
183 215 184 218 
117 82 119 85 
118 86 119 91 
120 87 122 89 
121 90 126 91 
126 92 126 103 
199 171 199 181 
199 204 199 213 
46 156 47 159 
48 157 50 159 
194 202 196 204 
37 92 38 96 
123 82 124 87 
23 16 24 20 
24 21 35 21 
21 61 21 72 
22 73 22 83 
21 73 21 84 
22 85 22 95 
22 96 22 107 
23 108 28 109 
27 110 30 112 
29 113 29 123 
30 115 30 125 
31 126 31 136 
32 126 32 136 
29 124 29 134 
30 129 30 139 
31 138 31 149 
32 147 32 158 
32 141 35 143 
34 144 34 155 
35 144 35 155 
36 154 36 164 
37 155 40 156 
33 147 33 158 
34 157 35 161 
36 149 39 151 
23 110 26 112 
25 113 25 124 
26 125 26 135 
27 131 27 141 
37 158 40 160 
27 142 28 147 
27 148 30 150 
23 106 27 107 
26 116 27 121 
30 151 30 161 
31 159 31 169 
31 170 36 171 
32 172 33 177 
34 177 35 181 
35 182 37 185 
38 182 40 184 
37 170 39 172 
32 167 37 168 
41 182 41 192 
42 183 46 184 
46 185 46 195 
37 186 39 189 
40 189 40 200 
41 201 42 206 
43 204 51 204 
47 205 49 207 
41 198 50 198 
49 199 53 200 
54 199 55 204 
56 201 57 206 
58 201 58 211 
51 201 53 203 
44 205 44 215 
45 208 47 210 
48 208 48 219 
49 217 59 217 
50 218 61 218 
46 211 47 216 
49 209 52 211 
55 219 58 221 
56 222 63 222 
52 219 53 223 
54 224 54 234 
55 232 64 232 
55 229 59 230 
60 230 64 231 
55 235 60 236 
57 237 62 238 
55 234 64 234 
58 233 65 233 
63 237 64 242 
65 241 67 243 
67 244 68 249 
35 186 35 196 
36 190 36 201 
37 190 37 201 
38 200 39 204 
38 205 38 216 
40 201 40 211 
39 208 39 219 
40 216 42 219 
43 220 45 223 
46 221 49 223 
50 223 51 227 
41 220 41 230 
38 190 38 198 
39 190 39 199 
42 225 44 228 
43 229 47 230 
36 181 46 181 
35 197 35 208 
36 205 37 210 
35 209 35 220 
59 223 62 225 
61 226 62 229 
35 221 39 222 
32 169 42 169 
43 170 48 171 
44 172 55 172 
45 173 48 175 
49 176 53 177 
54 176 58 177 
59 178 59 188 
45 227 48 228 
49 228 52 230 
52 231 53 235 
51 231 51 242 
52 239 62 239 
54 240 59 241 
52 241 53 245 
54 242 56 245 
57 246 66 246 
54 246 56 249 
62 247 64 249 
50 206 53 208 
54 207 55 211 
55 212 60 213 
61 214 62 217 
56 214 59 216 
56 223 58 226 
41 197 51 197 
34 175 38 176 
36 177 38 179 
39 175 41 178 
41 179 50 179 
45 180 56 180 
50 181 54 182 
48 181 48 191 
49 184 53 185 
51 186 56 187 
57 188 58 193 
59 194 60 199 
57 180 58 185 
59 200 60 204 
55 181 56 185 
47 195 58 195 
32 178 32 189 
33 186 34 190 
57 242 60 244 
54 178 58 179 
43 185 44 190 
45 185 45 196 
43 191 44 196 
51 198 58 198 
46 224 49 226 
49 231 50 236 
49 237 49 247 
50 248 53 249 
50 238 50 247 
47 186 47 194 
59 219 62 221 
36 215 37 220 
49 213 51 216 
40 221 40 231 
32 190 32 201 
33 199 34 204 
33 191 34 195 
32 166 41 166 
49 170 54 171 
61 244 65 245 
54 188 55 193 
58 247 61 249 
37 223 37 233 
38 228 38 239 
39 232 41 235 
39 236 41 239 
42 237 46 238 
44 239 44 248 
45 240 46 245 
39 240 42 242 
40 243 43 245 
40 246 43 248 
46 246 47 249 
38 173 43 174 
45 199 46 203 
52 196 56 197 
42 235 46 236 
32 29 42 29 
179 153 189 153 
99 240 108 240 
101 241 112 241 
107 242 117 242 
113 243 122 243 
120 244 121 248 
48 193 51 194 
199 221 199 228 
187 162 198 162 
42 186 42 196 
131 189 136 190 
137 189 141 190 
39 134 42 135 
49 173 52 175 
29 11 33 12 
30 13 41 13 
42 13 50 13 
44 14 54 14 
51 13 62 13 
58 14 66 14 
61 15 72 15 
66 16 76 16 
139 149 142 151 
22 11 27 12 
56 173 59 175 
24 72 26 74 
194 84 194 92 
68 191 69 196 
181 118 182 122 
181 123 186 124 
183 120 186 122 
188 93 189 97 
190 95 192 98 
43 168 48 169 
68 150 70 153 
71 150 72 154 
73 150 74 154 
135 62 136 66 
23 52 25 55 
23 56 25 59 
156 176 159 177 
170 128 174 129 
145 147 148 148 
195 247 198 249 
110 248 115 249 
26 93 28 95 
26 96 27 101 
28 100 28 107 
95 235 96 240 
110 39 118 39 
152 136 155 137 
189 138 191 140 
148 101 150 103 
3 12 3 22 
4 23 7 25 
4 18 9 19 
7 20 10 22 
8 23 12 24 
12 25 12 36 
13 36 13 47 
14 43 14 53 
14 54 17 56 
15 48 18 50 
18 55 18 66 
19 63 20 67 
19 68 20 72 
15 45 18 47 
19 49 19 60 
20 51 20 61 
11 25 11 36 
17 57 17 68 
4 16 9 17 
13 48 13 59 
14 58 16 60 
13 60 13 70 
14 61 14 71 
16 61 16 72 
17 70 17 81 
17 82 19 85 
19 86 20 91 
17 86 17 97 
18 87 18 97 
19 97 21 100 
20 101 20 112 
21 102 21 113 
16 73 16 84 
18 98 18 108 
15 66 15 77 
15 78 15 88 
16 86 16 97 
17 98 17 109 
18 110 19 114 
18 115 20 118 
21 118 23 121 
19 119 19 130 
20 124 21 129 
22 128 24 130 
25 130 25 141 
26 141 26 152 
27 153 28 157 
29 154 29 165 
30 164 30 174 
30 175 30 185 
31 173 31 184 
31 185 31 195 
24 119 24 126 
19 131 21 134 
22 134 22 144 
23 136 24 140 
23 145 24 150 
22 131 24 133 
29 166 29 177 
19 101 19 109 
28 158 28 169 
28 170 28 181 
18 76 19 81 
151 33 155 34 
75 46 78 48 
158 129 159 133 
106 202 110 203 
131 77 136 78 
118 102 119 105 
179 178 188 178 
183 165 191 165 
43 104 45 106 
89 71 92 73 
74 232 79 233 
65 77 66 81 
67 81 68 84 
112 245 114 247 
92 134 96 135 
94 136 96 139 
92 136 93 141 
99 61 100 65 
153 40 155 43 
36 106 37 109 
84 207 85 211 
49 52 51 55 
52 53 53 58 
93 23 97 24 
45 44 47 47 
146 68 153 68 
66 48 71 49 
87 80 97 80 
66 67 77 67 
27 8 38 8 
34 9 42 9 
42 10 45 12 
39 10 41 12 
46 12 57 12 
35 10 38 12 
39 8 48 8 
45 9 54 9 
55 10 64 10 
65 10 66 13 
67 14 78 14 
67 11 71 12 
67 10 78 10 
78 11 88 11 
86 12 88 15 
83 12 84 17 
72 13 82 13 
80 14 82 17 
47 10 51 11 
55 11 63 11 
89 12 99 12 
92 13 99 13 
92 14 101 14 
101 15 104 17 
93 15 95 18 
104 18 107 19 
105 16 113 16 
114 17 117 19 
118 17 121 19 
96 16 98 19 
122 18 133 18 
131 19 139 19 
138 20 143 21 
144 21 146 24 
146 25 154 25 
147 24 156 24 
100 13 109 13 
103 14 113 14 
155 25 164 25 
162 26 171 26 
171 27 180 27 
180 28 181 31 
182 29 193 29 
185 30 195 30 
167 27 170 29 
159 26 161 28 
171 28 174 29 
111 15 122 15 
122 16 131 16 
111 17 113 19 
138 22 141 24 
110 13 119 13 
120 13 124 14 
125 14 130 15 
131 14 136 15 
136 16 139 18 
137 15 146 15 
144 16 152 16 
151 17 159 17 
155 18 157 20 
155 21 165 21 
158 19 168 19 
165 22 173 22 
152 18 153 23 
149 17 150 22 
168 23 173 24 
172 25 181 25 
178 26 186 26 
155 22 158 23 
141 16 143 19 
144 17 147 18 
144 19 147 20 
125 13 135 13 
194 31 199 32 
48 165 53 166 
49 167 54 168 
50 169 59 169 
188 119 189 123 
190 119 191 123 
192 121 193 125 
96 220 97 225 
96 226 105 226 
106 226 106 235 
107 235 111 236 
131 162 133 165 
108 64 109 69 
148 52 148 59 
183 27 190 27 
190 28 198 28 
99 125 99 136 
85 97 88 99 
55 36 59 37 
60 37 65 38 
61 39 71 39 
113 99 115 102 
89 119 92 120 
151 129 155 130 
154 131 155 135 
174 241 175 246 
42 44 43 48 
151 127 155 128 
90 88 93 90 
147 113 151 114 
119 163 122 165 
73 134 73 141 
146 95 149 97 
42 176 47 177 
90 62 92 65 
133 48 134 53 
125 58 126 62 
118 233 126 233 
45 231 46 234 
47 232 48 237 
48 238 48 248 
55 145 57 148 
99 96 101 98 
188 47 193 48 
78 178 79 182 
91 78 96 79 
32 44 35 46 
190 42 199 42 
153 49 156 51 
157 51 157 61 
146 66 151 67 
71 97 72 101 
136 140 140 141 
157 105 158 109 
159 105 160 110 
161 106 162 110 
43 164 45 166 
100 44 103 46 
55 170 59 171 
128 93 133 94 
75 77 83 77 
78 78 85 78 
159 100 166 100 
167 145 175 145 
174 146 175 151 
171 146 173 149 
148 40 152 41 
174 22 177 24 
178 23 186 23 
87 33 95 33 
93 34 95 37 
66 32 71 33 
97 179 98 184 
68 133 70 135 
82 18 92 18 
84 19 95 19 
27 82 29 85 
65 113 67 116 
5 26 8 28 
9 26 10 31 
5 29 7 32 
5 33 7 36 
8 35 8 45 
9 42 10 47 
11 48 11 58 
12 58 12 68 
9 36 10 40 
11 37 12 42 
9 32 10 35 
12 69 12 79 
13 76 14 81 
11 59 11 70 
11 71 11 82 
121 45 125 46 
72 56 77 57 
78 58 80 60 
97 61 98 66 
99 66 104 67 
187 234 188 237 
34 205 34 216 
75 116 78 118 
120 82 122 84 
196 64 197 67 
102 27 110 27 
196 132 199 134 
34 52 34 61 
181 43 189 43 
55 166 58 168 
28 7 38 7 
79 196 82 198 
23 141 24 144 
97 194 99 197 
14 82 14 93 
15 92 15 103 
16 99 16 109 
15 104 15 114 
15 115 17 118 
17 119 18 123 
15 119 16 123 
17 124 17 135 
18 132 18 143 
19 137 21 140 
18 144 18 155 
19 156 19 167 
20 156 22 158 
20 167 21 172 
20 160 21 165 
22 165 24 168 
19 146 21 149 
21 173 24 175 
22 176 22 187 
23 181 23 191 
23 177 25 180 
24 192 24 202 
24 189 29 190 
24 182 27 183 
28 184 29 188 
30 186 30 197 
22 171 27 172 
22 160 23 164 
24 160 27 162 
25 203 25 214 
26 209 28 212 
29 212 32 214 
32 215 32 225 
33 222 33 233 
34 228 35 233 
35 234 36 239 
37 239 37 249 
30 215 31 220 
21 176 21 187 
24 203 24 213 
24 214 24 225 
25 215 27 217 
25 224 28 225 
26 226 31 227 
26 228 27 232 
27 233 30 235 
32 227 32 238 
31 235 31 246 
30 228 31 232 
32 247 35 249 
28 217 29 222 
29 223 31 225 
25 221 27 223 
32 239 33 243 
34 242 36 245 
19 141 21 144 
24 184 25 188 
34 224 35 227 
38 244 39 249 
21 150 22 155 
23 154 24 159 
29 236 29 247 
30 238 30 248 
22 169 27 170 
26 184 27 187 
19 168 19 179 
20 173 20 184 
20 185 20 196 
21 193 21 204 
22 196 22 206 
22 207 22 217 
23 212 23 223 
23 199 23 210 
25 194 28 196 
27 197 27 207 
29 197 29 208 
30 207 31 211 
28 200 28 208 
30 204 32 206 
25 166 27 168 
25 226 25 236 
26 235 26 245 
27 243 28 247 
26 197 26 208 
100 47 104 48 
199 86 199 96 
11 7 12 11 
116 92 124 92 
111 57 112 62 
99 181 101 184 
26 113 28 115 
27 126 28 130 
167 20 172 21 
53 32 56 33 
103 158 108 159 
162 166 163 170 
138 182 141 184 
33 137 35 140 
160 17 165 18 
166 17 170 18 
169 19 180 19 
179 20 190 20 
171 18 180 18 
191 21 199 21 
194 22 195 27 
192 22 193 27 
196 22 198 25 
199 22 199 30 
185 21 190 22 
189 23 191 25 
181 18 192 18 
193 18 196 20 
181 19 190 19 
151 220 152 223 
182 31 192 31 
150 198 151 203 
152 203 153 208 
150 204 151 209 
117 240 122 241 
86 151 87 155 
90 46 94 47 
25 93 25 103 
174 32 178 33 
168 114 170 117 
126 107 129 108 
127 201 135 201 
165 95 172 95 
36 63 43 63 
56 70 59 72 
187 128 189 130 
143 236 144 241 
23 98 23 105 
52 103 54 105 
116 102 117 105 
83 59 91 59 
76 186 76 195 
164 38 171 38 
29 43 36 43 
66 141 69 143 
159 23 167 23 
159 24 166 24 
122 207 124 210 
15 9 20 10 
15 11 18 12 
117 235 121 236 
47 68 52 69 
94 209 97 210 
180 206 181 210 
47 201 50 203 
179 145 182 147 
27 239 28 242 
82 188 84 190 
79 21 87 21 
61 240 62 243 
68 55 69 59 
116 133 119 135 
147 223 149 226 
29 142 30 146 
82 40 86 41 
103 175 105 177 
180 189 182 192 
176 175 176 185 
11 1 20 1 
125 49 128 51 
129 50 132 52 
53 72 53 79 
95 215 97 217 
10 48 10 59 
54 55 56 58 
117 145 117 156 
151 160 155 161 
173 136 182 136 
177 137 182 138 
13 72 14 75 
37 152 40 154 
25 143 25 154 
103 86 106 87 
77 37 79 39 
76 134 76 142 
77 134 77 142 
116 170 119 172 
179 170 184 171 
185 203 189 204 
55 131 55 138 
56 135 58 138 
183 62 187 63 
187 64 189 67 
186 191 187 196 
147 37 152 38 
154 104 163 104 
113 22 115 24 
116 23 120 24 
121 25 132 25 
130 26 133 27 
11 83 12 88 
13 83 13 93 
12 89 12 99 
12 100 14 102 
12 103 14 106 
13 107 13 118 
14 119 14 129 
15 127 15 138 
16 132 16 143 
17 136 17 147 
17 148 17 158 
14 107 14 117 
14 130 14 141 
15 142 15 152 
16 149 16 160 
17 159 17 170 
18 159 18 170 
18 171 18 182 
17 171 17 181 
19 180 19 191 
13 119 13 129 
138 138 141 139 
176 51 177 56 
102 221 104 224 
50 125 52 127 
43 205 43 215 
121 205 125 206 
34 98 35 103 
161 73 163 75 
117 35 128 35 
54 44 56 47 
77 205 78 210 
79 205 82 207 
80 208 82 211 
61 75 62 79 
63 79 64 83 
100 12 110 12 
126 181 127 185 
119 189 119 197 
126 64 126 73 
193 179 198 180 
167 208 168 212 
116 185 116 193 
117 190 118 193 
51 188 52 192 
86 64 89 66 
101 216 102 219 
65 210 65 217 
26 191 29 193 
176 28 178 30 
112 178 115 179 
188 124 191 125 
161 50 163 53 
196 120 196 130 
90 157 91 161 
100 248 103 249 
103 126 104 131 
71 203 72 206 
79 52 84 53 
13 130 13 140 
184 226 186 228 
95 153 100 154 
116 218 125 218 
94 179 95 183 
100 109 105 110 
106 109 108 112 
106 113 110 114 
100 111 104 112 
102 113 104 115 
164 93 173 93 
53 173 55 175 
118 112 119 117 
126 19 130 20 
74 225 76 227 
187 142 187 151 
103 94 104 99 
78 30 79 34 
9 7 10 11 
186 92 187 97 
6 37 6 47 
6 48 9 50 
8 51 9 56 
6 51 6 61 
7 59 7 70 
7 71 8 76 
8 63 10 66 
10 67 10 78 
9 77 9 88 
10 84 10 95 
11 90 11 100 
7 51 7 58 
8 57 9 62 
8 67 9 70 
9 89 9 100 
9 101 9 112 
10 101 11 106 
9 113 10 117 
11 114 12 119 
11 120 12 125 
11 107 12 112 
11 126 11 137 
12 131 12 142 
13 143 14 147 
12 143 12 153 
13 153 14 157 
14 158 15 163 
16 163 16 173 
13 148 14 151 
14 164 14 174 
15 171 15 182 
16 180 16 191 
17 186 17 197 
18 188 18 198 
19 198 19 208 
20 199 20 209 
21 208 21 219 
22 220 22 231 
23 229 23 239 
23 240 23 248 
24 248 28 249 
24 232 24 242 
25 237 25 247 
16 192 16 203 
17 199 17 210 
18 207 18 217 
19 209 19 220 
20 217 20 228 
21 224 21 234 
22 233 22 244 
11 138 11 149 
12 154 12 164 
13 159 13 170 
13 171 13 181 
14 179 14 189 
15 188 15 198 
13 182 13 193 
14 190 14 201 
15 200 15 210 
16 207 16 217 
17 216 17 226 
17 227 19 229 
19 230 20 234 
18 219 18 226 
18 230 18 241 
19 236 21 239 
19 242 20 247 
14 202 14 212 
15 213 15 224 
17 230 17 240 
33 98 33 105 
56 227 60 228 
186 32 193 32 
40 213 42 215 
185 147 186 152 
97 177 101 178 
106 195 107 199 
107 46 108 49 
112 37 116 38 
122 58 124 60 
138 108 139 113 
198 111 199 115 
150 81 154 82 
40 142 45 143 
75 106 77 109 
34 80 34 91 
89 111 91 113 
124 145 131 145 
157 155 159 157 
160 156 165 157 
196 221 198 224 
170 163 170 170 
115 65 115 72 
89 15 92 17 
113 170 115 172 
117 175 118 179 
89 153 91 155 
139 199 140 203 
49 50 54 51 
157 77 158 80 
64 42 67 44 
93 96 95 98 
96 96 97 99 
39 31 40 34 
52 214 54 216 
33 14 40 14 
141 71 144 73 
135 216 142 216 
50 142 53 143 
84 149 87 150 
116 50 120 51 
116 52 127 52 
141 27 143 29 
116 96 119 98 
70 87 77 87 
150 241 155 242 
112 234 114 236 
164 224 164 233 
75 167 77 170 
103 79 106 80 
120 115 121 120 
123 79 125 81 
95 149 98 150 
25 66 28 68 
144 216 147 218 
175 226 180 227 
37 86 38 90 
102 207 103 210 
173 20 178 21 
97 191 99 193 
131 246 133 248 
37 82 40 84 
28 5 39 5 
40 5 51 5 
36 6 47 6 
41 7 52 7 
49 8 60 8 
58 9 66 9 
49 6 58 6 
59 7 68 7 
66 8 75 8 
69 9 79 9 
76 8 85 8 
80 9 84 10 
85 9 96 9 
87 10 98 10 
98 11 109 11 
110 11 121 11 
86 8 95 8 
96 8 107 8 
108 9 119 9 
116 10 127 10 
101 9 106 10 
124 11 129 12 
128 10 136 10 
132 11 142 11 
134 12 145 12 
141 13 146 14 
147 14 155 14 
148 15 156 15 
137 13 140 14 
157 15 167 15 
155 16 166 16 
168 16 179 16 
156 14 166 14 
168 15 177 15 
180 17 191 17 
192 17 199 17 
162 141 163 146 
95 51 96 54 
26 33 31 34 
30 35 32 37 
126 245 128 248 
40 170 42 172 
163 160 167 161 
74 223 78 224 
95 159 98 161 
168 68 177 68 
98 166 100 168 
22 51 22 58 
98 228 103 229 
5 37 5 48 
30 198 31 202 
47 62 56 62 
143 194 144 198 
17 40 18 43 
133 153 135 156 
94 89 99 90 
15 4 16 7 
38 223 39 227 
13 194 13 204 
13 205 13 216 
14 214 14 225 
14 226 16 229 
70 52 73 53 
131 231 136 232 
15 34 18 36 
24 96 24 104 
170 187 173 189 
174 187 176 189 
194 188 197 190 
193 165 197 166 
148 139 156 139 
150 62 154 63 
199 97 199 108 
9 118 10 122 
22 114 24 117 
110 51 114 52 
21 88 21 96 
106 245 110 246 
40 78 41 81 
126 39 131 40 
53 111 56 112 
54 113 62 113 
75 97 78 99 
133 237 134 240 
15 230 15 240 
16 231 16 241 
16 242 18 244 
16 245 17 249 
142 227 143 231 
127 159 130 160 
50 75 52 77 
73 159 74 164 
74 145 76 148 
42 138 46 139 
22 22 30 22 
181 183 183 185 
129 215 131 217 
91 93 98 93 
181 78 185 79 
105 77 113 77 
155 165 160 166 
121 182 122 185 
37 161 38 165 
39 161 40 165 
159 172 161 174 
162 65 164 68 
178 182 180 185 
25 173 27 176 
64 218 64 229 
188 60 189 63 
45 84 48 85 
195 209 198 210 
194 106 196 108 
72 11 76 12 
34 234 34 241 
187 249 194 249 
124 211 125 214 
15 241 15 249 
139 124 143 125 
5 49 5 60 
5 61 5 72 
6 62 6 72 
6 73 6 84 
7 77 8 81 
8 82 8 93 
8 94 8 104 
8 105 8 115 
5 73 5 83 
5 84 5 95 
6 88 7 92 
5 96 5 107 
6 99 7 103 
6 106 6 117 
7 115 7 126 
8 118 8 129 
9 123 9 133 
10 131 10 142 
10 143 10 153 
7 127 7 137 
8 136 8 146 
9 137 9 148 
9 149 9 159 
5 108 5 119 
10 156 10 166 
11 162 11 173 
12 167 12 178 
10 167 10 177 
11 174 11 184 
12 180 12 190 
12 191 12 202 
7 138 7 148 
7 149 7 159 
8 152 8 162 
8 163 8 174 
9 172 9 183 
10 183 10 193 
11 191 11 202 
9 161 9 171 
6 118 6 129 
6 130 6 141 
6 93 7 97 
12 203 12 214 
12 215 12 226 
13 227 13 237 
13 218 13 225 
14 234 14 245 
11 203 11 213 
11 214 11 224 
13 238 13 248 
7 160 7 171 
7 172 7 183 
8 179 8 190 
9 190 9 200 
10 200 10 211 
7 184 7 195 
7 196 8 201 
7 202 8 207 
9 208 9 219 
10 212 10 222 
7 208 8 213 
7 214 7 225 
8 226 10 228 
11 227 11 238 
12 230 12 240 
10 229 10 240 
11 239 11 248 
5 120 5 131 
5 132 5 142 
6 142 6 153 
6 154 6 165 
6 166 6 177 
6 178 6 189 
6 190 6 200 
6 201 6 212 
130 31 137 31 
10 0 18 0 
178 217 181 218 
159 228 161 230 
76 90 79 91 
43 199 44 203 
198 182 199 186 
80 132 80 142 
146 98 149 99 
7 39 7 47 
152 131 153 135 
121 49 123 51 
179 213 180 216 
26 122 28 124 
31 98 32 101 
132 62 134 65 
7 226 7 237 
8 238 8 249 
8 232 9 237 
9 246 10 249 
7 238 7 248 
62 189 64 191 
69 7 80 7 
81 7 88 7 
89 7 99 7 
100 7 109 7 
110 7 120 7 
113 8 124 8 
122 9 132 9 
133 9 143 9 
142 10 152 10 
147 11 158 11 
155 12 160 13 
161 13 170 13 
171 14 182 14 
147 12 152 13 
159 11 168 11 
168 12 178 12 
178 13 186 13 
187 14 190 16 
191 14 199 14 
187 13 194 13 
180 15 185 16 
169 11 178 11 
179 11 186 11 
187 11 198 11 
185 12 196 12 
98 225 105 225 
41 35 44 36 
118 127 126 127 
107 160 109 162 
33 212 33 221 
144 9 153 9 
154 9 163 9 
164 9 172 9 
167 10 178 10 
179 10 190 10 
155 10 163 10 
173 9 183 9 
184 9 195 9 
192 10 199 10 
89 137 90 140 
42 231 44 234 
176 113 184 113 
76 230 80 231 
49 188 50 192 
77 15 79 17 
127 132 127 141 
194 75 196 77 
21 188 22 192 
41 207 42 211 
116 47 119 49 
72 19 75 20 
187 109 191 110 
78 55 80 57 
152 238 155 240 
118 29 129 29 
61 98 61 108 
194 182 196 184 
164 126 166 128 
195 111 197 113 
68 201 72 202 
111 47 114 48 
106 186 108 189 
46 161 55 161 
95 231 96 234 
59 152 62 154 
60 59 61 63 
34 172 36 174 
196 87 198 90 
94 204 95 208 
121 7 129 7 
130 7 137 7 
130 8 140 8 
141 8 151 8 
138 7 147 7 
148 7 158 7 
152 8 161 8 
159 7 168 7 
168 8 178 8 
179 8 190 8 
169 7 177 7 
178 7 187 7 
188 7 196 7 
197 7 199 9 
102 57 109 57 
175 73 175 82 
5 143 5 153 
5 154 5 164 
5 165 5 175 
5 176 5 186 
139 232 144 233 
185 103 187 105 
52 5 61 5 
62 5 73 5 
67 6 78 6 
74 5 83 5 
80 6 91 6 
92 6 103 6 
104 6 115 6 
116 6 127 6 
168 51 169 56 
92 111 94 113 
84 5 94 5 
102 104 104 107 
198 126 199 130 
162 58 164 60 
0 1 0 12 
1 3 2 7 
1 11 2 16 
1 17 1 27 
2 28 2 38 
3 39 4 44 
4 45 4 56 
3 31 4 36 
3 45 3 56 
1 28 1 38 
2 39 2 50 
2 17 2 27 
3 57 4 61 
0 13 0 24 
4 62 4 73 
0 25 0 36 
2 51 2 61 
3 62 3 73 
3 74 3 84 
4 74 4 85 
4 86 4 96 
0 37 0 47 
1 45 1 56 
0 48 0 59 
1 57 1 67 
0 60 0 71 
1 72 1 83 
2 74 2 84 
2 85 3 90 
1 84 1 94 
2 95 3 100 
2 101 3 106 
4 104 4 114 
1 95 1 106 
1 107 2 112 
3 109 3 119 
0 72 0 83 
0 84 0 94 
3 120 3 130 
3 131 3 141 
3 142 3 153 
4 151 4 162 
4 130 4 140 
0 95 0 106 
2 113 2 124 
2 125 2 135 
2 136 2 146 
2 147 2 158 
3 156 3 166 
2 159 2 170 
3 168 4 172 
4 173 4 184 
3 173 3 183 
2 171 2 182 
190 150 191 154 
34 124 36 126 
179 229 183 230 
0 107 0 118 
1 118 1 128 
1 129 1 140 
0 119 0 130 
0 131 0 141 
1 142 1 153 
1 154 1 164 
1 165 1 176 
0 142 0 153 
0 154 0 164 
162 91 169 91 
178 100 186 100 
77 120 79 123 
183 145 183 152 
3 184 3 195 
4 192 5 197 
5 198 5 208 
5 209 5 220 
5 221 5 231 
6 232 6 242 
4 198 4 208 
89 134 91 136 
5 232 5 242 
5 243 6 248 
42 178 52 178 
0 165 0 176 
0 177 0 187 
1 187 2 192 
1 178 1 185 
0 188 0 198 
1 198 1 209 
2 198 2 208 
3 203 3 214 
4 215 4 225 
1 210 2 215 
3 215 3 226 
4 227 4 238 
3 227 3 238 
4 239 4 249 
0 199 0 210 
0 211 0 221 
1 219 1 229 
1 230 1 240 
2 227 2 238 
2 240 2 249 
0 222 0 232 
0 233 0 243 
15 51 18 53 
85 16 88 17 
138 80 140 82 
40 91 43 92 
145 52 147 54 
129 98 132 100 
18 248 22 249 
172 103 175 105 
112 155 114 157 
152 95 155 96 
95 5 106 5 
107 5 115 5 
116 5 126 5 
54 159 57 160 
177 48 187 48 
124 23 129 24 
94 56 96 58 
131 188 138 188 
3 26 4 30 
118 157 120 159 
99 15 100 19 
2 216 2 226 
166 156 167 159 
80 201 83 202 
74 191 74 199 
88 100 90 103 
145 28 148 30 
33 116 36 118 
153 35 155 38 
47 146 49 148 
124 143 127 144 
20 76 20 85 
79 219 86 219 
52 132 53 137 
42 155 49 155 
127 5 134 5 
133 6 144 6 
145 6 153 6 
154 6 165 6 
166 6 176 6 
177 6 185 6 
186 6 194 6 
135 5 143 5 
