3726 
0 0 9 0 
2 1 5 3 
4 4 8 5 
7 6 8 10 
9 6 9 16 
10 13 21 13 
21 14 26 15 
21 16 24 18 
25 16 34 16 
32 17 35 19 
9 17 20 17 
15 18 17 21 
18 20 25 20 
6 1 16 1 
11 2 21 2 
15 3 25 3 
18 4 28 4 
12 3 13 8 
10 2 10 11 
14 5 16 8 
11 4 11 12 
22 5 24 8 
22 13 33 13 
34 14 45 14 
34 15 43 15 
46 14 46 25 
47 16 51 17 
49 18 54 19 
55 19 57 22 
58 21 61 23 
52 20 52 31 
49 20 49 31 
50 21 50 32 
51 33 53 36 
53 22 53 32 
47 25 47 35 
48 33 48 44 
49 37 52 39 
53 38 55 41 
53 42 55 44 
56 43 58 45 
56 42 67 42 
62 43 65 44 
56 46 59 48 
68 42 76 42 
64 45 65 50 
68 43 71 45 
53 37 62 37 
54 22 54 32 
55 24 56 29 
66 44 66 55 
15 9 18 11 
56 38 61 39 
60 40 64 41 
62 39 71 39 
65 40 75 40 
65 41 76 41 
54 36 65 36 
33 20 40 20 
48 18 48 28 
47 36 47 47 
26 5 37 5 
29 6 38 6 
34 7 42 7 
39 6 50 6 
39 8 49 8 
45 9 56 9 
42 9 44 11 
56 10 65 10 
66 10 71 11 
67 12 78 12 
72 10 79 10 
75 11 84 11 
67 13 70 15 
71 15 81 15 
80 16 91 16 
76 16 79 18 
74 16 75 20 
80 18 80 29 
81 22 85 23 
81 27 83 30 
81 31 89 31 
83 32 85 35 
90 31 94 32 
81 24 86 25 
82 26 91 26 
92 26 101 26 
92 27 100 27 
95 28 96 33 
87 27 89 29 
90 28 92 30 
97 32 98 36 
84 27 86 30 
97 31 107 31 
99 32 103 33 
97 28 99 30 
100 30 110 30 
79 19 79 30 
80 31 80 41 
81 35 81 46 
82 42 91 42 
90 43 90 54 
90 55 91 59 
91 43 92 48 
93 43 93 53 
94 47 94 58 
95 47 98 48 
95 49 98 50 
82 43 82 54 
83 48 83 59 
84 52 85 57 
84 50 87 51 
72 16 72 26 
73 21 76 23 
73 26 74 30 
73 31 73 38 
110 31 120 31 
82 37 87 38 
88 39 99 39 
99 40 110 40 
109 41 116 41 
117 42 128 42 
125 43 135 43 
116 42 116 53 
117 46 122 47 
123 48 126 50 
123 51 123 62 
124 52 131 52 
117 53 118 58 
124 53 124 64 
110 42 111 47 
112 48 112 58 
113 52 114 57 
115 52 115 62 
116 63 116 74 
117 63 122 64 
121 65 126 66 
123 67 133 67 
134 68 142 68 
138 69 147 69 
145 70 147 73 
141 70 144 72 
148 69 158 69 
151 70 152 74 
154 70 158 71 
83 45 86 47 
87 45 88 49 
129 44 134 45 
134 46 143 46 
92 59 103 59 
104 59 114 59 
117 69 121 70 
121 71 130 71 
119 71 120 76 
131 71 133 74 
128 72 130 75 
121 72 126 73 
121 75 126 76 
120 77 120 88 
134 73 142 73 
134 75 142 75 
142 74 150 74 
129 76 130 81 
131 78 136 79 
137 78 141 79 
141 80 146 81 
142 78 147 79 
148 79 158 79 
149 80 153 81 
150 82 153 84 
109 42 109 52 
110 53 111 58 
158 80 158 90 
159 80 170 80 
163 81 165 84 
151 75 155 76 
134 71 138 72 
57 11 59 14 
60 13 63 15 
63 16 64 20 
112 42 113 47 
85 11 88 13 
89 12 99 12 
98 13 103 14 
100 15 103 17 
104 17 106 20 
121 83 126 84 
123 85 132 85 
129 86 139 86 
127 84 135 84 
127 83 134 83 
121 85 122 89 
123 89 126 91 
133 85 141 85 
140 87 142 90 
141 91 144 93 
141 94 143 97 
142 98 142 108 
145 94 148 96 
145 97 145 107 
146 106 150 107 
149 108 149 118 
150 110 151 115 
152 115 153 120 
154 115 164 115 
162 116 165 118 
149 119 150 124 
156 116 158 119 
156 120 157 124 
159 119 170 119 
170 120 179 120 
171 119 182 119 
183 119 185 122 
186 119 189 121 
190 122 198 122 
196 123 196 134 
197 132 197 143 
198 141 199 146 
199 122 199 133 
123 87 128 88 
129 89 129 99 
94 44 97 46 
98 46 108 46 
107 47 107 58 
102 47 103 52 
104 50 106 53 
107 60 107 71 
152 112 156 113 
155 114 165 114 
191 123 193 126 
194 124 194 134 
195 124 195 135 
96 13 97 18 
97 19 100 21 
74 37 78 38 
79 39 79 50 
80 47 81 51 
78 39 78 50 
107 18 108 22 
141 86 149 86 
150 86 154 87 
151 88 153 90 
144 87 146 89 
147 88 149 91 
91 49 92 54 
148 97 156 97 
157 97 157 107 
154 98 156 100 
108 31 109 36 
99 47 99 58 
100 57 105 58 
100 55 104 56 
99 41 107 41 
121 78 124 80 
125 79 128 81 
154 117 154 127 
152 111 159 111 
109 21 120 21 
114 22 122 22 
122 23 123 28 
119 23 121 26 
116 23 118 26 
154 90 157 91 
156 92 165 92 
154 92 155 96 
119 59 121 62 
117 49 119 51 
120 49 120 57 
137 80 138 83 
0 1 0 12 
1 4 3 7 
142 76 147 77 
148 78 158 78 
159 79 166 79 
127 50 135 50 
25 17 30 18 
130 98 130 108 
131 101 131 112 
131 99 136 100 
132 109 142 109 
131 113 140 113 
132 102 139 102 
134 103 137 104 
139 103 140 108 
66 12 66 23 
67 17 68 22 
147 82 149 85 
198 123 198 134 
121 21 132 21 
133 21 133 31 
134 30 145 30 
139 31 144 32 
139 33 144 34 
145 33 147 35 
142 35 142 45 
146 31 153 31 
151 32 151 42 
153 32 158 33 
124 22 125 27 
126 25 127 30 
128 25 131 27 
126 22 129 24 
144 35 144 45 
145 38 145 48 
152 38 152 49 
153 48 153 58 
153 44 163 44 
164 45 169 46 
165 47 173 47 
172 48 172 58 
173 50 175 53 
173 56 184 56 
181 57 190 57 
185 58 185 69 
186 66 187 71 
191 58 193 61 
194 60 194 71 
195 63 195 74 
196 74 199 76 
185 70 185 80 
154 52 163 52 
172 59 179 59 
167 48 170 50 
156 45 159 47 
160 46 163 48 
160 49 165 50 
163 51 171 51 
165 52 165 63 
166 64 166 75 
167 76 171 77 
167 67 167 75 
169 78 177 78 
174 79 175 84 
176 84 179 86 
179 87 188 87 
167 65 170 66 
171 65 176 66 
168 71 178 71 
177 72 181 73 
169 67 171 70 
178 79 182 80 
181 81 192 81 
193 81 197 82 
184 82 189 83 
180 74 181 78 
167 64 178 64 
190 83 193 85 
171 79 171 89 
172 87 177 88 
177 89 184 89 
170 52 170 62 
138 31 138 41 
138 42 140 45 
185 56 193 56 
166 56 168 59 
173 54 183 54 
179 55 190 55 
146 41 148 44 
175 57 178 58 
173 49 184 49 
180 50 188 50 
189 51 197 51 
191 52 192 55 
189 50 199 50 
198 51 199 56 
187 58 190 60 
166 52 169 54 
154 51 161 51 
183 51 186 53 
198 82 198 93 
199 89 199 100 
128 30 128 41 
129 34 132 35 
129 31 132 33 
133 33 135 36 
129 39 132 41 
134 37 137 39 
136 40 137 45 
97 37 108 37 
148 108 148 119 
163 85 165 88 
166 88 167 92 
151 125 151 136 
120 89 120 100 
132 106 135 108 
83 60 91 60 
90 61 93 63 
90 64 93 65 
159 69 159 77 
182 72 184 74 
57 9 68 9 
69 9 77 9 
27 6 28 10 
77 19 77 30 
78 22 78 32 
17 1 28 1 
121 97 122 102 
123 97 128 98 
124 99 126 102 
127 102 128 106 
125 103 125 114 
126 104 126 114 
127 115 128 120 
128 121 131 123 
132 121 142 121 
127 121 127 131 
136 122 138 125 
138 126 139 131 
140 131 144 132 
144 133 148 134 
146 135 146 146 
147 140 148 145 
133 122 133 133 
134 131 135 136 
134 122 135 126 
136 137 139 138 
140 139 140 150 
141 150 141 161 
142 150 147 151 
147 152 158 152 
148 150 158 150 
149 151 158 151 
147 153 148 158 
142 158 143 162 
142 154 144 156 
141 142 144 144 
145 142 145 149 
140 122 144 123 
144 159 148 160 
147 161 150 162 
145 161 145 172 
146 165 150 166 
149 167 153 168 
151 169 152 174 
153 175 153 186 
154 184 157 186 
153 172 155 174 
156 173 157 178 
158 178 159 183 
158 176 168 176 
160 177 161 182 
169 177 174 178 
172 179 180 179 
177 180 184 180 
182 181 191 181 
185 182 194 182 
156 179 157 183 
149 142 151 144 
139 125 147 125 
151 166 158 166 
159 167 168 167 
160 168 164 169 
160 170 167 170 
168 170 173 171 
165 171 166 175 
167 172 169 174 
168 175 179 175 
179 176 182 178 
169 167 173 168 
172 169 183 169 
182 170 186 171 
187 171 188 176 
189 171 191 174 
188 177 199 177 
191 178 195 179 
196 178 196 188 
197 181 198 186 
199 186 199 197 
198 187 198 197 
199 198 199 208 
196 189 197 194 
189 175 197 175 
129 115 131 117 
185 180 194 180 
195 182 195 193 
140 133 143 135 
153 169 156 171 
146 171 149 173 
149 174 150 178 
151 177 151 188 
152 184 152 195 
153 196 164 196 
152 196 152 206 
153 203 155 206 
153 202 163 202 
160 197 163 199 
148 174 148 185 
149 180 150 185 
149 186 149 196 
164 197 172 197 
171 198 176 199 
172 200 174 203 
167 198 170 200 
153 187 153 195 
173 204 173 214 
179 181 179 192 
180 193 183 195 
182 196 190 196 
180 182 181 186 
182 187 190 187 
191 187 192 192 
183 188 188 189 
183 190 190 190 
189 191 190 194 
191 195 196 196 
193 197 193 208 
194 205 195 210 
179 193 179 204 
180 199 183 200 
180 201 182 204 
184 200 185 205 
186 206 188 208 
184 206 185 211 
197 197 197 208 
198 199 198 209 
196 209 196 220 
186 209 191 210 
192 211 195 213 
193 214 194 219 
195 218 195 229 
196 222 196 233 
197 229 198 234 
199 232 199 243 
197 223 199 226 
185 212 189 213 
185 214 186 219 
189 214 191 217 
192 215 192 226 
193 221 193 232 
197 209 197 219 
187 220 187 231 
188 230 191 232 
188 223 189 228 
190 223 191 228 
195 197 196 202 
191 197 191 208 
192 201 192 210 
157 153 168 153 
168 154 169 159 
163 154 163 165 
164 154 167 156 
164 157 167 159 
164 161 167 163 
168 161 172 162 
171 163 181 163 
174 164 176 167 
164 164 172 164 
176 170 178 173 
176 174 185 174 
160 203 162 205 
163 205 172 205 
171 206 172 211 
169 206 169 217 
170 212 171 216 
172 217 182 217 
172 218 173 223 
174 223 184 223 
175 224 185 224 
183 225 183 236 
174 221 177 222 
181 225 181 236 
182 235 182 246 
183 240 193 240 
189 241 196 241 
195 242 197 245 
197 246 199 249 
178 221 182 222 
183 238 191 238 
150 163 154 164 
150 193 150 204 
150 205 151 210 
151 211 162 211 
157 212 160 213 
151 212 152 217 
153 215 154 219 
155 215 165 215 
163 216 166 218 
167 217 168 222 
157 216 158 220 
159 220 163 221 
168 223 171 225 
155 218 156 223 
161 212 163 214 
153 212 156 214 
150 211 150 221 
161 222 166 223 
164 219 166 221 
158 221 158 232 
159 230 170 230 
159 225 162 226 
159 228 163 229 
164 228 175 228 
172 229 175 231 
173 232 175 235 
174 236 179 237 
175 238 177 241 
176 242 181 243 
180 237 181 241 
179 244 180 249 
181 247 192 247 
191 248 195 249 
181 249 188 249 
176 232 179 234 
159 216 161 219 
179 205 181 207 
153 38 163 38 
163 39 166 41 
167 41 169 44 
146 47 151 48 
147 49 150 51 
150 52 151 56 
152 55 152 66 
153 67 163 67 
160 68 165 69 
162 70 162 78 
163 73 165 76 
183 197 187 198 
188 199 190 202 
154 81 157 83 
138 47 143 48 
138 49 142 50 
144 49 146 52 
143 49 143 60 
143 61 150 61 
139 51 141 54 
141 55 142 59 
128 125 129 130 
159 227 170 227 
18 21 23 22 
152 91 153 96 
108 49 108 58 
27 2 37 2 
32 3 37 4 
38 5 48 5 
152 36 161 36 
162 37 172 37 
166 38 177 38 
177 39 177 47 
170 39 173 41 
171 42 174 44 
172 45 176 46 
188 220 191 222 
156 204 159 206 
159 207 163 208 
162 209 167 210 
162 93 166 94 
162 95 164 97 
167 95 175 95 
176 96 187 96 
186 97 189 99 
164 98 164 109 
167 94 176 94 
175 121 175 131 
176 129 187 129 
186 130 186 140 
176 128 186 128 
183 130 185 132 
157 221 157 232 
163 204 172 204 
149 62 150 66 
75 29 76 34 
189 87 190 92 
189 93 194 94 
157 93 158 96 
158 97 158 108 
159 101 159 109 
160 109 163 111 
164 110 166 112 
167 110 172 111 
159 95 161 98 
148 52 148 60 
194 220 194 231 
195 232 195 240 
196 237 198 240 
43 7 54 7 
55 7 62 7 
63 7 74 7 
69 8 77 8 
55 8 63 8 
169 218 170 222 
160 72 161 77 
141 145 143 148 
189 233 193 234 
190 235 194 236 
83 43 88 44 
129 103 129 114 
77 42 77 53 
77 54 77 64 
78 57 81 59 
78 55 82 56 
82 57 82 68 
82 69 85 71 
86 69 88 72 
89 72 99 72 
100 73 103 75 
100 76 100 86 
101 78 106 79 
103 80 114 80 
102 80 102 91 
102 92 103 97 
103 91 111 91 
110 92 110 103 
111 97 114 98 
110 104 115 105 
112 106 123 106 
111 93 113 95 
111 96 119 96 
117 97 119 100 
104 81 105 86 
106 81 117 81 
115 82 118 83 
114 82 114 93 
113 82 113 91 
114 107 124 107 
114 108 114 119 
115 109 124 109 
119 110 124 111 
115 112 117 115 
115 116 115 126 
116 123 121 124 
87 73 98 73 
87 74 91 75 
87 76 97 76 
94 77 95 82 
90 77 92 80 
88 77 88 87 
88 88 98 88 
96 89 98 91 
89 81 90 86 
89 87 100 87 
99 88 101 91 
94 74 99 75 
115 108 123 108 
121 125 124 127 
125 125 125 136 
126 131 126 141 
122 128 124 131 
123 132 123 143 
124 141 124 152 
125 149 126 154 
127 149 137 149 
135 150 139 151 
125 155 126 160 
129 150 132 152 
125 143 128 145 
140 152 140 163 
133 153 136 155 
137 155 137 165 
138 160 138 170 
139 167 139 177 
140 174 142 177 
141 163 142 168 
143 167 143 177 
144 175 144 186 
145 182 145 193 
146 191 147 196 
125 146 135 146 
125 161 130 162 
132 153 132 163 
133 163 133 174 
134 166 136 168 
133 159 136 161 
91 83 96 84 
97 83 99 86 
133 156 136 158 
129 144 132 145 
115 88 119 89 
117 90 118 95 
95 89 95 100 
96 96 98 99 
97 100 99 102 
99 96 101 99 
100 100 101 104 
102 101 109 101 
108 102 108 113 
109 110 112 111 
113 112 113 123 
109 108 113 109 
108 114 110 116 
111 112 112 117 
134 162 136 165 
102 105 104 108 
103 109 105 112 
105 105 107 108 
107 109 107 119 
108 118 109 123 
104 113 104 124 
140 178 143 180 
140 181 142 183 
142 184 143 188 
110 121 112 124 
111 125 113 128 
114 127 117 129 
118 128 118 139 
119 135 119 146 
120 142 120 152 
119 128 120 133 
120 138 121 141 
121 151 121 161 
119 147 119 158 
122 158 122 168 
123 158 124 162 
125 163 125 174 
126 167 129 169 
126 173 128 176 
126 177 129 179 
130 180 135 181 
132 182 133 187 
120 134 122 137 
118 140 118 151 
118 152 118 163 
119 159 119 170 
120 166 120 177 
121 174 122 178 
123 174 124 179 
125 175 125 186 
126 186 126 197 
127 188 128 192 
126 183 131 184 
129 190 137 190 
129 191 129 201 
130 198 133 200 
131 201 140 201 
137 191 139 194 
140 194 143 195 
144 194 145 199 
142 196 142 207 
133 202 140 202 
130 191 131 196 
143 198 143 208 
144 201 145 206 
144 207 145 212 
123 163 124 167 
132 197 140 197 
127 180 129 182 
129 174 132 176 
133 175 137 176 
136 177 138 179 
131 177 135 178 
130 185 131 189 
116 105 123 105 
141 202 141 213 
142 212 143 216 
144 213 146 215 
143 217 143 228 
144 228 149 229 
145 216 145 227 
146 219 148 221 
147 214 148 218 
144 219 144 227 
133 147 137 148 
118 112 121 114 
121 115 124 117 
121 118 123 121 
124 118 126 121 
127 139 132 140 
78 64 79 69 
80 67 81 72 
78 70 79 75 
146 201 149 203 
116 118 117 121 
102 76 113 76 
104 77 115 77 
116 78 119 80 
108 78 112 79 
111 102 120 102 
127 152 128 156 
129 157 131 159 
131 160 131 170 
136 198 140 199 
106 92 107 96 
106 82 110 83 
187 183 189 185 
145 152 146 157 
173 236 173 246 
184 84 188 85 
184 86 195 86 
193 62 193 73 
184 239 194 239 
162 181 169 181 
167 182 171 183 
168 184 170 187 
169 188 176 188 
175 176 178 177 
171 184 172 187 
102 100 109 100 
78 9 86 9 
131 46 133 48 
134 48 137 49 
158 39 160 42 
141 140 144 141 
130 126 130 137 
131 135 133 138 
133 139 135 142 
136 143 139 145 
129 119 133 120 
92 89 94 92 
180 192 187 192 
121 148 123 150 
150 108 155 109 
147 230 152 231 
148 232 149 237 
150 237 155 238 
151 232 153 235 
154 234 159 235 
160 236 160 247 
161 242 171 242 
161 241 168 241 
158 236 159 241 
171 243 172 248 
156 236 156 247 
161 240 172 240 
161 236 172 236 
161 244 165 245 
162 246 167 247 
166 248 170 249 
169 243 170 247 
164 237 167 239 
168 238 171 239 
157 245 159 248 
136 50 136 60 
137 60 142 61 
140 62 144 63 
140 64 142 67 
143 65 146 66 
148 36 150 39 
150 239 154 240 
151 241 152 246 
180 60 182 63 
180 64 181 69 
180 70 184 71 
176 60 179 62 
38 3 46 3 
42 4 53 4 
193 74 194 79 
195 77 199 78 
17 12 28 12 
29 12 40 12 
38 13 46 13 
135 203 136 207 
137 204 137 215 
138 212 138 222 
139 215 141 217 
140 218 141 222 
142 218 142 229 
135 208 136 212 
143 230 144 235 
143 236 147 237 
146 238 147 242 
148 240 149 245 
69 20 69 31 
70 21 71 26 
69 32 71 34 
70 28 71 31 
191 88 193 90 
186 79 191 80 
136 105 138 107 
154 48 157 50 
143 103 144 108 
145 109 145 119 
146 120 148 122 
148 123 148 132 
149 133 150 138 
149 125 149 132 
144 109 144 119 
87 61 89 63 
88 64 89 68 
182 205 182 216 
183 212 183 221 
197 178 199 180 
154 128 157 129 
157 130 161 131 
177 200 177 210 
177 211 179 214 
180 211 181 215 
36 16 41 17 
38 18 43 19 
42 20 45 22 
44 23 44 33 
45 33 46 38 
64 21 65 25 
66 25 66 36 
67 26 68 30 
176 130 177 135 
178 131 179 136 
176 136 176 147 
177 145 188 145 
183 146 187 147 
184 148 185 153 
188 147 190 150 
191 150 193 152 
194 151 199 152 
198 153 199 157 
177 144 188 144 
188 151 190 154 
188 155 189 159 
191 153 191 164 
192 155 195 157 
178 137 183 138 
183 139 184 142 
186 151 187 155 
192 164 192 173 
193 167 194 171 
194 172 197 174 
195 169 198 171 
192 158 197 159 
192 160 197 161 
195 162 196 167 
198 162 199 167 
177 146 178 151 
179 147 182 148 
183 149 183 159 
183 160 187 161 
179 149 182 151 
181 152 181 162 
182 163 189 163 
179 152 179 162 
185 142 193 142 
186 143 193 143 
194 143 195 148 
196 147 199 149 
179 139 182 140 
129 118 140 118 
137 119 141 120 
123 168 124 173 
175 225 180 226 
179 227 180 231 
117 32 120 34 
121 35 124 37 
117 35 118 40 
91 85 96 86 
183 237 190 237 
85 10 96 10 
91 11 102 11 
62 21 63 26 
62 27 64 30 
62 31 64 34 
65 27 65 34 
154 175 155 179 
92 55 93 58 
67 53 70 55 
71 54 72 59 
67 56 69 59 
70 59 70 69 
71 67 76 68 
77 68 77 79 
78 79 79 84 
80 79 80 90 
81 79 83 82 
83 83 87 84 
83 85 83 95 
84 90 85 95 
83 96 87 97 
86 98 94 98 
81 86 81 96 
82 88 82 99 
84 85 85 89 
86 87 87 92 
88 91 89 96 
80 91 80 102 
71 69 71 80 
70 70 70 81 
81 103 86 104 
84 105 94 105 
94 106 98 107 
83 105 83 116 
84 113 87 115 
85 116 94 116 
93 117 98 118 
84 117 92 117 
88 113 97 113 
98 113 103 114 
100 115 103 117 
90 118 92 120 
89 114 93 115 
93 119 96 121 
97 119 97 130 
97 131 99 133 
98 125 106 125 
98 128 102 129 
102 126 107 127 
106 128 109 130 
107 131 116 131 
114 132 116 135 
99 134 104 135 
105 135 110 136 
97 134 98 138 
98 139 103 140 
103 141 104 146 
90 121 91 126 
92 123 94 126 
100 132 108 132 
108 133 113 134 
110 129 113 130 
83 100 86 101 
87 100 88 104 
89 103 97 103 
109 137 114 138 
110 139 115 140 
109 139 109 150 
110 143 113 144 
110 148 111 152 
112 149 112 160 
113 151 114 156 
110 153 110 164 
113 157 117 158 
110 145 114 146 
116 139 116 150 
117 142 117 152 
115 152 116 156 
113 147 115 150 
111 163 113 166 
112 167 117 168 
155 125 164 125 
155 126 166 126 
167 127 174 127 
170 128 173 130 
168 128 169 133 
168 134 173 135 
173 136 175 139 
157 127 166 127 
163 128 164 133 
165 129 165 139 
166 137 166 148 
167 144 170 146 
167 140 169 143 
168 136 170 139 
171 138 172 143 
173 142 174 147 
174 148 176 151 
171 144 172 149 
171 150 173 153 
174 152 176 155 
172 154 173 159 
166 149 170 150 
177 152 178 156 
177 157 178 161 
95 126 95 136 
96 132 96 143 
105 38 110 39 
133 191 135 194 
112 169 112 180 
113 176 114 181 
113 173 118 174 
119 173 119 183 
116 175 116 185 
117 184 119 187 
119 188 119 198 
120 189 122 192 
120 193 125 194 
120 183 124 184 
122 185 124 187 
119 199 123 200 
120 201 120 211 
121 201 123 204 
121 205 124 207 
120 212 122 215 
123 215 131 215 
120 216 121 220 
122 219 123 223 
124 224 128 225 
124 219 129 220 
121 208 126 209 
121 210 129 210 
127 208 131 209 
132 208 134 210 
123 216 128 217 
127 218 136 218 
137 219 137 230 
137 231 139 234 
123 189 125 192 
126 226 127 231 
128 232 129 236 
130 234 132 237 
133 234 134 238 
135 237 138 239 
139 239 140 243 
133 239 133 249 
134 241 137 243 
134 247 141 247 
134 244 145 244 
136 245 141 246 
143 245 144 249 
135 235 138 236 
139 235 142 237 
141 238 142 243 
143 241 145 243 
129 226 133 227 
134 227 135 231 
130 228 131 233 
115 177 115 188 
116 189 117 193 
116 194 117 198 
118 192 118 203 
119 202 119 213 
93 33 94 38 
95 35 96 38 
108 23 110 25 
111 23 112 27 
111 28 119 28 
183 60 184 65 
45 10 48 11 
90 66 98 66 
90 67 94 68 
93 69 96 71 
130 91 134 92 
135 91 139 92 
140 91 140 102 
122 138 122 147 
177 90 185 90 
179 91 187 91 
183 92 185 95 
186 95 197 95 
196 96 197 101 
196 102 199 104 
136 139 138 142 
139 178 139 189 
140 190 141 193 
140 184 141 189 
90 89 91 94 
177 94 182 95 
80 17 90 17 
83 18 86 20 
83 21 92 21 
88 22 91 23 
91 17 94 18 
93 19 94 23 
95 17 95 25 
96 22 106 22 
106 23 107 28 
96 25 105 25 
135 51 135 62 
136 62 138 64 
175 72 176 77 
150 145 157 145 
45 12 54 12 
48 13 53 14 
54 15 59 16 
57 17 61 18 
58 19 61 20 
139 35 141 38 
117 72 118 76 
67 31 68 35 
67 36 72 37 
178 121 181 123 
178 124 188 124 
180 125 188 125 
182 123 190 123 
180 126 188 126 
180 127 190 127 
191 127 191 137 
192 133 193 138 
166 231 169 233 
167 234 172 235 
183 177 187 178 
153 39 156 40 
12 18 14 20 
14 21 14 31 
15 26 23 26 
22 27 27 28 
18 27 20 29 
15 22 16 25 
15 31 15 41 
28 28 37 28 
36 29 36 40 
37 39 37 49 
38 39 40 42 
41 41 42 46 
38 46 38 56 
39 49 39 59 
40 56 42 59 
40 54 44 55 
40 49 50 49 
41 50 50 50 
41 51 51 51 
47 52 49 55 
50 53 61 53 
48 56 51 58 
57 54 59 57 
60 57 63 59 
51 49 56 50 
57 51 62 52 
63 52 64 56 
65 52 65 63 
66 57 66 67 
67 64 69 67 
67 60 69 63 
69 68 69 79 
60 60 61 65 
37 32 39 35 
37 36 42 37 
37 29 42 30 
43 30 43 41 
43 42 45 45 
41 31 42 35 
50 59 58 59 
41 52 45 53 
46 54 46 65 
45 54 45 65 
45 66 48 67 
47 63 52 64 
62 63 63 67 
39 60 42 62 
52 65 53 69 
52 70 53 75 
54 70 56 73 
54 75 55 80 
56 79 58 82 
54 68 63 68 
54 69 62 69 
63 70 67 71 
60 70 60 80 
61 76 63 78 
61 79 63 82 
64 82 68 83 
64 84 69 85 
64 86 66 89 
67 90 77 90 
70 91 75 92 
67 91 68 95 
69 94 73 95 
72 96 73 100 
70 93 79 93 
76 94 79 96 
73 101 76 103 
77 101 78 105 
79 106 81 109 
81 110 81 120 
73 104 75 106 
72 101 72 111 
73 108 76 110 
77 109 78 114 
77 115 80 117 
77 118 78 123 
79 123 89 123 
84 124 84 135 
77 124 82 125 
78 126 82 127 
83 126 83 137 
69 86 74 87 
85 126 89 127 
89 128 91 131 
90 132 91 137 
92 132 92 143 
93 143 95 146 
96 145 96 156 
86 128 88 131 
82 107 82 117 
65 90 66 94 
69 82 74 83 
74 99 79 100 
64 79 68 80 
70 96 70 106 
71 98 71 108 
62 83 62 94 
63 85 63 96 
64 95 64 105 
65 100 65 111 
65 96 68 98 
61 70 62 74 
78 128 79 133 
59 81 59 91 
60 88 61 92 
61 93 61 104 
62 98 62 109 
63 108 64 113 
65 113 67 116 
68 117 73 118 
61 105 61 115 
62 115 64 118 
62 119 71 119 
65 120 67 123 
68 122 69 127 
69 128 72 130 
69 120 72 121 
61 116 61 126 
68 115 73 116 
83 118 88 119 
97 147 100 148 
98 149 99 153 
100 151 102 154 
102 155 102 165 
103 161 108 162 
102 166 102 177 
103 176 105 179 
102 178 102 188 
103 183 107 184 
104 185 107 187 
103 155 107 156 
103 174 108 175 
109 175 109 186 
110 180 111 185 
108 156 109 160 
108 176 108 187 
93 136 94 140 
18 30 29 30 
26 31 29 33 
24 31 25 36 
24 37 33 37 
25 38 25 49 
26 48 31 49 
33 38 33 48 
34 41 34 51 
35 45 35 56 
36 50 36 61 
37 58 37 68 
38 61 38 72 
39 65 39 76 
40 75 51 75 
51 76 52 81 
51 82 54 84 
20 31 22 33 
26 41 30 42 
40 65 40 74 
29 34 31 36 
28 43 29 47 
30 44 32 47 
48 76 50 78 
41 70 44 71 
43 72 46 74 
47 72 50 73 
40 76 45 77 
44 78 46 81 
47 78 47 89 
48 80 48 90 
49 87 56 87 
49 86 56 86 
56 88 56 99 
51 88 53 91 
54 90 54 100 
55 90 55 101 
53 92 53 103 
54 104 59 105 
55 106 60 107 
54 102 58 103 
51 92 52 97 
56 100 60 101 
55 108 60 109 
55 110 55 121 
55 122 59 123 
56 124 58 127 
56 110 57 114 
57 128 60 129 
57 115 58 119 
57 96 60 98 
57 86 57 95 
62 121 63 126 
62 127 64 130 
62 131 62 142 
63 139 65 141 
63 142 70 142 
67 143 78 143 
74 144 77 146 
71 144 72 149 
74 147 83 147 
84 147 84 158 
85 149 89 150 
85 151 87 154 
88 151 91 153 
92 152 95 154 
85 158 96 158 
97 158 97 168 
88 154 90 157 
92 159 92 169 
78 148 81 150 
82 151 83 155 
81 151 81 162 
85 155 87 157 
82 162 82 173 
83 170 91 170 
90 171 100 171 
94 172 97 174 
98 173 100 176 
100 177 100 188 
92 172 93 176 
86 171 87 176 
86 177 88 179 
89 177 89 188 
90 178 93 180 
94 181 98 182 
95 183 97 186 
97 187 98 192 
86 180 86 190 
87 189 96 189 
92 190 92 200 
93 193 103 193 
96 194 107 194 
104 193 114 193 
112 194 112 204 
113 204 116 206 
110 194 111 198 
93 197 102 197 
97 198 102 199 
97 200 107 200 
99 201 100 206 
99 207 108 207 
109 208 116 208 
109 209 118 209 
101 208 106 209 
111 210 115 211 
98 201 98 212 
99 208 99 219 
100 217 103 219 
104 217 108 218 
106 195 107 199 
108 198 109 202 
99 189 102 190 
93 190 96 192 
83 164 84 169 
85 167 89 168 
101 202 106 203 
99 195 104 196 
103 197 105 199 
103 190 114 190 
110 200 110 207 
85 159 86 163 
87 163 88 166 
89 164 91 166 
113 199 114 202 
101 191 110 191 
107 192 115 192 
71 142 79 142 
104 210 109 211 
94 179 98 180 
99 179 99 188 
104 204 107 205 
104 212 106 214 
107 214 117 214 
105 215 115 215 
110 216 118 216 
117 217 117 227 
118 226 121 228 
122 228 124 231 
119 229 121 231 
118 221 119 225 
125 230 125 240 
125 241 128 243 
129 243 132 245 
126 232 127 237 
94 159 94 170 
98 160 98 169 
63 143 66 145 
64 146 68 147 
64 125 67 126 
67 127 67 137 
68 136 71 138 
72 137 81 137 
72 139 81 139 
78 140 85 140 
86 140 89 142 
86 143 88 146 
89 147 94 148 
80 141 82 144 
80 145 83 146 
83 142 85 144 
18 31 19 35 
20 36 21 41 
22 42 24 45 
47 68 49 71 
65 112 74 112 
74 113 75 117 
74 118 74 129 
75 119 75 129 
76 123 76 134 
77 126 77 135 
78 135 82 136 
89 99 94 100 
92 60 102 60 
103 61 104 66 
104 67 106 70 
183 182 184 185 
185 183 186 186 
187 186 194 186 
186 76 188 78 
132 117 143 117 
30 30 32 33 
159 33 162 35 
163 36 173 36 
163 35 171 35 
176 82 179 83 
93 194 95 196 
117 175 118 180 
128 193 128 204 
129 202 132 203 
131 204 133 207 
90 149 93 150 
105 113 105 123 
107 163 109 166 
110 165 110 176 
180 84 182 86 
106 113 106 124 
174 219 178 220 
108 67 111 69 
109 70 114 71 
112 72 115 74 
97 155 101 156 
101 157 101 167 
101 168 101 178 
106 86 108 89 
134 127 136 130 
180 133 185 134 
63 131 66 133 
63 134 65 137 
168 165 172 166 
87 184 88 188 
99 92 101 95 
159 231 164 232 
161 233 165 234 
152 132 162 132 
156 133 160 134 
159 135 161 138 
160 139 160 149 
161 145 162 150 
161 142 164 144 
165 142 165 151 
125 35 126 40 
98 122 103 123 
83 173 83 183 
84 179 84 190 
85 187 85 197 
86 194 87 199 
88 200 89 205 
86 191 91 192 
90 193 91 198 
90 199 90 209 
91 210 92 215 
93 212 93 222 
94 218 97 219 
95 220 105 220 
94 220 94 231 
95 225 97 228 
95 223 106 223 
107 223 110 225 
109 226 114 227 
99 224 101 227 
102 228 107 229 
108 229 117 229 
100 228 101 233 
102 232 105 234 
106 233 110 234 
109 230 118 230 
110 231 118 231 
111 232 113 235 
118 232 122 233 
121 234 121 244 
123 233 124 238 
122 242 124 245 
113 236 114 240 
115 238 120 239 
113 241 118 242 
119 243 120 248 
121 246 123 249 
96 229 98 232 
98 233 99 238 
100 234 100 244 
101 244 102 248 
103 244 105 247 
105 248 116 248 
101 241 109 241 
114 243 117 245 
125 244 126 249 
95 231 95 241 
95 242 96 247 
127 247 131 248 
101 238 104 240 
105 238 107 240 
109 235 110 239 
91 204 92 208 
104 230 108 231 
174 170 175 173 
84 106 89 107 
87 108 92 109 
87 110 90 112 
159 112 163 113 
93 162 93 169 
152 130 156 131 
188 66 190 69 
153 59 162 59 
155 60 164 60 
158 61 160 64 
160 65 165 66 
155 61 157 64 
29 9 39 9 
49 85 58 85 
190 97 191 102 
192 100 193 104 
194 100 195 104 
88 194 89 199 
69 17 71 19 
48 46 52 47 
185 225 185 236 
186 228 186 235 
187 233 188 236 
140 127 145 128 
39 21 41 24 
39 25 42 27 
91 157 100 157 
171 249 178 249 
56 60 57 65 
58 60 59 64 
56 66 61 67 
99 161 99 169 
85 134 86 138 
87 137 89 139 
90 139 91 144 
82 72 83 76 
84 72 85 76 
84 77 87 79 
172 89 174 91 
172 92 182 92 
173 161 176 162 
166 117 171 118 
168 74 172 75 
173 96 175 99 
173 100 183 100 
184 100 185 104 
186 103 188 106 
188 107 190 110 
179 101 180 106 
181 104 183 107 
184 105 185 110 
179 107 179 118 
180 110 182 112 
176 97 181 98 
182 98 185 99 
186 100 189 102 
176 101 176 111 
177 112 178 117 
177 103 178 108 
189 105 199 105 
197 106 198 111 
191 107 191 118 
192 109 194 112 
192 114 194 117 
195 111 196 116 
197 116 199 119 
195 118 196 121 
192 118 194 120 
183 113 184 118 
193 106 195 108 
174 101 175 105 
135 93 136 98 
57 71 58 76 
83 61 83 68 
84 65 87 67 
84 61 86 64 
146 148 151 149 
86 32 88 35 
89 33 90 37 
116 169 118 172 
158 185 165 185 
161 186 164 188 
162 189 171 189 
172 189 174 192 
165 190 169 191 
175 191 178 193 
170 191 171 196 
160 186 160 194 
161 191 163 194 
164 194 168 195 
176 194 178 197 
72 44 74 47 
175 218 182 218 
179 219 182 220 
154 187 157 189 
157 190 159 193 
155 190 156 195 
23 31 23 40 
196 64 197 68 
198 64 199 68 
152 207 155 209 
73 138 84 138 
144 162 144 173 
128 163 130 166 
115 63 115 71 
97 242 98 247 
137 56 139 59 
174 242 175 247 
176 246 178 248 
94 232 94 242 
159 120 162 122 
161 123 166 124 
167 123 170 125 
171 124 174 126 
163 121 174 121 
193 139 196 141 
68 99 69 104 
68 105 69 109 
18 36 18 46 
19 42 20 46 
21 45 21 55 
22 53 24 55 
19 47 20 52 
25 53 27 56 
28 57 28 67 
29 59 34 60 
29 65 34 66 
35 59 35 70 
36 69 36 79 
37 73 37 83 
38 75 38 86 
39 83 42 85 
43 84 44 89 
42 86 42 96 
43 90 45 93 
45 94 46 99 
44 94 44 104 
47 95 47 106 
48 105 49 110 
39 78 40 82 
50 111 52 113 
41 86 41 97 
39 86 40 91 
48 96 50 99 
53 112 54 117 
42 97 43 102 
42 103 42 114 
43 111 46 113 
47 111 49 113 
43 106 46 108 
43 109 46 110 
46 92 49 93 
50 106 53 108 
51 100 52 105 
22 51 26 52 
29 61 31 64 
41 78 43 81 
51 114 51 125 
52 114 52 124 
53 124 55 126 
32 67 34 69 
21 56 22 61 
23 62 27 63 
22 62 22 73 
23 74 25 76 
23 65 23 73 
26 64 26 74 
27 75 32 76 
21 62 21 72 
30 67 30 74 
31 71 34 73 
35 73 35 83 
36 84 36 94 
37 95 38 100 
39 96 40 101 
41 101 41 112 
41 113 41 123 
42 122 42 133 
43 134 43 145 
44 143 44 154 
45 150 48 152 
42 119 47 120 
45 121 49 122 
46 123 47 128 
48 125 49 130 
45 123 45 134 
46 129 47 134 
48 132 53 133 
48 134 58 134 
43 129 44 133 
42 134 42 144 
49 135 49 146 
50 147 59 147 
53 148 53 159 
54 159 56 162 
60 148 60 159 
61 150 71 150 
66 151 73 151 
70 152 78 152 
55 163 59 164 
60 165 65 166 
64 167 68 168 
69 169 79 169 
64 169 64 180 
65 171 67 174 
65 175 68 176 
65 177 68 178 
68 179 78 179 
79 179 80 184 
81 179 81 189 
65 179 65 190 
66 190 71 191 
71 192 82 192 
82 193 82 204 
83 203 87 204 
83 196 84 201 
74 193 75 198 
65 191 65 202 
66 193 68 196 
66 200 70 201 
67 202 77 202 
67 203 69 206 
70 203 80 203 
77 204 80 206 
75 204 76 209 
70 205 74 206 
70 207 73 209 
81 203 81 213 
69 207 69 218 
70 217 71 222 
72 220 76 221 
70 210 71 215 
82 206 82 217 
83 207 88 208 
85 209 88 211 
89 211 90 216 
83 209 83 219 
84 216 86 218 
87 219 89 221 
73 210 78 211 
55 165 56 170 
55 171 57 174 
66 199 75 199 
78 180 78 190 
83 205 87 206 
80 193 80 201 
73 212 76 214 
89 222 89 233 
90 230 91 234 
90 235 93 237 
90 226 92 228 
78 207 80 209 
79 210 79 221 
80 211 80 221 
81 217 81 228 
81 229 86 230 
82 220 85 222 
82 231 83 236 
82 225 84 228 
51 135 59 135 
55 136 58 138 
59 139 60 144 
61 145 62 149 
63 148 68 149 
56 139 56 146 
57 140 58 145 
65 203 65 214 
66 212 67 217 
66 218 67 222 
67 223 68 227 
68 228 77 228 
75 229 76 234 
76 235 80 236 
79 237 81 240 
79 241 89 241 
90 242 91 246 
74 229 74 240 
83 242 88 243 
88 244 89 249 
86 244 87 249 
83 244 85 247 
58 165 58 175 
59 165 59 176 
60 176 62 178 
62 179 63 184 
64 185 64 196 
60 170 61 175 
72 222 77 223 
77 232 81 233 
68 173 72 174 
71 175 73 178 
54 150 56 153 
57 154 57 162 
58 158 59 162 
60 161 62 164 
55 154 56 158 
60 160 70 160 
67 161 75 161 
72 162 75 164 
64 161 66 164 
76 161 77 165 
76 166 80 167 
81 168 81 178 
82 178 82 188 
80 168 80 178 
58 176 58 187 
59 177 59 187 
60 179 61 183 
61 184 61 195 
62 188 63 193 
62 195 63 199 
76 197 78 200 
49 151 51 153 
52 153 52 164 
51 154 51 165 
53 164 54 168 
49 154 50 159 
91 247 94 248 
91 249 100 249 
24 68 25 72 
76 224 80 225 
68 212 68 221 
66 203 66 211 
69 167 74 168 
70 216 78 216 
73 217 76 219 
57 175 57 186 
48 100 49 104 
45 148 48 149 
62 170 63 175 
46 114 47 118 
90 219 92 222 
103 163 103 173 
104 166 106 168 
107 167 108 172 
37 92 40 94 
147 135 148 139 
104 16 115 16 
107 17 115 17 
84 236 88 237 
87 238 91 239 
92 239 93 244 
170 154 171 158 
85 147 88 148 
73 229 73 239 
84 231 88 232 
163 203 170 203 
60 168 63 169 
73 153 74 158 
82 238 86 239 
82 240 91 240 
84 108 85 112 
110 228 117 228 
44 136 47 138 
45 139 45 146 
46 143 48 146 
109 88 112 90 
28 68 29 73 
89 159 90 163 
125 206 128 207 
176 229 178 231 
127 92 128 96 
11 14 15 15 
106 176 107 181 
100 28 105 29 
177 168 188 168 
138 227 141 228 
187 214 188 219 
186 72 189 74 
190 72 191 77 
133 195 136 196 
18 5 19 8 
146 114 147 118 
32 34 35 36 
73 173 76 174 
76 175 78 177 
104 47 106 49 
160 103 161 107 
162 103 163 108 
124 222 129 223 
130 222 132 225 
165 100 168 102 
169 101 172 103 
64 58 64 69 
58 24 59 28 
58 29 59 34 
60 31 61 35 
27 77 32 78 
33 77 34 81 
30 79 30 90 
31 84 32 89 
33 88 33 98 
33 99 33 109 
34 109 35 114 
34 106 39 107 
34 115 35 119 
34 89 35 94 
35 95 35 105 
36 109 36 120 
37 119 40 121 
38 122 38 133 
39 122 39 132 
40 129 40 139 
41 139 41 150 
39 134 39 145 
40 146 40 156 
42 147 42 157 
43 151 43 161 
44 156 48 157 
47 158 47 169 
37 113 39 116 
37 109 40 111 
44 162 44 173 
45 169 45 179 
46 175 49 177 
50 175 51 180 
45 163 46 168 
50 181 51 185 
44 174 44 185 
45 182 45 192 
46 188 48 191 
48 192 58 192 
49 193 58 193 
59 193 59 204 
49 189 59 189 
60 199 61 204 
62 201 63 206 
46 183 47 187 
52 178 56 179 
56 180 56 188 
54 194 58 195 
56 196 58 198 
57 199 58 203 
52 184 55 185 
45 180 48 181 
48 186 53 187 
64 201 64 211 
46 171 49 173 
50 171 53 172 
48 165 49 170 
73 122 73 132 
73 133 75 136 
93 127 94 132 
16 33 16 44 
17 43 17 53 
18 54 19 59 
19 60 20 65 
110 36 115 37 
111 38 116 39 
101 147 105 148 
151 219 151 229 
152 226 155 228 
153 229 155 231 
152 223 154 225 
145 245 147 247 
148 246 150 249 
151 248 156 249 
100 23 104 24 
79 187 80 191 
74 97 78 98 
158 249 165 249 
151 193 151 203 
145 179 147 181 
167 113 170 115 
168 116 176 116 
171 114 176 115 
71 63 76 64 
79 13 82 14 
84 39 87 41 
104 221 114 221 
113 222 115 225 
104 222 112 222 
148 192 148 200 
63 74 68 75 
66 76 68 78 
125 60 129 61 
130 62 132 65 
174 158 176 160 
147 92 151 93 
103 180 105 182 
197 123 197 131 
88 14 93 15 
179 164 189 164 
186 165 188 167 
180 165 185 166 
139 203 140 207 
139 208 140 212 
142 189 143 193 
86 52 88 54 
88 55 89 59 
139 223 141 226 
122 211 133 211 
127 212 129 214 
130 212 133 214 
123 212 125 214 
174 204 176 207 
59 130 61 132 
133 93 134 98 
198 69 199 73 
149 139 151 141 
69 113 73 114 
129 87 139 87 
131 88 136 89 
66 179 67 184 
68 180 69 184 
70 182 71 187 
72 182 73 186 
70 180 73 181 
74 180 74 190 
75 183 76 187 
68 185 69 189 
75 188 76 191 
90 177 97 177 
146 187 148 189 
149 158 153 159 
154 160 157 162 
158 163 160 165 
151 160 153 162 
158 160 161 162 
66 134 66 141 
119 234 120 237 
161 243 168 243 
141 136 142 139 
178 39 180 41 
181 39 188 39 
184 40 186 43 
179 42 180 47 
179 48 188 48 
181 45 191 45 
185 46 189 47 
190 48 193 49 
190 46 194 47 
187 40 189 43 
190 42 193 44 
58 112 60 114 
180 116 182 118 
134 28 138 29 
139 29 149 29 
148 30 157 30 
154 31 164 31 
165 31 170 32 
167 33 170 34 
146 222 149 224 
114 232 117 234 
98 61 100 64 
101 61 101 71 
102 71 106 72 
107 73 111 74 
107 75 116 75 
100 65 100 72 
99 119 101 121 
124 133 124 140 
152 134 154 137 
155 134 155 144 
156 136 158 138 
158 139 158 148 
190 242 191 246 
192 243 194 246 
51 6 61 6 
177 143 185 143 
112 236 112 247 
40 157 40 168 
41 168 42 173 
43 168 43 179 
41 174 42 179 
40 169 40 180 
41 162 43 164 
43 180 43 190 
44 187 44 197 
45 194 49 195 
48 196 49 201 
50 197 55 198 
50 201 55 202 
52 203 53 207 
54 204 55 209 
56 206 61 207 
55 210 63 210 
60 211 60 222 
61 218 64 220 
61 223 66 224 
63 225 65 228 
61 215 64 217 
61 221 64 222 
58 208 63 209 
48 202 48 212 
49 213 54 214 
52 215 59 215 
53 216 56 218 
57 219 59 222 
49 204 51 206 
50 207 51 212 
57 223 58 228 
59 224 60 229 
61 229 62 233 
60 230 60 240 
61 241 72 241 
63 242 66 244 
61 242 62 247 
61 248 69 248 
62 249 69 249 
73 242 76 243 
72 242 72 249 
75 244 80 245 
81 245 82 248 
61 240 71 240 
75 246 78 248 
62 234 65 235 
65 236 68 238 
52 208 53 211 
54 211 58 212 
73 244 74 249 
63 229 64 232 
52 199 56 200 
68 242 70 245 
140 229 141 234 
72 48 75 50 
76 50 76 61 
74 51 74 61 
99 106 101 108 
99 109 102 111 
136 114 141 115 
76 113 76 122 
155 84 156 89 
162 177 164 179 
164 180 175 180 
173 181 177 182 
178 181 178 190 
43 60 44 64 
43 65 44 68 
158 174 162 175 
111 217 116 218 
160 99 163 101 
7 11 7 22 
8 19 10 22 
8 23 13 24 
7 23 7 33 
8 28 12 29 
8 32 10 34 
11 32 14 34 
14 35 14 46 
14 47 15 52 
16 52 16 63 
17 55 17 66 
18 66 20 69 
16 64 16 74 
17 73 17 84 
18 73 18 84 
19 76 21 78 
21 79 23 81 
19 79 19 89 
20 81 20 91 
24 80 26 82 
23 82 23 92 
24 93 27 94 
24 89 27 91 
28 91 31 93 
29 94 32 96 
31 97 32 102 
28 94 28 105 
29 98 29 108 
30 102 30 112 
31 111 33 113 
32 114 33 119 
34 120 35 124 
24 85 28 86 
24 87 29 88 
11 35 13 37 
17 85 17 96 
18 91 18 101 
19 92 19 103 
17 97 17 108 
18 104 27 104 
22 105 25 107 
24 108 25 113 
22 108 23 112 
18 107 19 112 
20 109 21 114 
22 113 23 117 
10 35 10 45 
11 45 11 55 
12 50 13 54 
13 55 13 65 
14 62 14 73 
15 62 15 73 
13 66 13 76 
21 85 22 89 
31 103 32 108 
27 105 27 115 
28 106 28 117 
29 114 29 124 
30 118 30 129 
31 124 33 126 
31 127 32 132 
33 133 36 135 
31 133 31 143 
32 141 35 143 
30 130 30 141 
32 144 34 146 
32 147 33 152 
34 151 38 152 
39 151 39 162 
34 126 36 128 
37 129 37 140 
38 139 38 150 
37 141 37 149 
31 144 31 155 
32 153 35 155 
36 154 37 158 
35 156 35 166 
36 166 37 170 
38 169 38 180 
39 179 39 190 
40 187 42 190 
36 159 37 164 
38 160 38 168 
39 165 39 175 
31 156 34 158 
36 171 36 181 
37 174 37 185 
38 185 38 195 
39 193 41 196 
42 195 43 200 
33 159 33 170 
34 160 34 171 
41 197 41 207 
42 206 42 217 
43 211 47 212 
46 213 48 215 
46 216 49 218 
50 216 50 227 
47 219 47 230 
48 228 53 229 
47 231 48 236 
48 237 50 240 
49 232 59 232 
49 234 53 235 
53 236 56 238 
43 213 44 217 
45 218 45 228 
48 222 49 227 
42 204 47 205 
45 206 47 209 
46 224 46 235 
45 229 45 240 
46 237 46 248 
43 218 43 229 
44 228 44 239 
35 171 35 182 
36 182 36 193 
37 193 37 204 
36 194 36 204 
38 204 40 206 
38 199 40 202 
44 198 47 200 
10 46 10 56 
11 56 11 66 
10 57 10 68 
10 69 10 80 
11 80 16 81 
11 75 12 79 
12 82 13 87 
11 69 12 73 
15 82 15 92 
16 93 16 104 
12 57 12 68 
10 81 10 91 
11 86 11 97 
12 92 14 95 
13 96 13 107 
14 98 15 103 
12 96 12 107 
12 108 13 113 
14 114 19 115 
15 116 17 118 
12 88 14 91 
11 98 11 109 
14 105 16 108 
11 38 13 41 
12 42 13 47 
26 112 26 123 
27 122 27 132 
27 133 27 143 
28 141 29 146 
30 143 30 153 
26 124 26 135 
28 131 29 136 
44 240 44 248 
175 208 175 215 
109 188 114 189 
93 198 96 199 
94 200 94 211 
95 212 97 215 
96 200 96 210 
95 200 95 210 
190 183 193 185 
77 153 80 155 
60 11 64 12 
78 8 86 8 
176 67 178 70 
104 157 107 158 
68 197 73 198 
42 218 42 228 
124 221 133 221 
134 221 135 225 
136 223 136 234 
28 55 32 56 
82 121 87 122 
53 180 54 183 
118 115 119 120 
177 165 179 167 
103 153 108 154 
69 236 72 238 
159 81 159 91 
160 83 161 87 
160 89 165 90 
69 219 69 227 
178 38 187 38 
112 32 116 33 
113 34 116 35 
43 56 44 59 
96 238 97 241 
153 146 156 147 
25 95 27 98 
25 99 26 103 
198 216 199 220 
78 61 81 63 
188 61 189 65 
60 54 62 56 
134 213 136 215 
95 53 98 55 
72 72 72 80 
73 76 75 79 
75 80 77 83 
133 63 135 65 
170 63 179 63 
104 93 105 97 
34 10 37 11 
98 76 99 81 
114 23 115 27 
33 30 34 33 
97 221 102 222 
69 139 71 141 
167 81 170 83 
48 117 50 120 
137 65 139 67 
35 146 36 150 
166 60 169 62 
101 235 106 236 
102 130 105 131 
42 47 46 48 
70 122 72 125 
137 166 137 173 
147 146 151 147 
152 148 157 149 
75 52 75 62 
137 88 139 90 
172 68 175 70 
146 97 147 102 
111 199 111 207 
32 159 32 169 
115 90 116 95 
120 180 124 181 
34 172 34 182 
159 154 161 157 
162 156 162 166 
187 133 189 135 
189 136 190 140 
115 136 117 138 
133 188 136 189 
8 26 11 27 
154 101 156 104 
12 114 12 125 
13 121 23 121 
13 125 21 125 
20 126 21 131 
16 126 19 128 
19 129 19 139 
20 134 21 139 
21 132 25 133 
22 134 24 137 
25 135 25 146 
25 147 27 150 
28 149 29 154 
30 154 30 165 
30 166 31 170 
30 171 31 175 
32 172 32 183 
33 174 33 184 
29 155 29 166 
29 167 29 177 
33 185 34 189 
35 188 35 199 
15 122 19 123 
20 122 23 124 
17 129 18 133 
17 134 18 139 
19 140 20 145 
21 145 24 147 
21 141 23 143 
17 140 18 144 
68 171 72 172 
73 171 77 172 
129 153 131 155 
111 212 116 213 
146 45 150 46 
100 49 101 53 
7 34 7 45 
8 41 9 46 
9 47 9 57 
72 165 75 166 
8 11 8 18 
24 77 26 79 
27 79 28 83 
6 6 6 17 
20 98 24 99 
20 100 21 103 
24 23 33 23 
25 24 30 25 
31 24 36 25 
26 26 37 26 
63 245 65 247 
102 242 106 243 
184 111 188 112 
130 94 132 97 
5 6 5 17 
84 174 85 178 
146 209 149 211 
57 120 60 121 
51 218 52 222 
53 222 56 223 
54 224 55 229 
56 224 56 231 
20 95 22 97 
91 110 94 112 
95 112 102 112 
26 136 26 146 
74 224 75 227 
17 24 21 25 
153 198 157 199 
155 200 160 201 
70 84 73 85 
152 138 154 141 
116 54 116 61 
40 207 40 218 
41 214 41 224 
19 146 20 150 
21 149 23 151 
23 152 24 157 
25 157 28 159 
25 160 28 162 
21 152 22 157 
21 158 23 161 
24 162 24 172 
25 166 28 167 
28 168 28 178 
27 168 27 178 
25 152 27 155 
25 163 28 165 
28 179 31 181 
28 182 28 192 
29 188 31 190 
29 184 30 187 
25 173 26 177 
25 178 26 183 
27 181 27 191 
27 192 27 202 
28 200 31 202 
28 203 29 208 
30 206 31 211 
32 200 32 211 
33 210 37 211 
34 212 37 213 
33 201 34 206 
35 206 37 209 
29 209 29 220 
30 220 31 224 
30 217 33 219 
31 225 34 226 
28 197 33 198 
27 203 27 213 
37 214 37 225 
38 224 40 227 
38 228 40 231 
41 232 41 243 
38 217 39 221 
42 240 43 245 
34 218 36 220 
28 193 31 195 
32 193 34 196 
32 227 33 232 
34 228 37 229 
37 230 37 240 
38 235 38 246 
39 241 40 246 
31 212 33 215 
34 215 36 217 
38 210 39 215 
38 232 40 234 
39 235 40 239 
28 210 28 220 
29 221 29 231 
30 229 31 234 
32 235 35 237 
35 238 35 248 
36 240 36 248 
36 249 46 249 
100 161 100 169 
174 183 176 186 
165 198 166 202 
167 201 171 202 
198 172 199 176 
1 8 4 10 
3 11 3 21 
4 12 4 22 
5 19 5 30 
6 20 6 31 
3 22 3 33 
5 31 5 41 
6 38 6 48 
4 30 4 41 
6 49 6 60 
7 46 7 57 
8 56 8 66 
8 48 8 55 
9 65 9 76 
8 67 8 78 
8 79 8 90 
9 79 9 89 
8 91 8 101 
9 92 10 97 
9 100 9 111 
9 112 10 116 
10 102 10 111 
11 110 11 120 
99 34 107 34 
103 35 107 36 
50 126 52 129 
123 68 126 70 
127 68 132 69 
128 70 138 70 
129 53 134 54 
134 55 134 62 
132 55 133 60 
6 61 6 72 
7 73 7 83 
7 62 7 72 
31 57 35 58 
43 121 44 125 
125 58 130 59 
104 149 107 150 
106 151 109 152 
103 42 105 45 
45 28 46 32 
57 238 58 243 
59 241 59 248 
50 169 54 170 
86 222 88 225 
167 147 170 148 
146 182 147 186 
36 103 40 104 
106 97 109 99 
108 65 112 66 
113 65 114 68 
112 184 114 186 
14 74 15 78 
107 84 112 85 
104 14 112 14 
108 15 118 15 
119 15 120 19 
121 18 131 18 
132 18 142 18 
129 19 138 19 
135 20 145 20 
143 21 146 23 
146 20 156 20 
147 22 150 24 
157 20 157 29 
151 23 154 24 
143 18 154 18 
147 19 157 19 
140 21 141 26 
123 19 127 20 
142 27 146 28 
155 18 166 18 
167 19 176 19 
177 19 178 24 
179 19 188 19 
189 20 196 20 
179 23 180 28 
196 21 199 23 
142 25 152 25 
145 26 155 26 
152 27 155 29 
181 24 182 28 
171 20 173 23 
174 23 174 33 
175 26 178 27 
174 20 176 22 
175 28 177 30 
178 31 179 35 
180 31 189 31 
184 32 193 32 
192 33 193 38 
194 39 197 41 
197 42 199 44 
197 45 199 48 
176 31 177 36 
170 20 170 30 
121 16 132 16 
158 30 165 30 
187 33 190 34 
181 23 191 23 
190 24 191 29 
192 29 195 31 
192 26 194 28 
195 32 198 34 
190 21 195 22 
192 23 195 25 
195 26 198 28 
158 20 161 22 
162 21 164 23 
165 23 169 24 
179 20 184 21 
199 32 199 40 
113 14 123 14 
121 15 132 15 
166 25 169 27 
195 42 196 47 
171 27 172 32 
173 28 173 35 
133 16 141 16 
142 17 151 17 
142 16 151 16 
166 85 168 87 
169 88 170 92 
24 114 25 118 
67 49 71 50 
51 190 56 191 
1 13 2 17 
2 18 2 29 
96 159 96 169 
163 147 164 152 
16 119 21 120 
47 248 58 248 
52 249 60 249 
159 116 161 118 
167 18 176 18 
149 154 158 154 
155 155 158 157 
106 137 108 140 
182 75 184 78 
63 233 70 233 
15 27 16 30 
17 29 17 39 
137 180 137 189 
138 180 138 190 
147 21 156 21 
127 170 130 172 
32 233 36 234 
190 159 190 170 
148 32 149 35 
124 200 125 204 
114 29 123 29 
124 30 125 33 
122 30 123 34 
153 72 155 74 
135 21 136 26 
137 24 138 27 
108 61 110 64 
111 62 113 64 
22 138 24 140 
102 12 113 12 
114 13 123 13 
191 66 192 71 
198 158 199 161 
61 151 64 153 
63 154 68 155 
69 156 71 159 
63 156 68 157 
63 158 68 159 
131 219 136 220 
50 137 51 142 
52 137 53 142 
50 143 53 145 
192 128 193 132 
102 102 106 103 
164 206 168 207 
54 234 59 235 
194 56 197 58 
197 59 199 61 
21 91 22 94 
101 141 102 145 
32 223 36 224 
123 92 126 94 
134 74 141 74 
61 43 61 50 
127 107 128 112 
183 242 185 245 
62 45 63 50 
77 180 77 191 
51 5 61 5 
70 223 71 227 
152 110 159 110 
100 210 103 212 
53 219 56 221 
51 236 51 247 
52 241 56 242 
52 245 57 246 
122 151 123 156 
39 43 40 47 
57 150 59 153 
119 38 122 40 
127 51 134 51 
97 142 99 145 
47 48 55 48 
7 84 7 95 
111 249 120 249 
24 173 24 183 
24 184 25 188 
26 185 26 196 
26 197 26 207 
24 189 24 200 
25 199 25 210 
26 210 26 221 
27 215 27 225 
26 222 26 233 
27 234 28 239 
29 239 32 241 
30 242 33 244 
27 240 28 245 
29 246 34 247 
30 248 34 249 
27 229 28 233 
29 236 31 238 
94 175 97 176 
51 130 56 131 
55 132 58 133 
152 37 161 37 
104 224 106 227 
87 132 89 135 
177 50 179 52 
180 51 182 53 
28 38 31 39 
167 93 174 93 
162 61 164 64 
141 100 141 107 
127 141 132 142 
122 239 124 241 
184 157 187 159 
169 104 171 107 
172 104 173 109 
173 110 175 113 
88 40 95 40 
92 41 95 42 
111 99 115 100 
111 101 120 101 
188 203 190 205 
189 128 190 132 
165 21 169 22 
183 25 184 30 
185 25 186 30 
187 26 189 28 
117 210 118 213 
137 127 137 135 
148 77 157 77 
65 153 72 153 
137 93 139 95 
137 96 138 100 
41 154 41 161 
144 57 146 60 
105 219 116 219 
109 220 116 220 
29 10 33 11 
22 128 23 131 
24 128 25 131 
166 129 167 133 
120 221 121 225 
152 16 161 16 
159 17 167 17 
171 52 171 62 
170 132 174 133 
19 11 28 11 
162 135 163 139 
176 125 179 127 
42 201 45 203 
54 33 57 35 
193 91 197 92 
193 187 194 192 
153 243 154 247 
118 103 123 104 
124 13 135 13 
130 14 141 14 
136 13 146 13 
145 14 156 14 
147 15 157 15 
113 159 115 161 
114 162 117 164 
130 238 132 240 
68 162 69 166 
161 237 163 239 
178 208 181 209 
152 142 154 144 
95 56 98 57 
96 67 99 68 
79 226 80 231 
143 68 151 68 
121 48 122 52 
108 93 109 96 
85 226 88 228 
24 21 35 21 
40 182 42 185 
145 176 147 178 
96 40 98 43 
110 48 111 52 
67 99 67 109 
67 110 71 111 
173 79 173 86 
147 13 156 13 
157 13 162 14 
34 129 36 132 
153 121 153 129 
157 53 158 57 
159 57 164 58 
2 30 2 40 
3 34 3 45 
4 45 5 49 
4 50 4 61 
5 54 5 64 
4 62 4 73 
5 73 6 77 
5 65 5 72 
6 78 6 89 
2 41 2 51 
3 51 3 62 
159 15 167 15 
164 16 174 16 
175 16 185 16 
177 17 182 18 
183 18 194 18 
32 62 34 64 
88 171 89 176 
61 225 62 228 
49 44 52 45 
25 168 26 172 
157 167 158 172 
74 148 76 151 
152 220 154 222 
173 72 174 76 
127 82 136 82 
50 60 53 62 
54 62 55 67 
83 185 83 195 
154 41 157 43 
49 233 59 233 
80 128 82 131 
146 127 147 132 
32 49 33 54 
174 209 174 216 
126 31 127 34 
57 24 57 31 
172 60 175 62 
186 200 187 204 
14 110 16 113 
123 95 126 96 
86 212 88 215 
91 34 92 38 
68 134 72 135 
116 84 119 86 
10 117 10 128 
11 124 11 134 
12 135 16 136 
15 137 16 142 
12 137 14 140 
12 133 15 134 
121 90 122 95 
147 225 150 227 
71 60 73 62 
19 9 22 10 
147 62 148 66 
142 110 143 115 
69 194 73 195 
129 216 133 217 
75 7 85 7 
4 74 4 85 
5 79 5 90 
6 91 6 101 
7 100 7 111 
8 112 8 123 
9 121 9 131 
10 130 10 140 
10 141 11 146 
11 147 13 150 
14 150 17 152 
13 151 13 162 
14 155 19 156 
14 153 19 154 
20 157 20 167 
21 162 21 173 
22 171 22 181 
23 173 23 184 
22 164 23 169 
15 157 18 159 
19 158 19 169 
20 170 20 181 
21 175 21 186 
16 160 18 163 
22 182 22 192 
23 186 23 196 
10 147 10 158 
11 157 11 168 
12 168 14 170 
11 169 11 179 
11 180 14 181 
15 180 15 191 
14 182 14 192 
16 183 17 188 
16 191 20 192 
19 193 20 198 
15 192 15 203 
13 182 13 193 
12 182 12 192 
16 193 16 203 
17 203 17 214 
17 215 22 216 
20 217 24 218 
25 218 25 229 
18 213 22 214 
18 203 18 212 
19 208 22 210 
22 211 25 212 
21 198 21 207 
22 201 23 206 
24 201 24 210 
12 193 12 203 
13 201 13 211 
14 204 14 214 
15 210 16 214 
15 215 16 219 
17 218 17 228 
15 220 16 225 
13 196 14 199 
23 213 25 216 
12 177 15 178 
17 195 18 200 
12 166 16 167 
18 184 20 187 
12 164 15 165 
19 203 20 207 
15 204 16 208 
18 225 18 235 
19 229 21 232 
19 226 24 227 
20 233 25 234 
26 234 26 244 
24 235 24 246 
25 245 26 249 
20 235 20 245 
20 246 22 248 
21 237 23 240 
22 241 23 244 
12 175 16 176 
17 176 18 180 
18 222 22 223 
23 222 24 225 
12 171 14 174 
15 172 18 174 
19 172 19 183 
19 224 22 225 
17 166 18 171 
12 151 12 161 
14 147 17 149 
8 124 8 135 
9 132 9 143 
8 136 8 146 
9 147 9 158 
10 159 10 170 
12 145 16 146 
20 219 22 221 
18 217 19 221 
195 35 197 38 
61 238 64 239 
115 199 116 202 
69 88 79 88 
43 206 44 209 
61 211 63 214 
51 225 53 227 
183 202 183 211 
138 110 140 112 
138 248 142 249 
191 34 191 41 
120 185 121 188 
113 169 115 172 
107 244 108 247 
109 245 111 247 
93 108 98 109 
10 0 20 0 
105 143 106 146 
120 195 125 196 
76 69 76 79 
77 156 79 158 
148 98 149 102 
150 103 153 105 
150 100 153 102 
14 55 15 59 
132 101 139 101 
167 211 168 215 
49 148 51 150 
198 112 199 115 
188 96 195 96 
84 233 87 234 
82 156 83 160 
38 2 49 2 
50 2 55 3 
68 132 72 133 
65 230 69 231 
2 52 2 62 
2 63 3 68 
113 246 118 247 
45 68 46 71 
78 52 81 54 
155 22 156 25 
33 136 35 139 
125 44 128 46 
128 47 130 49 
16 189 21 190 
122 53 122 61 
146 103 149 105 
78 159 79 164 
165 106 167 109 
89 104 99 104 
61 133 61 143 
125 53 126 57 
127 56 130 57 
184 225 184 236 
38 10 41 11 
115 18 118 20 
96 122 96 131 
127 147 132 148 
186 17 197 17 
151 106 156 107 
87 9 94 9 
95 9 102 9 
103 9 110 9 
107 10 118 10 
111 11 122 11 
123 11 133 11 
134 12 145 12 
111 9 122 9 
122 10 133 10 
134 11 144 11 
145 11 153 11 
153 12 164 12 
154 11 165 11 
165 12 168 14 
169 12 177 12 
176 13 179 14 
171 13 174 15 
180 15 188 15 
180 13 189 13 
190 13 193 15 
194 14 199 15 
134 10 145 10 
146 10 155 10 
156 10 163 10 
186 16 196 16 
90 24 94 25 
139 39 141 41 
181 179 188 179 
100 38 104 39 
127 132 128 137 
162 81 162 88 
191 19 198 19 
89 43 89 53 
29 191 34 192 
159 54 162 56 
77 237 78 242 
52 243 56 244 
146 204 149 206 
66 246 69 247 
148 71 150 73 
12 9 14 12 
160 183 165 184 
184 33 186 35 
27 246 28 249 
69 170 78 170 
143 137 145 139 
188 113 189 118 
190 113 190 121 
161 39 162 43 
179 64 179 71 
11 182 11 193 
192 153 196 154 
75 249 85 249 
127 185 129 187 
18 19 28 19 
171 122 174 123 
156 209 161 210 
193 162 194 166 
67 86 68 89 
8 147 8 157 
8 158 8 168 
9 161 9 172 
10 172 10 182 
184 193 187 195 
134 184 136 187 
48 241 50 244 
59 71 59 79 
153 60 154 65 
170 172 173 174 
121 43 124 44 
96 77 97 82 
8 169 8 180 
9 181 9 191 
10 183 10 193 
10 194 11 199 
10 200 11 205 
12 206 12 217 
13 214 13 225 
14 226 15 231 
10 206 11 211 
10 212 11 217 
12 218 12 228 
11 218 11 228 
16 230 16 241 
10 218 10 228 
10 229 12 232 
13 232 14 236 
15 237 15 248 
12 233 12 243 
13 239 13 248 
14 249 23 249 
16 246 18 248 
11 233 11 244 
16 242 18 245 
17 237 19 240 
193 52 196 54 
22 100 24 103 
141 169 142 173 
51 24 51 32 
38 247 43 248 
25 57 27 60 
73 140 76 141 
97 201 97 210 
66 102 66 111 
70 229 71 232 
52 173 54 176 
137 15 146 15 
53 54 56 56 
137 152 139 154 
158 29 168 29 
163 224 167 225 
163 226 173 226 
155 239 155 247 
49 65 51 67 
140 129 144 130 
129 37 133 38 
107 143 108 148 
92 181 93 185 
28 53 31 54 
117 67 122 68 
123 9 132 9 
133 9 142 9 
190 62 192 65 
186 113 187 117 
130 28 132 30 
163 24 164 28 
149 94 151 96 
184 212 184 222 
50 194 53 196 
99 43 102 45 
177 141 182 142 
99 136 102 137 
151 116 151 124 
55 83 58 84 
72 27 72 35 
144 53 147 55 
127 62 128 66 
14 126 15 131 
85 200 87 202 
8 102 8 110 
94 63 96 65 
93 201 93 210 
139 19 146 19 
79 31 79 38 
126 238 129 239 
114 194 115 198 
155 65 159 66 
11 245 12 249 
165 211 166 214 
198 211 199 214 
186 241 188 243 
196 29 198 31 
151 155 154 157 
195 87 197 90 
180 36 185 37 
89 69 92 71 
95 162 95 170 
165 98 170 99 
181 32 183 34 
75 43 76 47 
168 72 172 73 
146 108 147 112 
81 18 82 21 
111 30 120 30 
152 121 152 129 
49 40 51 43 
96 92 98 95 
63 38 72 38 
132 228 133 233 
187 136 188 141 
158 19 166 19 
43 114 45 117 
166 151 170 152 
107 242 111 243 
159 172 164 173 
104 188 108 189 
7 112 7 123 
167 96 171 97 
120 197 124 198 
90 183 91 188 
41 65 42 69 
18 116 21 118 
24 122 25 126 
72 159 77 160 
42 232 43 237 
15 168 16 171 
28 50 31 51 
7 124 7 134 
199 24 199 31 
27 14 32 15 
80 132 82 134 
189 176 196 176 
91 155 95 156 
143 35 143 44 
160 23 161 28 
67 207 68 210 
114 42 115 47 
56 4 67 4 
67 5 77 5 
78 6 89 6 
89 7 100 7 
101 8 111 8 
78 5 86 5 
93 8 100 8 
112 8 121 8 
90 6 99 6 
100 6 108 6 
102 7 113 7 
114 7 125 7 
122 8 132 8 
87 5 97 5 
98 5 106 5 
107 5 118 5 
109 6 118 6 
119 5 126 5 
123 6 134 6 
131 7 141 7 
136 8 144 8 
144 9 155 9 
156 9 164 9 
165 9 173 9 
167 10 178 10 
179 11 189 11 
184 12 193 12 
174 9 183 9 
180 10 189 10 
142 7 151 7 
169 11 178 11 
184 9 194 9 
195 10 199 11 
191 10 194 11 
127 5 135 5 
136 5 141 6 
152 7 157 8 
158 8 169 8 
170 8 177 8 
158 7 169 7 
170 7 181 7 
179 8 189 8 
44 15 45 18 
90 172 91 176 
190 144 193 146 
177 74 179 77 
109 18 113 19 
100 214 103 216 
115 235 118 237 
50 109 53 110 
94 216 97 217 
53 45 55 47 
149 57 151 59 
145 232 147 235 
47 245 50 247 
163 53 164 56 
12 141 14 144 
106 42 108 44 
172 117 176 118 
114 165 118 166 
71 65 76 66 
58 86 58 95 
80 73 81 78 
153 34 158 35 
87 19 91 20 
111 60 114 61 
132 116 142 116 
180 108 183 109 
104 13 113 13 
165 103 168 104 
54 148 58 149 
13 116 14 120 
102 224 103 227 
182 172 186 173 
8 181 8 191 
8 192 9 196 
9 197 9 207 
8 197 8 208 
9 209 9 219 
8 209 8 219 
9 220 9 231 
9 232 9 242 
10 237 10 248 
110 141 114 142 
74 69 75 74 
31 121 33 123 
67 46 70 48 
48 162 50 164 
178 29 182 30 
118 41 127 41 
117 43 120 44 
117 45 124 45 
108 26 110 29 
131 76 135 77 
158 24 159 28 
90 95 93 97 
156 139 157 144 
28 27 37 27 
22 230 25 232 
185 20 188 21 
12 128 13 132 
61 154 62 158 
47 60 49 62 
53 118 54 123 
69 89 77 89 
154 53 155 57 
138 203 138 210 
103 83 103 90 
68 4 79 4 
80 4 91 4 
92 4 99 4 
100 4 110 4 
141 82 146 83 
134 171 136 174 
60 83 61 87 
186 61 187 65 
4 86 4 97 
5 98 5 109 
6 110 6 120 
4 98 4 109 
6 121 6 131 
6 132 6 143 
7 141 7 152 
7 153 7 163 
49 79 50 84 
132 122 132 132 
1 18 1 29 
1 30 1 40 
7 164 7 175 
35 41 36 44 
105 60 106 64 
49 230 54 231 
133 40 135 42 
7 176 7 186 
60 186 60 197 
77 33 78 36 
50 166 52 168 
117 204 118 208 
29 1 39 1 
40 1 49 1 
50 1 58 1 
59 1 62 3 
63 2 67 3 
68 3 78 3 
68 2 79 2 
80 2 84 3 
85 2 90 3 
91 2 96 3 
97 3 107 3 
108 3 118 3 
119 4 130 4 
111 4 118 4 
97 2 107 2 
108 2 119 2 
120 2 125 3 
126 3 136 3 
134 4 142 4 
137 3 148 3 
149 3 159 3 
159 4 164 5 
165 6 176 6 
165 4 169 5 
147 4 152 5 
152 6 159 6 
177 6 188 6 
186 7 196 7 
153 4 156 5 
143 4 146 6 
189 6 199 6 
197 7 199 9 
126 2 137 2 
138 2 149 2 
150 2 160 2 
161 3 170 3 
171 3 180 3 
178 4 182 5 
181 3 191 3 
187 4 192 5 
193 4 197 5 
161 2 171 2 
180 188 182 191 
5 110 5 121 
5 122 5 132 
5 133 5 144 
5 145 6 149 
6 150 6 161 
73 13 78 14 
180 130 182 132 
25 6 26 10 
5 150 5 160 
5 161 5 172 
6 163 6 173 
6 174 6 184 
164 192 169 193 
39 191 43 192 
50 10 55 11 
0 13 0 24 
0 25 0 35 
0 36 0 47 
1 45 1 55 
0 48 0 58 
1 59 1 69 
2 70 3 75 
3 76 3 87 
2 76 2 87 
2 88 3 92 
3 93 3 104 
3 105 3 116 
4 111 4 122 
3 117 3 128 
4 123 4 134 
4 135 4 145 
3 129 3 140 
3 141 3 151 
4 149 4 160 
2 93 2 104 
2 105 2 116 
126 200 127 205 
22 34 22 41 
164 42 166 44 
187 52 190 54 
5 173 5 184 
6 185 6 195 
7 195 7 206 
6 196 6 207 
7 207 7 218 
7 219 7 229 
7 230 8 235 
8 236 8 246 
7 236 7 246 
0 59 0 70 
0 71 1 76 
1 77 1 88 
1 89 1 99 
1 100 1 111 
0 77 0 88 
0 89 0 100 
0 101 0 112 
1 113 1 124 
2 121 2 131 
2 132 2 142 
2 143 2 154 
3 153 3 163 
2 155 2 166 
3 166 4 170 
3 171 3 182 
4 180 4 191 
5 190 5 200 
4 192 4 203 
5 202 5 212 
5 213 6 218 
5 219 5 230 
6 227 6 238 
6 239 6 249 
3 183 3 194 
5 231 5 242 
30 114 31 117 
155 116 155 123 
94 61 97 62 
87 217 91 218 
69 144 70 149 
63 97 63 107 
152 175 152 183 
41 124 41 135 
10 16 20 16 
156 224 156 232 
194 136 196 138 
33 84 35 87 
48 182 49 185 
4 204 4 214 
4 215 4 226 
0 113 0 124 
0 125 1 130 
1 131 1 141 
1 142 1 153 
1 154 1 165 
1 166 1 176 
1 177 2 181 
1 182 2 187 
2 167 2 176 
0 131 0 141 
0 142 0 153 
0 154 0 165 
0 166 0 176 
0 177 0 187 
0 188 1 193 
2 194 2 205 
3 203 3 214 
2 206 2 216 
2 217 3 222 
3 223 3 234 
4 232 4 242 
4 243 5 248 
3 235 3 245 
0 194 0 205 
1 199 1 210 
0 206 0 217 
1 218 1 228 
1 229 1 239 
2 230 2 240 
0 218 0 229 
0 230 0 241 
1 242 2 246 
0 242 0 249 
14 239 14 247 
96 233 97 237 
172 2 183 2 
31 184 32 187 
37 21 38 25 
63 1 73 1 
74 1 84 1 
85 1 94 1 
95 1 103 1 
104 1 114 1 
134 200 141 200 
46 39 46 46 
172 194 175 196 
175 39 176 43 
37 87 38 90 
